Started GET "/" for ::1 at 2022-12-19 17:33:32 +0700
Started GET "/" for ::1 at 2022-12-19 17:33:32 +0700
  [1m[35m (5.6ms)[0m  [1m[34mSELECT sqlite_version(*)[0m
Processing by Rails::WelcomeController#index as HTML
Processing by Rails::WelcomeController#index as HTML
  Rendering /home/johnny/.rvm/gems/ruby-3.1.2/gems/railties-6.1.7/lib/rails/templates/rails/welcome/index.html.erb
  Rendering /home/johnny/.rvm/gems/ruby-3.1.2/gems/railties-6.1.7/lib/rails/templates/rails/welcome/index.html.erb
  Rendered /home/johnny/.rvm/gems/ruby-3.1.2/gems/railties-6.1.7/lib/rails/templates/rails/welcome/index.html.erb (Duration: 16.3ms | Allocations: 592)
  Rendered /home/johnny/.rvm/gems/ruby-3.1.2/gems/railties-6.1.7/lib/rails/templates/rails/welcome/index.html.erb (Duration: 15.8ms | Allocations: 536)
Completed 200 OK in 94ms (Views: 28.4ms | ActiveRecord: 0.0ms | Allocations: 4648)


Completed 200 OK in 96ms (Views: 27.4ms | ActiveRecord: 0.0ms | Allocations: 4904)


Started GET "/" for ::1 at 2022-12-19 17:33:39 +0700
Processing by Rails::WelcomeController#index as HTML
  Rendering /home/johnny/.rvm/gems/ruby-3.1.2/gems/railties-6.1.7/lib/rails/templates/rails/welcome/index.html.erb
  Rendered /home/johnny/.rvm/gems/ruby-3.1.2/gems/railties-6.1.7/lib/rails/templates/rails/welcome/index.html.erb (Duration: 11.1ms | Allocations: 265)
Completed 200 OK in 26ms (Views: 14.3ms | ActiveRecord: 0.0ms | Allocations: 1109)


Started GET "/home" for ::1 at 2022-12-19 17:35:52 +0700
  
ActionController::RoutingError (No route matches [GET] "/home"):
  
Started GET "/home/index" for ::1 at 2022-12-19 17:36:01 +0700
Processing by HomeController#index as HTML
  Rendering layout layouts/application.html.erb
  Rendering home/index.html.erb within layouts/application
  Rendered home/index.html.erb within layouts/application (Duration: 1.6ms | Allocations: 153)
[Webpacker] Compiling...
[Webpacker] Compiled all packs in /home/johnny/Documents/Rails/JSRail/public/packs
[Webpacker] Hash: 804a8059a304061a3e74
Version: webpack 4.46.0
Time: 8335ms
Built at: 12/19/2022 5:36:17 PM
                                     Asset       Size       Chunks                         Chunk Names
    js/application-271cf8931bb708d2d8bb.js    121 KiB  application  [emitted] [immutable]  application
js/application-271cf8931bb708d2d8bb.js.map    133 KiB  application  [emitted] [dev]        application
                             manifest.json  364 bytes               [emitted]              
Entrypoint application = js/application-271cf8931bb708d2d8bb.js js/application-271cf8931bb708d2d8bb.js.map
[./app/javascript/channels sync recursive _channel\.js$] ./app/javascript/channels sync _channel\.js$ 160 bytes {application} [built]
[./app/javascript/channels/index.js] 211 bytes {application} [built]
[./app/javascript/packs/application.js] 493 bytes {application} [built]
    + 3 hidden modules

  Rendered layout layouts/application.html.erb (Duration: 18776.9ms | Allocations: 33234)
Completed 200 OK in 18808ms (Views: 18793.7ms | ActiveRecord: 0.0ms | Allocations: 34634)


Started GET "/home/index" for ::1 at 2022-12-19 17:36:34 +0700
Processing by HomeController#index as HTML
  Rendering layout layouts/application.html.erb
  Rendering home/index.html.erb within layouts/application
  Rendered home/index.html.erb within layouts/application (Duration: 0.1ms | Allocations: 43)
[Webpacker] Everything's up-to-date. Nothing to do
  Rendered layout layouts/application.html.erb (Duration: 40.2ms | Allocations: 3137)
Completed 200 OK in 59ms (Views: 40.9ms | ActiveRecord: 0.0ms | Allocations: 3659)


Started GET "/home/index" for ::1 at 2022-12-19 17:36:39 +0700
Processing by HomeController#index as HTML
  Rendering layout layouts/application.html.erb
  Rendering home/index.html.erb within layouts/application
  Rendered home/index.html.erb within layouts/application (Duration: 0.1ms | Allocations: 38)
[Webpacker] Everything's up-to-date. Nothing to do
  Rendered layout layouts/application.html.erb (Duration: 22.3ms | Allocations: 2983)
Completed 200 OK in 26ms (Views: 22.8ms | ActiveRecord: 0.0ms | Allocations: 3366)


Started GET "/home/index" for ::1 at 2022-12-19 17:36:41 +0700
Processing by HomeController#index as HTML
  Rendering layout layouts/application.html.erb
  Rendering home/index.html.erb within layouts/application
  Rendered home/index.html.erb within layouts/application (Duration: 0.1ms | Allocations: 38)
[Webpacker] Everything's up-to-date. Nothing to do
  Rendered layout layouts/application.html.erb (Duration: 16.8ms | Allocations: 2981)
Completed 200 OK in 18ms (Views: 17.4ms | ActiveRecord: 0.0ms | Allocations: 3364)


Started GET "/home/index" for ::1 at 2022-12-19 17:36:50 +0700
Processing by HomeController#index as HTML
  Rendering layout layouts/application.html.erb
  Rendering home/index.html.erb within layouts/application
  Rendered home/index.html.erb within layouts/application (Duration: 0.1ms | Allocations: 38)
[Webpacker] Everything's up-to-date. Nothing to do
  Rendered layout layouts/application.html.erb (Duration: 98.3ms | Allocations: 2988)
Completed 200 OK in 108ms (Views: 98.9ms | ActiveRecord: 0.0ms | Allocations: 3377)


Started GET "/home/index" for ::1 at 2022-12-19 17:37:56 +0700
Processing by HomeController#index as HTML
  Rendering layout layouts/application.html.erb
  Rendering home/index.html.erb within layouts/application
  Rendered home/index.html.erb within layouts/application (Duration: 0.1ms | Allocations: 38)
[Webpacker] Everything's up-to-date. Nothing to do
  Rendered layout layouts/application.html.erb (Duration: 29.9ms | Allocations: 2982)
Completed 200 OK in 42ms (Views: 30.5ms | ActiveRecord: 0.0ms | Allocations: 3365)


Started GET "/home/index" for ::1 at 2022-12-19 17:39:18 +0700
Processing by HomeController#index as HTML
  Rendering layout layouts/application.html.erb
  Rendering home/index.html.erb within layouts/application
  Rendered home/index.html.erb within layouts/application (Duration: 1.1ms | Allocations: 157)
[Webpacker] Everything's up-to-date. Nothing to do
  Rendered layout layouts/application.html.erb (Duration: 41.8ms | Allocations: 3521)
Completed 200 OK in 51ms (Views: 46.5ms | ActiveRecord: 0.0ms | Allocations: 4800)


Started GET "/home/index" for ::1 at 2022-12-19 17:39:31 +0700
  [1m[35m (1.0ms)[0m  [1m[34mSELECT sqlite_version(*)[0m
Processing by HomeController#index as HTML
  Rendering layout layouts/application.html.erb
  Rendering home/index.html.erb within layouts/application
  Rendered home/index.html.erb within layouts/application (Duration: 1.3ms | Allocations: 345)
[Webpacker] Everything's up-to-date. Nothing to do
  Rendered layout layouts/application.html.erb (Duration: 68.9ms | Allocations: 10503)
Completed 200 OK in 89ms (Views: 73.2ms | ActiveRecord: 0.0ms | Allocations: 13771)


Started GET "/home/index" for ::1 at 2022-12-19 17:39:33 +0700
Processing by HomeController#index as HTML
  Rendering layout layouts/application.html.erb
  Rendering home/index.html.erb within layouts/application
  Rendered home/index.html.erb within layouts/application (Duration: 0.1ms | Allocations: 43)
[Webpacker] Everything's up-to-date. Nothing to do
  Rendered layout layouts/application.html.erb (Duration: 17.0ms | Allocations: 3137)
Completed 200 OK in 19ms (Views: 17.6ms | ActiveRecord: 0.0ms | Allocations: 3633)


Started GET "/home/index" for ::1 at 2022-12-19 17:41:54 +0700
Processing by HomeController#index as HTML
  Rendering layout layouts/application.html.erb
  Rendering home/index.html.erb within layouts/application
  Rendered home/index.html.erb within layouts/application (Duration: 0.3ms | Allocations: 38)
[Webpacker] Compiling...
[Webpacker] Compiled all packs in /home/johnny/Documents/Rails/JSRail/public/packs
[Webpacker] Hash: 804a8059a304061a3e74
Version: webpack 4.46.0
Time: 1253ms
Built at: 12/19/2022 5:41:58 PM
                                     Asset       Size       Chunks                         Chunk Names
    js/application-271cf8931bb708d2d8bb.js    121 KiB  application  [emitted] [immutable]  application
js/application-271cf8931bb708d2d8bb.js.map    133 KiB  application  [emitted] [dev]        application
                             manifest.json  364 bytes               [emitted]              
Entrypoint application = js/application-271cf8931bb708d2d8bb.js js/application-271cf8931bb708d2d8bb.js.map
[./app/javascript/channels sync recursive _channel\.js$] ./app/javascript/channels sync _channel\.js$ 160 bytes {application} [built]
[./app/javascript/channels/index.js] 211 bytes {application} [built]
[./app/javascript/packs/application.js] 493 bytes {application} [built]
    + 3 hidden modules

  Rendered layout layouts/application.html.erb (Duration: 4041.0ms | Allocations: 3909)
Completed 200 OK in 4053ms (Views: 4042.5ms | ActiveRecord: 0.0ms | Allocations: 4297)


Started GET "/home/index" for ::1 at 2022-12-19 17:42:12 +0700
Processing by HomeController#index as HTML
  Rendering layout layouts/application.html.erb
  Rendering home/index.html.erb within layouts/application
  Rendered home/index.html.erb within layouts/application (Duration: 1.0ms | Allocations: 158)
[Webpacker] Everything's up-to-date. Nothing to do
  Rendered layout layouts/application.html.erb (Duration: 76.8ms | Allocations: 3526)
Completed 200 OK in 104ms (Views: 93.8ms | ActiveRecord: 0.0ms | Allocations: 4802)


Started GET "/home/index" for ::1 at 2022-12-19 17:44:56 +0700
Processing by HomeController#index as HTML
  Rendering layout layouts/application.html.erb
  Rendering home/index.html.erb within layouts/application
  Rendered home/index.html.erb within layouts/application (Duration: 1.1ms | Allocations: 152)
[Webpacker] Everything's up-to-date. Nothing to do
  Rendered layout layouts/application.html.erb (Duration: 69.1ms | Allocations: 3518)
Completed 200 OK in 100ms (Views: 81.8ms | ActiveRecord: 0.0ms | Allocations: 4815)


Started GET "/home/index" for ::1 at 2022-12-19 17:47:32 +0700
Processing by HomeController#index as HTML
  Rendering layout layouts/application.html.erb
  Rendering home/index.html.erb within layouts/application
  Rendered home/index.html.erb within layouts/application (Duration: 0.1ms | Allocations: 38)
[Webpacker] Compiling...
Started GET "/home/index" for ::1 at 2022-12-19 17:47:36 +0700
Processing by HomeController#index as HTML
  Rendering layout layouts/application.html.erb
  Rendering home/index.html.erb within layouts/application
  Rendered home/index.html.erb within layouts/application (Duration: 0.1ms | Allocations: 38)
[Webpacker] Compiling...
Started GET "/home/index" for ::1 at 2022-12-19 17:52:24 +0700
Processing by HomeController#index as HTML
  Rendering layout layouts/application.html.erb
  Rendering home/index.html.erb within layouts/application
  Rendered home/index.html.erb within layouts/application (Duration: 0.6ms | Allocations: 38)
[Webpacker] Compiling...
[Webpacker] Compilation failed:
Hash: bb139ff167acdbfe460b
Version: webpack 4.46.0
Time: 281257ms
Built at: 12/19/2022 5:52:25 PM
                                     Asset       Size       Chunks                         Chunk Names
    js/application-f01eecd9f42d146e2265.js    121 KiB  application  [emitted] [immutable]  application
js/application-f01eecd9f42d146e2265.js.map    133 KiB  application  [emitted] [dev]        application
                             manifest.json  364 bytes               [emitted]              
Entrypoint application = js/application-f01eecd9f42d146e2265.js js/application-f01eecd9f42d146e2265.js.map
[./app/javascript/channels sync recursive _channel\.js$] ./app/javascript/channels sync _channel\.js$ 160 bytes {application} [built]
[./app/javascript/channels/index.js] 211 bytes {application} [built]
[./app/javascript/packs/application.js] 581 bytes {application} [built]
    + 3 hidden modules

ERROR in ./app/javascript/packs/application.js
Module not found: Error: Can't resolve '@hotwired/stimulus' in '/home/johnny/Documents/Rails/JSRail/app/javascript/packs'
 @ ./app/javascript/packs/application.js 5:0-49 6:18-29

  Rendered layout layouts/application.html.erb (Duration: 293308.4ms | Allocations: 14806)
Completed 200 OK in 293335ms (Views: 293309.1ms | Allocations: 15235)


[Webpacker] Compilation failed:
Hash: bb139ff167acdbfe460b
Version: webpack 4.46.0
Time: 1445ms
Built at: 12/19/2022 5:52:28 PM
                                     Asset       Size       Chunks                         Chunk Names
    js/application-f01eecd9f42d146e2265.js    121 KiB  application  [emitted] [immutable]  application
js/application-f01eecd9f42d146e2265.js.map    133 KiB  application  [emitted] [dev]        application
                             manifest.json  364 bytes               [emitted]              
Entrypoint application = js/application-f01eecd9f42d146e2265.js js/application-f01eecd9f42d146e2265.js.map
[./app/javascript/channels sync recursive _channel\.js$] ./app/javascript/channels sync _channel\.js$ 160 bytes {application} [built]
[./app/javascript/channels/index.js] 211 bytes {application} [built]
[./app/javascript/packs/application.js] 581 bytes {application} [built]
    + 3 hidden modules

ERROR in ./app/javascript/packs/application.js
Module not found: Error: Can't resolve '@hotwired/stimulus' in '/home/johnny/Documents/Rails/JSRail/app/javascript/packs'
 @ ./app/javascript/packs/application.js 5:0-49 6:18-29

  Rendered layout layouts/application.html.erb (Duration: 292055.8ms | Allocations: 11157)
Completed 200 OK in 292073ms (Views: 292056.7ms | Allocations: 11544)


[Webpacker] Compilation failed:
Hash: bb139ff167acdbfe460b
Version: webpack 4.46.0
Time: 1044ms
Built at: 12/19/2022 5:52:29 PM
                                     Asset       Size       Chunks                         Chunk Names
    js/application-f01eecd9f42d146e2265.js    121 KiB  application  [emitted] [immutable]  application
js/application-f01eecd9f42d146e2265.js.map    133 KiB  application  [emitted] [dev]        application
                             manifest.json  364 bytes               [emitted]              
Entrypoint application = js/application-f01eecd9f42d146e2265.js js/application-f01eecd9f42d146e2265.js.map
[./app/javascript/channels sync recursive _channel\.js$] ./app/javascript/channels sync _channel\.js$ 160 bytes {application} [built]
[./app/javascript/channels/index.js] 211 bytes {application} [built]
[./app/javascript/packs/application.js] 581 bytes {application} [built]
    + 3 hidden modules

ERROR in ./app/javascript/packs/application.js
Module not found: Error: Can't resolve '@hotwired/stimulus' in '/home/johnny/Documents/Rails/JSRail/app/javascript/packs'
 @ ./app/javascript/packs/application.js 5:0-49 6:18-29

  Rendered layout layouts/application.html.erb (Duration: 4467.6ms | Allocations: 7234)
Completed 200 OK in 4472ms (Views: 4468.7ms | Allocations: 7614)


Started GET "/home/index" for ::1 at 2022-12-19 18:04:54 +0700
Processing by HomeController#index as HTML
  Rendering layout layouts/application.html.erb
  Rendering home/index.html.erb within layouts/application
  Rendered home/index.html.erb within layouts/application (Duration: 0.2ms | Allocations: 38)
[Webpacker] Everything's up-to-date. Nothing to do
  Rendered layout layouts/application.html.erb (Duration: 30.0ms | Allocations: 2985)
Completed 200 OK in 34ms (Views: 30.9ms | Allocations: 3366)


Started GET "/home/index" for ::1 at 2022-12-19 18:05:20 +0700
Processing by HomeController#index as HTML
  Rendering layout layouts/application.html.erb
  Rendering home/index.html.erb within layouts/application
  Rendered home/index.html.erb within layouts/application (Duration: 0.2ms | Allocations: 38)
[Webpacker] Everything's up-to-date. Nothing to do
  Rendered layout layouts/application.html.erb (Duration: 8.5ms | Allocations: 2981)
Completed 200 OK in 10ms (Views: 9.4ms | Allocations: 3361)


Started GET "/home" for ::1 at 2022-12-19 18:05:24 +0700
  
ActionController::RoutingError (No route matches [GET] "/home"):
  
Started GET "/home/index" for ::1 at 2022-12-19 18:05:34 +0700
Processing by HomeController#index as HTML
  Rendering layout layouts/application.html.erb
  Rendering home/index.html.erb within layouts/application
  Rendered home/index.html.erb within layouts/application (Duration: 0.1ms | Allocations: 38)
[Webpacker] Everything's up-to-date. Nothing to do
  Rendered layout layouts/application.html.erb (Duration: 6.2ms | Allocations: 3125)
Completed 200 OK in 8ms (Views: 7.0ms | Allocations: 3587)


Started GET "/home/index" for ::1 at 2022-12-19 21:03:59 +0700
Processing by HomeController#index as HTML
  Rendering layout layouts/application.html.erb
  Rendering home/index.html.erb within layouts/application
  Rendered home/index.html.erb within layouts/application (Duration: 0.1ms | Allocations: 38)
[Webpacker] Everything's up-to-date. Nothing to do
  Rendered layout layouts/application.html.erb (Duration: 34.5ms | Allocations: 2981)
Completed 200 OK in 38ms (Views: 35.3ms | Allocations: 3361)


Started GET "/" for ::1 at 2022-12-19 21:04:17 +0700
Processing by Rails::WelcomeController#index as HTML
  Rendering /home/johnny/.rvm/gems/ruby-3.1.2/gems/railties-6.1.7/lib/rails/templates/rails/welcome/index.html.erb
  Rendered /home/johnny/.rvm/gems/ruby-3.1.2/gems/railties-6.1.7/lib/rails/templates/rails/welcome/index.html.erb (Duration: 9.1ms | Allocations: 267)
Completed 200 OK in 13ms (Views: 10.3ms | Allocations: 1303)


Started GET "/home/index" for ::1 at 2022-12-19 22:30:41 +0700
Processing by HomeController#index as HTML
  Rendering layout layouts/application.html.erb
  Rendering home/index.html.erb within layouts/application
  Rendered home/index.html.erb within layouts/application (Duration: 0.9ms | Allocations: 155)
[Webpacker] Everything's up-to-date. Nothing to do
  Rendered layout layouts/application.html.erb (Duration: 25.1ms | Allocations: 3528)
Completed 200 OK in 41ms (Views: 36.0ms | Allocations: 4853)


Started GET "/" for ::1 at 2022-12-19 22:30:57 +0700
Processing by Rails::WelcomeController#index as HTML
  Rendering /home/johnny/.rvm/gems/ruby-3.1.2/gems/railties-6.1.7/lib/rails/templates/rails/welcome/index.html.erb
  Rendered /home/johnny/.rvm/gems/ruby-3.1.2/gems/railties-6.1.7/lib/rails/templates/rails/welcome/index.html.erb (Duration: 12.0ms | Allocations: 263)
Completed 200 OK in 16ms (Views: 13.4ms | Allocations: 1075)


Started GET "/home/index" for ::1 at 2022-12-19 22:33:53 +0700
Processing by HomeController#index as HTML
  Rendering layout layouts/application.html.erb
  Rendering home/index.html.erb within layouts/application
  Rendered home/index.html.erb within layouts/application (Duration: 0.1ms | Allocations: 38)
[Webpacker] Everything's up-to-date. Nothing to do
  Rendered layout layouts/application.html.erb (Duration: 6.4ms | Allocations: 3132)
Completed 200 OK in 8ms (Views: 7.0ms | Allocations: 3567)


Started GET "/home" for ::1 at 2022-12-19 22:33:59 +0700
  
ActionController::RoutingError (No route matches [GET] "/home"):
  
Started GET "/home/index" for ::1 at 2022-12-19 22:34:02 +0700
Processing by HomeController#index as HTML
  Rendering layout layouts/application.html.erb
  Rendering home/index.html.erb within layouts/application
  Rendered home/index.html.erb within layouts/application (Duration: 0.4ms | Allocations: 38)
[Webpacker] Everything's up-to-date. Nothing to do
  Rendered layout layouts/application.html.erb (Duration: 18.9ms | Allocations: 2982)
Completed 200 OK in 23ms (Views: 20.9ms | Allocations: 3362)


Started GET "/home/index" for ::1 at 2022-12-19 22:37:12 +0700
Processing by HomeController#index as HTML
  Rendering layout layouts/application.html.erb
  Rendering home/index.html.erb within layouts/application
  Rendered home/index.html.erb within layouts/application (Duration: 0.2ms | Allocations: 38)
[Webpacker] Compiling...
[Webpacker] Compilation failed:
Hash: 0243276842c8b514a4c3
Version: webpack 4.46.0
Time: 1131ms
Built at: 12/19/2022 10:37:16 PM
                                     Asset       Size       Chunks                         Chunk Names
    js/application-b4bc1715152629caeffb.js    121 KiB  application  [emitted] [immutable]  application
js/application-b4bc1715152629caeffb.js.map    133 KiB  application  [emitted] [dev]        application
                             manifest.json  364 bytes               [emitted]              
Entrypoint application = js/application-b4bc1715152629caeffb.js js/application-b4bc1715152629caeffb.js.map
[./app/javascript/channels sync recursive _channel\.js$] ./app/javascript/channels sync _channel\.js$ 160 bytes {application} [built]
[./app/javascript/channels/index.js] 211 bytes {application} [built]
[./app/javascript/packs/application.js] 580 bytes {application} [built]
    + 3 hidden modules

ERROR in ./app/javascript/packs/application.js
Module not found: Error: Can't resolve '@hotwired/stimulus' in '/home/johnny/Documents/Rails/JSRail/app/javascript/packs'
 @ ./app/javascript/packs/application.js 5:0-48

  Rendered layout layouts/application.html.erb (Duration: 3739.9ms | Allocations: 3762)
Completed 200 OK in 3742ms (Views: 3740.7ms | Allocations: 4142)


Started GET "/home/index" for ::1 at 2022-12-19 22:37:17 +0700
Processing by HomeController#index as HTML
  Rendering layout layouts/application.html.erb
  Rendering home/index.html.erb within layouts/application
  Rendered home/index.html.erb within layouts/application (Duration: 0.2ms | Allocations: 38)
[Webpacker] Everything's up-to-date. Nothing to do
  Rendered layout layouts/application.html.erb (Duration: 7.7ms | Allocations: 2981)
Completed 200 OK in 9ms (Views: 8.3ms | Allocations: 3361)


Started GET "/home/index" for ::1 at 2022-12-19 22:42:45 +0700
Processing by HomeController#index as HTML
  Rendering layout layouts/application.html.erb
  Rendering home/index.html.erb within layouts/application
  Rendered home/index.html.erb within layouts/application (Duration: 0.7ms | Allocations: 178)
[Webpacker] Compiling...
[Webpacker] Compilation failed:
Hash: 0243276842c8b514a4c3
Version: webpack 4.46.0
Time: 695ms
Built at: 12/19/2022 10:42:47 PM
                                     Asset       Size       Chunks                         Chunk Names
    js/application-b4bc1715152629caeffb.js    121 KiB  application  [emitted] [immutable]  application
js/application-b4bc1715152629caeffb.js.map    133 KiB  application  [emitted] [dev]        application
                             manifest.json  364 bytes               [emitted]              
Entrypoint application = js/application-b4bc1715152629caeffb.js js/application-b4bc1715152629caeffb.js.map
[./app/javascript/channels sync recursive _channel\.js$] ./app/javascript/channels sync _channel\.js$ 160 bytes {application} [built]
[./app/javascript/channels/index.js] 211 bytes {application} [built]
[./app/javascript/packs/application.js] 580 bytes {application} [built]
    + 3 hidden modules

ERROR in ./app/javascript/packs/application.js
Module not found: Error: Can't resolve '@hotwired/stimulus' in '/home/johnny/Documents/Rails/JSRail/app/javascript/packs'
 @ ./app/javascript/packs/application.js 5:0-48

  Rendered layout layouts/application.html.erb (Duration: 1956.6ms | Allocations: 4321)
Completed 200 OK in 1961ms (Views: 1959.5ms | Allocations: 5546)


Started GET "/home/index" for ::1 at 2022-12-20 08:28:06 +0700
  [1m[35m (0.9ms)[0m  [1m[34mSELECT sqlite_version(*)[0m
Processing by HomeController#index as HTML
  Rendering layout layouts/application.html.erb
  Rendering home/index.html.erb within layouts/application
  Rendered home/index.html.erb within layouts/application (Duration: 1.3ms | Allocations: 370)
[Webpacker] Compiling...
[Webpacker] Compilation failed:
Hash: 004d37f725332f75be4b
Version: webpack 4.46.0
Time: 554ms
Built at: 12/20/2022 8:28:08 AM
                                     Asset       Size       Chunks                         Chunk Names
    js/application-7a7196eb20ff661ad5f4.js   5.71 KiB  application  [emitted] [immutable]  application
js/application-7a7196eb20ff661ad5f4.js.map   4.25 KiB  application  [emitted] [dev]        application
                             manifest.json  364 bytes               [emitted]              
Entrypoint application = js/application-7a7196eb20ff661ad5f4.js js/application-7a7196eb20ff661ad5f4.js.map
[./app/javascript/controllers/index.js] 270 bytes {application} [built]
[./app/javascript/packs/application.js] 238 bytes {application} [built]

ERROR in ./app/javascript/packs/application.js
Module not found: Error: Can't resolve '@hotwired/stimulus' in '/home/johnny/Documents/Rails/JSRail/app/javascript/packs'
 @ ./app/javascript/packs/application.js 2:0-49 3:18-29

ERROR in ./app/javascript/controllers/index.js
Module not found: Error: Can't resolve '@hotwired/stimulus-loading' in '/home/johnny/Documents/Rails/JSRail/app/javascript/controllers'
 @ ./app/javascript/controllers/index.js 4:0-70 5:0-24
 @ ./app/javascript/packs/application.js

ERROR in ./app/javascript/controllers/index.js
Module not found: Error: Can't resolve 'controllers/application' in '/home/johnny/Documents/Rails/JSRail/app/javascript/controllers'
 @ ./app/javascript/controllers/index.js 1:0-54 5:40-51
 @ ./app/javascript/packs/application.js

  Rendered layout layouts/application.html.erb (Duration: 1833.6ms | Allocations: 11446)
Completed 200 OK in 1850ms (Views: 1837.4ms | ActiveRecord: 0.0ms | Allocations: 14714)


Started GET "/home/index" for ::1 at 2022-12-20 08:42:01 +0700
  [1m[35m (0.5ms)[0m  [1m[34mSELECT sqlite_version(*)[0m
Processing by HomeController#index as HTML
  Rendering layout layouts/application.html.erb
  Rendering home/index.html.erb within layouts/application
  Rendered home/index.html.erb within layouts/application (Duration: 0.9ms | Allocations: 363)
[Webpacker] Compiling...
[Webpacker] Compilation failed:
Hash: d89f783c40f094bebbfe
Version: webpack 4.46.0
Time: 534ms
Built at: 12/20/2022 8:42:03 AM
                                     Asset       Size       Chunks                         Chunk Names
    js/application-abc4710fcbc89e83f2e7.js   4.95 KiB  application  [emitted] [immutable]  application
js/application-abc4710fcbc89e83f2e7.js.map   3.95 KiB  application  [emitted] [dev]        application
                             manifest.json  364 bytes               [emitted]              
Entrypoint application = js/application-abc4710fcbc89e83f2e7.js js/application-abc4710fcbc89e83f2e7.js.map
[./app/javascript/packs/application.js] 318 bytes {application} [built]

ERROR in ./app/javascript/packs/application.js
Module not found: Error: Can't resolve './controllers/clipboard_controller' in '/home/johnny/Documents/Rails/JSRail/app/javascript/packs'
 @ ./app/javascript/packs/application.js 3:0-69 6:31-50

ERROR in ./app/javascript/packs/application.js
Module not found: Error: Can't resolve './controllers/hello_controller' in '/home/johnny/Documents/Rails/JSRail/app/javascript/packs'
 @ ./app/javascript/packs/application.js 2:0-61 5:27-42

ERROR in ./app/javascript/packs/application.js
Module not found: Error: Can't resolve '@hotwired/stimulus' in '/home/johnny/Documents/Rails/JSRail/app/javascript/packs'
 @ ./app/javascript/packs/application.js 1:0-49 4:18-29

  Rendered layout layouts/application.html.erb (Duration: 1918.4ms | Allocations: 11216)
Completed 200 OK in 1932ms (Views: 1922.2ms | ActiveRecord: 0.0ms | Allocations: 14484)


Started GET "/" for ::1 at 2022-12-20 10:01:22 +0700
  [1m[35m (0.5ms)[0m  [1m[34mSELECT sqlite_version(*)[0m
Processing by Rails::WelcomeController#index as HTML
  Rendering /home/johnny/.rvm/gems/ruby-3.1.2/gems/railties-6.1.7/lib/rails/templates/rails/welcome/index.html.erb
  Rendered /home/johnny/.rvm/gems/ruby-3.1.2/gems/railties-6.1.7/lib/rails/templates/rails/welcome/index.html.erb (Duration: 9.3ms | Allocations: 470)
Completed 200 OK in 39ms (Views: 26.3ms | ActiveRecord: 0.0ms | Allocations: 3341)


Started GET "/home/index" for ::1 at 2022-12-20 10:05:55 +0700
Processing by HomeController#index as HTML
  Rendering layout layouts/application.html.erb
  Rendering home/index.html.erb within layouts/application
  Rendered home/index.html.erb within layouts/application (Duration: 1.4ms | Allocations: 158)
  Rendered layout layouts/application.html.erb (Duration: 28.1ms | Allocations: 8938)
Completed 200 OK in 40ms (Views: 38.3ms | ActiveRecord: 0.0ms | Allocations: 10441)


Started GET "/home/index" for ::1 at 2022-12-20 10:06:23 +0700
Processing by HomeController#index as HTML
  Rendering layout layouts/application.html.erb
  Rendering home/index.html.erb within layouts/application
  Rendered home/index.html.erb within layouts/application (Duration: 0.2ms | Allocations: 43)
  Rendered layout layouts/application.html.erb (Duration: 6.2ms | Allocations: 1918)
Completed 200 OK in 8ms (Views: 6.9ms | ActiveRecord: 0.0ms | Allocations: 2405)


Started GET "/home/index" for ::1 at 2022-12-20 10:06:31 +0700
  [1m[35m (0.5ms)[0m  [1m[34mSELECT sqlite_version(*)[0m
Processing by HomeController#index as HTML
  Rendering layout layouts/application.html.erb
  Rendering home/index.html.erb within layouts/application
  Rendered home/index.html.erb within layouts/application (Duration: 1.0ms | Allocations: 348)
  Rendered layout layouts/application.html.erb (Duration: 39.8ms | Allocations: 8882)
Completed 200 OK in 56ms (Views: 42.9ms | ActiveRecord: 0.0ms | Allocations: 12150)


Started GET "/home/index" for ::1 at 2022-12-20 10:07:26 +0700
Processing by HomeController#index as HTML
  Rendering layout layouts/application.html.erb
  Rendering home/index.html.erb within layouts/application
  Rendered home/index.html.erb within layouts/application (Duration: 0.1ms | Allocations: 43)
  Rendered layout layouts/application.html.erb (Duration: 4.9ms | Allocations: 1920)
Completed 200 OK in 7ms (Views: 5.8ms | ActiveRecord: 0.0ms | Allocations: 2416)


Started GET "/home/index" for ::1 at 2022-12-20 13:27:19 +0700
Processing by HomeController#index as HTML
  Rendering layout layouts/application.html.erb
  Rendering home/index.html.erb within layouts/application
  Rendered home/index.html.erb within layouts/application (Duration: 0.9ms | Allocations: 156)
  Rendered layout layouts/application.html.erb (Duration: 5.8ms | Allocations: 2304)
Completed 200 OK in 10ms (Views: 8.1ms | Allocations: 3583)


Started GET "/home/index" for ::1 at 2022-12-20 13:37:53 +0700
Processing by HomeController#index as HTML
  Rendering layout layouts/application.html.erb
  Rendering home/index.html.erb within layouts/application
  Rendered home/index.html.erb within layouts/application (Duration: 0.2ms | Allocations: 38)
  Rendered layout layouts/application.html.erb (Duration: 5.3ms | Allocations: 1781)
Completed 200 OK in 7ms (Views: 6.2ms | Allocations: 2210)


Started GET "/" for ::1 at 2022-12-20 13:44:26 +0700
  [1m[35m (0.5ms)[0m  [1m[34mSELECT sqlite_version(*)[0m
Processing by Rails::WelcomeController#index as HTML
  Rendering /home/johnny/.rvm/gems/ruby-3.1.2/gems/railties-6.1.7/lib/rails/templates/rails/welcome/index.html.erb
  Rendered /home/johnny/.rvm/gems/ruby-3.1.2/gems/railties-6.1.7/lib/rails/templates/rails/welcome/index.html.erb (Duration: 9.4ms | Allocations: 470)
Completed 200 OK in 23ms (Views: 11.6ms | ActiveRecord: 0.0ms | Allocations: 3342)


Started GET "/home/index" for ::1 at 2022-12-20 13:44:30 +0700
Processing by HomeController#index as HTML
  Rendering layout layouts/application.html.erb
  Rendering home/index.html.erb within layouts/application
  Rendered home/index.html.erb within layouts/application (Duration: 1.1ms | Allocations: 158)
  Rendered layout layouts/application.html.erb (Duration: 27.6ms | Allocations: 8818)
Completed 200 OK in 32ms (Views: 30.1ms | ActiveRecord: 0.0ms | Allocations: 10322)


Started GET "/home/index" for ::1 at 2022-12-20 13:45:32 +0700
Processing by HomeController#index as HTML
  Rendering layout layouts/application.html.erb
  Rendering home/index.html.erb within layouts/application
  Rendered home/index.html.erb within layouts/application (Duration: 0.2ms | Allocations: 43)
  Rendered layout layouts/application.html.erb (Duration: 5.4ms | Allocations: 1918)
Completed 200 OK in 8ms (Views: 6.6ms | ActiveRecord: 0.0ms | Allocations: 2405)


Started GET "/home/index" for ::1 at 2022-12-20 13:45:34 +0700
Processing by HomeController#index as HTML
  Rendering layout layouts/application.html.erb
  Rendering home/index.html.erb within layouts/application
  Rendered home/index.html.erb within layouts/application (Duration: 0.1ms | Allocations: 38)
  Rendered layout layouts/application.html.erb (Duration: 4.5ms | Allocations: 1776)
Completed 200 OK in 6ms (Views: 5.5ms | ActiveRecord: 0.0ms | Allocations: 2168)


Started GET "/home/index" for ::1 at 2022-12-20 13:45:36 +0700
Processing by HomeController#index as HTML
  Rendering layout layouts/application.html.erb
  Rendering home/index.html.erb within layouts/application
  Rendered home/index.html.erb within layouts/application (Duration: 0.1ms | Allocations: 38)
  Rendered layout layouts/application.html.erb (Duration: 4.0ms | Allocations: 1773)
Completed 200 OK in 6ms (Views: 4.6ms | ActiveRecord: 0.0ms | Allocations: 2156)


Started GET "/home/index" for ::1 at 2022-12-20 13:45:37 +0700
Processing by HomeController#index as HTML
  Rendering layout layouts/application.html.erb
  Rendering home/index.html.erb within layouts/application
  Rendered home/index.html.erb within layouts/application (Duration: 0.1ms | Allocations: 38)
  Rendered layout layouts/application.html.erb (Duration: 4.5ms | Allocations: 1776)
Completed 200 OK in 6ms (Views: 5.1ms | ActiveRecord: 0.0ms | Allocations: 2164)


Started GET "/home/index" for ::1 at 2022-12-20 13:55:41 +0700
Processing by HomeController#index as HTML
  Rendering layout layouts/application.html.erb
  Rendering home/index.html.erb within layouts/application
  Rendered home/index.html.erb within layouts/application (Duration: 0.1ms | Allocations: 38)
  Rendered layout layouts/application.html.erb (Duration: 4.5ms | Allocations: 1774)
Completed 200 OK in 6ms (Views: 5.1ms | Allocations: 2156)


Started GET "/home/index" for ::1 at 2022-12-20 13:56:19 +0700
Processing by HomeController#index as HTML
  Rendering layout layouts/application.html.erb
  Rendering home/index.html.erb within layouts/application
  Rendered home/index.html.erb within layouts/application (Duration: 0.1ms | Allocations: 38)
  Rendered layout layouts/application.html.erb (Duration: 5.6ms | Allocations: 2565)
Completed 200 OK in 7ms (Views: 6.4ms | Allocations: 2946)


Started GET "/home/index" for ::1 at 2022-12-20 13:58:06 +0700
  [1m[35m (0.5ms)[0m  [1m[34mSELECT sqlite_version(*)[0m
Processing by HomeController#index as HTML
  Rendering layout layouts/application.html.erb
  Rendering home/index.html.erb within layouts/application
  Rendered home/index.html.erb within layouts/application (Duration: 1.0ms | Allocations: 345)
  Rendered layout layouts/application.html.erb (Duration: 44.7ms | Allocations: 9264)
Completed 200 OK in 59ms (Views: 47.6ms | ActiveRecord: 0.0ms | Allocations: 12532)


Started GET "/home/index" for ::1 at 2022-12-20 13:58:06 +0700
Processing by HomeController#index as HTML
  Rendering layout layouts/application.html.erb
  Rendering home/index.html.erb within layouts/application
  Rendered home/index.html.erb within layouts/application (Duration: 0.2ms | Allocations: 41)
  Rendered layout layouts/application.html.erb (Duration: 6.6ms | Allocations: 1911)
Completed 200 OK in 9ms (Views: 7.6ms | ActiveRecord: 0.0ms | Allocations: 2398)


Started GET "/home/index" for ::1 at 2022-12-20 13:58:09 +0700
Processing by HomeController#index as HTML
  Rendering layout layouts/application.html.erb
  Rendering home/index.html.erb within layouts/application
  Rendered home/index.html.erb within layouts/application (Duration: 0.2ms | Allocations: 43)
  Rendered layout layouts/application.html.erb (Duration: 9.3ms | Allocations: 1920)
Completed 200 OK in 12ms (Views: 10.8ms | ActiveRecord: 0.0ms | Allocations: 2414)


Started GET "/home/index" for ::1 at 2022-12-20 13:58:40 +0700
Processing by HomeController#index as HTML
  Rendering layout layouts/application.html.erb
  Rendering home/index.html.erb within layouts/application
  Rendered home/index.html.erb within layouts/application (Duration: 0.2ms | Allocations: 38)
  Rendered layout layouts/application.html.erb (Duration: 47.8ms | Allocations: 1780)
Completed 200 OK in 49ms (Views: 48.5ms | ActiveRecord: 0.0ms | Allocations: 2168)


Started GET "/home/index" for ::1 at 2022-12-20 13:58:43 +0700
Processing by HomeController#index as HTML
  Rendering layout layouts/application.html.erb
  Rendering home/index.html.erb within layouts/application
  Rendered home/index.html.erb within layouts/application (Duration: 0.1ms | Allocations: 38)
  Rendered layout layouts/application.html.erb (Duration: 5.1ms | Allocations: 1773)
Completed 200 OK in 8ms (Views: 6.3ms | ActiveRecord: 0.0ms | Allocations: 2156)


Started GET "/home/index" for ::1 at 2022-12-20 13:58:44 +0700
Processing by HomeController#index as HTML
  Rendering layout layouts/application.html.erb
  Rendering home/index.html.erb within layouts/application
  Rendered home/index.html.erb within layouts/application (Duration: 0.4ms | Allocations: 38)
  Rendered layout layouts/application.html.erb (Duration: 5.3ms | Allocations: 1776)
Completed 200 OK in 7ms (Views: 5.9ms | ActiveRecord: 0.0ms | Allocations: 2164)


Started GET "/home/index" for ::1 at 2022-12-20 13:58:45 +0700
Processing by HomeController#index as HTML
  Rendering layout layouts/application.html.erb
  Rendering home/index.html.erb within layouts/application
  Rendered home/index.html.erb within layouts/application (Duration: 0.2ms | Allocations: 38)
  Rendered layout layouts/application.html.erb (Duration: 4.9ms | Allocations: 1773)
Completed 200 OK in 7ms (Views: 6.1ms | ActiveRecord: 0.0ms | Allocations: 2156)


Started GET "/home/index" for ::1 at 2022-12-20 13:58:46 +0700
Processing by HomeController#index as HTML
  Rendering layout layouts/application.html.erb
  Rendering home/index.html.erb within layouts/application
  Rendered home/index.html.erb within layouts/application (Duration: 0.2ms | Allocations: 38)
  Rendered layout layouts/application.html.erb (Duration: 5.4ms | Allocations: 1777)
Completed 200 OK in 7ms (Views: 6.2ms | ActiveRecord: 0.0ms | Allocations: 2166)


Started GET "/home/index" for ::1 at 2022-12-20 13:59:51 +0700
  [1m[35m (0.6ms)[0m  [1m[34mSELECT sqlite_version(*)[0m
Processing by HomeController#index as HTML
  Rendering layout layouts/application.html.erb
  Rendering home/index.html.erb within layouts/application
  Rendered home/index.html.erb within layouts/application (Duration: 1.4ms | Allocations: 345)
  Rendered layout layouts/application.html.erb (Duration: 44.7ms | Allocations: 9218)
Completed 200 OK in 59ms (Views: 48.3ms | ActiveRecord: 0.0ms | Allocations: 12486)


Started GET "/home/index" for ::1 at 2022-12-20 14:01:57 +0700
Processing by HomeController#index as HTML
  Rendering layout layouts/application.html.erb
  Rendering home/index.html.erb within layouts/application
  Rendered home/index.html.erb within layouts/application (Duration: 0.2ms | Allocations: 43)
  Rendered layout layouts/application.html.erb (Duration: 4.8ms | Allocations: 1917)
Completed 200 OK in 7ms (Views: 6.3ms | ActiveRecord: 0.0ms | Allocations: 2405)


Started GET "/home/index" for ::1 at 2022-12-20 14:01:57 +0700
Processing by HomeController#index as HTML
  Rendering layout layouts/application.html.erb
  Rendering home/index.html.erb within layouts/application
  Rendered home/index.html.erb within layouts/application (Duration: 0.2ms | Allocations: 38)
  Rendered layout layouts/application.html.erb (Duration: 4.3ms | Allocations: 1776)
Completed 200 OK in 10ms (Views: 8.6ms | ActiveRecord: 0.0ms | Allocations: 2167)


Started GET "/home/index" for ::1 at 2022-12-20 14:02:26 +0700
Processing by HomeController#index as HTML
  Rendering layout layouts/application.html.erb
  Rendering home/index.html.erb within layouts/application
  Rendered home/index.html.erb within layouts/application (Duration: 0.3ms | Allocations: 38)
  Rendered layout layouts/application.html.erb (Duration: 4.1ms | Allocations: 1780)
Completed 200 OK in 5ms (Views: 4.8ms | ActiveRecord: 0.0ms | Allocations: 2168)


Started GET "/home/index" for ::1 at 2022-12-20 14:05:16 +0700
Processing by HomeController#index as HTML
  Rendering layout layouts/application.html.erb
  Rendering home/index.html.erb within layouts/application
  Rendered home/index.html.erb within layouts/application (Duration: 0.7ms | Allocations: 158)
  Rendered layout layouts/application.html.erb (Duration: 9.5ms | Allocations: 2296)
Completed 200 OK in 15ms (Views: 12.5ms | ActiveRecord: 0.0ms | Allocations: 3574)


Started GET "/home/index" for ::1 at 2022-12-20 14:05:16 +0700
Processing by HomeController#index as HTML
  Rendering layout layouts/application.html.erb
  Rendering home/index.html.erb within layouts/application
  Rendered home/index.html.erb within layouts/application (Duration: 0.3ms | Allocations: 38)
  Rendered layout layouts/application.html.erb (Duration: 8.2ms | Allocations: 1776)
Completed 200 OK in 12ms (Views: 10.3ms | ActiveRecord: 0.0ms | Allocations: 2215)


Started GET "/home/index" for ::1 at 2022-12-20 14:08:34 +0700
Processing by HomeController#index as HTML
  Rendering layout layouts/application.html.erb
  Rendering home/index.html.erb within layouts/application
  Rendered home/index.html.erb within layouts/application (Duration: 0.1ms | Allocations: 38)
  Rendered layout layouts/application.html.erb (Duration: 7.5ms | Allocations: 1780)
Completed 200 OK in 10ms (Views: 8.5ms | Allocations: 2166)


Started GET "/home/index" for ::1 at 2022-12-20 14:08:37 +0700
Processing by HomeController#index as HTML
  Rendering layout layouts/application.html.erb
  Rendering home/index.html.erb within layouts/application
  Rendered home/index.html.erb within layouts/application (Duration: 0.1ms | Allocations: 38)
  Rendered layout layouts/application.html.erb (Duration: 5.3ms | Allocations: 1773)
Completed 200 OK in 7ms (Views: 6.1ms | Allocations: 2154)


Started GET "/home/index" for ::1 at 2022-12-20 14:08:50 +0700
Processing by HomeController#index as HTML
  Rendering layout layouts/application.html.erb
  Rendering home/index.html.erb within layouts/application
  Rendered home/index.html.erb within layouts/application (Duration: 0.2ms | Allocations: 38)
  Rendered layout layouts/application.html.erb (Duration: 5.3ms | Allocations: 1773)
Completed 200 OK in 7ms (Views: 6.4ms | Allocations: 2153)


Started GET "/home/index" for ::1 at 2022-12-20 14:08:50 +0700
Processing by HomeController#index as HTML
  Rendering layout layouts/application.html.erb
  Rendering home/index.html.erb within layouts/application
  Rendered home/index.html.erb within layouts/application (Duration: 0.2ms | Allocations: 38)
  Rendered layout layouts/application.html.erb (Duration: 6.2ms | Allocations: 1774)
Completed 200 OK in 8ms (Views: 7.0ms | Allocations: 2154)


Started GET "/home/index" for ::1 at 2022-12-20 14:12:19 +0700
Processing by HomeController#index as HTML
  Rendering layout layouts/application.html.erb
  Rendering home/index.html.erb within layouts/application
  Rendered home/index.html.erb within layouts/application (Duration: 0.1ms | Allocations: 38)
  Rendered layout layouts/application.html.erb (Duration: 5.0ms | Allocations: 1773)
Completed 200 OK in 6ms (Views: 5.7ms | Allocations: 2153)


Started GET "/home/index" for ::1 at 2022-12-20 14:12:19 +0700
Processing by HomeController#index as HTML
  Rendering layout layouts/application.html.erb
  Rendering home/index.html.erb within layouts/application
  Rendered home/index.html.erb within layouts/application (Duration: 0.1ms | Allocations: 38)
  Rendered layout layouts/application.html.erb (Duration: 4.9ms | Allocations: 1773)
Completed 200 OK in 7ms (Views: 5.7ms | Allocations: 2153)


Started GET "/home/index" for ::1 at 2022-12-20 14:12:41 +0700
Processing by HomeController#index as HTML
  Rendering layout layouts/application.html.erb
  Rendering home/index.html.erb within layouts/application
  Rendered home/index.html.erb within layouts/application (Duration: 0.2ms | Allocations: 38)
  Rendered layout layouts/application.html.erb (Duration: 6.5ms | Allocations: 1773)
Completed 200 OK in 9ms (Views: 7.7ms | Allocations: 2153)


Started GET "/home/index" for ::1 at 2022-12-20 14:12:41 +0700
Processing by HomeController#index as HTML
  Rendering layout layouts/application.html.erb
  Rendering home/index.html.erb within layouts/application
  Rendered home/index.html.erb within layouts/application (Duration: 0.1ms | Allocations: 38)
  Rendered layout layouts/application.html.erb (Duration: 5.4ms | Allocations: 1773)
Completed 200 OK in 8ms (Views: 7.3ms | Allocations: 2153)


Started GET "/home/index" for ::1 at 2022-12-20 14:13:29 +0700
Processing by HomeController#index as HTML
  Rendering layout layouts/application.html.erb
  Rendering home/index.html.erb within layouts/application
  Rendered home/index.html.erb within layouts/application (Duration: 0.1ms | Allocations: 38)
  Rendered layout layouts/application.html.erb (Duration: 3.3ms | Allocations: 1773)
Completed 200 OK in 5ms (Views: 4.1ms | Allocations: 2153)


Started GET "/home/index" for ::1 at 2022-12-20 14:13:34 +0700
Processing by HomeController#index as HTML
  Rendering layout layouts/application.html.erb
  Rendering home/index.html.erb within layouts/application
  Rendered home/index.html.erb within layouts/application (Duration: 0.1ms | Allocations: 38)
  Rendered layout layouts/application.html.erb (Duration: 4.3ms | Allocations: 1773)
Completed 200 OK in 6ms (Views: 5.0ms | Allocations: 2153)


Started GET "/home/index" for ::1 at 2022-12-20 14:13:38 +0700
Processing by HomeController#index as HTML
  Rendering layout layouts/application.html.erb
  Rendering home/index.html.erb within layouts/application
  Rendered home/index.html.erb within layouts/application (Duration: 0.1ms | Allocations: 38)
  Rendered layout layouts/application.html.erb (Duration: 7.6ms | Allocations: 1774)
Completed 200 OK in 9ms (Views: 8.1ms | Allocations: 2155)


Started GET "/home/index" for ::1 at 2022-12-20 14:13:41 +0700
Processing by HomeController#index as HTML
  Rendering layout layouts/application.html.erb
  Rendering home/index.html.erb within layouts/application
  Rendered home/index.html.erb within layouts/application (Duration: 0.5ms | Allocations: 38)
  Rendered layout layouts/application.html.erb (Duration: 6.2ms | Allocations: 1773)
Completed 200 OK in 8ms (Views: 7.1ms | Allocations: 2154)


Started GET "/home/index" for ::1 at 2022-12-20 14:14:22 +0700
Processing by HomeController#index as HTML
  Rendering layout layouts/application.html.erb
  Rendering home/index.html.erb within layouts/application
  Rendered home/index.html.erb within layouts/application (Duration: 0.2ms | Allocations: 38)
  Rendered layout layouts/application.html.erb (Duration: 5.8ms | Allocations: 1774)
Completed 200 OK in 8ms (Views: 6.8ms | Allocations: 2155)


Started GET "/home/index" for ::1 at 2022-12-20 14:14:22 +0700
Processing by HomeController#index as HTML
  Rendering layout layouts/application.html.erb
  Rendering home/index.html.erb within layouts/application
  Rendered home/index.html.erb within layouts/application (Duration: 0.2ms | Allocations: 38)
  Rendered layout layouts/application.html.erb (Duration: 6.7ms | Allocations: 1777)
Completed 200 OK in 8ms (Views: 7.5ms | Allocations: 2157)


Started GET "/home/index" for ::1 at 2022-12-20 14:14:37 +0700
Processing by HomeController#index as HTML
  Rendering layout layouts/application.html.erb
  Rendering home/index.html.erb within layouts/application
  Rendered home/index.html.erb within layouts/application (Duration: 0.2ms | Allocations: 38)
  Rendered layout layouts/application.html.erb (Duration: 5.5ms | Allocations: 1773)
Completed 200 OK in 7ms (Views: 6.8ms | Allocations: 2154)


Started GET "/home/index" for ::1 at 2022-12-20 14:14:37 +0700
Processing by HomeController#index as HTML
  Rendering layout layouts/application.html.erb
  Rendering home/index.html.erb within layouts/application
  Rendered home/index.html.erb within layouts/application (Duration: 0.1ms | Allocations: 38)
  Rendered layout layouts/application.html.erb (Duration: 6.1ms | Allocations: 1773)
Completed 200 OK in 8ms (Views: 6.8ms | Allocations: 2153)


Started GET "/" for ::1 at 2022-12-20 22:50:07 +0700
  [1m[35m (0.8ms)[0m  [1m[34mSELECT sqlite_version(*)[0m
Processing by Rails::WelcomeController#index as HTML
  Rendering /home/johnny/.rvm/gems/ruby-3.1.2/gems/railties-6.1.7/lib/rails/templates/rails/welcome/index.html.erb
  Rendered /home/johnny/.rvm/gems/ruby-3.1.2/gems/railties-6.1.7/lib/rails/templates/rails/welcome/index.html.erb (Duration: 8.3ms | Allocations: 470)
Completed 200 OK in 24ms (Views: 11.7ms | ActiveRecord: 0.0ms | Allocations: 3342)


Started GET "/home/index" for ::1 at 2022-12-20 22:50:22 +0700
Processing by HomeController#index as HTML
Completed 406 Not Acceptable in 4ms (ActiveRecord: 0.0ms | Allocations: 2053)


  
ActionController::MissingExactTemplate (HomeController#index is missing a template for request formats: text/html):
  
actionpack (6.1.7) lib/action_controller/metal/implicit_render.rb:45:in `default_render'
actionpack (6.1.7) lib/action_controller/metal/basic_implicit_render.rb:6:in `block in send_action'
<internal:kernel>:90:in `tap'
actionpack (6.1.7) lib/action_controller/metal/basic_implicit_render.rb:6:in `send_action'
actionpack (6.1.7) lib/abstract_controller/base.rb:228:in `process_action'
actionpack (6.1.7) lib/action_controller/metal/rendering.rb:30:in `process_action'
actionpack (6.1.7) lib/abstract_controller/callbacks.rb:42:in `block in process_action'
activesupport (6.1.7) lib/active_support/callbacks.rb:117:in `block in run_callbacks'
actiontext (6.1.7) lib/action_text/rendering.rb:20:in `with_renderer'
actiontext (6.1.7) lib/action_text/engine.rb:59:in `block (4 levels) in <class:Engine>'
activesupport (6.1.7) lib/active_support/callbacks.rb:126:in `instance_exec'
activesupport (6.1.7) lib/active_support/callbacks.rb:126:in `block in run_callbacks'
activesupport (6.1.7) lib/active_support/callbacks.rb:137:in `run_callbacks'
actionpack (6.1.7) lib/abstract_controller/callbacks.rb:41:in `process_action'
actionpack (6.1.7) lib/action_controller/metal/rescue.rb:22:in `process_action'
actionpack (6.1.7) lib/action_controller/metal/instrumentation.rb:34:in `block in process_action'
activesupport (6.1.7) lib/active_support/notifications.rb:203:in `block in instrument'
activesupport (6.1.7) lib/active_support/notifications/instrumenter.rb:24:in `instrument'
activesupport (6.1.7) lib/active_support/notifications.rb:203:in `instrument'
actionpack (6.1.7) lib/action_controller/metal/instrumentation.rb:33:in `process_action'
actionpack (6.1.7) lib/action_controller/metal/params_wrapper.rb:249:in `process_action'
activerecord (6.1.7) lib/active_record/railties/controller_runtime.rb:27:in `process_action'
actionpack (6.1.7) lib/abstract_controller/base.rb:165:in `process'
actionview (6.1.7) lib/action_view/rendering.rb:39:in `process'
actionpack (6.1.7) lib/action_controller/metal.rb:190:in `dispatch'
actionpack (6.1.7) lib/action_controller/metal.rb:254:in `dispatch'
actionpack (6.1.7) lib/action_dispatch/routing/route_set.rb:50:in `dispatch'
actionpack (6.1.7) lib/action_dispatch/routing/route_set.rb:33:in `serve'
actionpack (6.1.7) lib/action_dispatch/journey/router.rb:50:in `block in serve'
actionpack (6.1.7) lib/action_dispatch/journey/router.rb:32:in `each'
actionpack (6.1.7) lib/action_dispatch/journey/router.rb:32:in `serve'
actionpack (6.1.7) lib/action_dispatch/routing/route_set.rb:842:in `call'
rack (2.2.4) lib/rack/tempfile_reaper.rb:15:in `call'
rack (2.2.4) lib/rack/etag.rb:27:in `call'
rack (2.2.4) lib/rack/conditional_get.rb:27:in `call'
rack (2.2.4) lib/rack/head.rb:12:in `call'
actionpack (6.1.7) lib/action_dispatch/http/permissions_policy.rb:22:in `call'
actionpack (6.1.7) lib/action_dispatch/http/content_security_policy.rb:19:in `call'
rack (2.2.4) lib/rack/session/abstract/id.rb:266:in `context'
rack (2.2.4) lib/rack/session/abstract/id.rb:260:in `call'
actionpack (6.1.7) lib/action_dispatch/middleware/cookies.rb:689:in `call'
activerecord (6.1.7) lib/active_record/migration.rb:601:in `call'
actionpack (6.1.7) lib/action_dispatch/middleware/callbacks.rb:27:in `block in call'
activesupport (6.1.7) lib/active_support/callbacks.rb:98:in `run_callbacks'
actionpack (6.1.7) lib/action_dispatch/middleware/callbacks.rb:26:in `call'
actionpack (6.1.7) lib/action_dispatch/middleware/executor.rb:14:in `call'
actionpack (6.1.7) lib/action_dispatch/middleware/actionable_exceptions.rb:18:in `call'
actionpack (6.1.7) lib/action_dispatch/middleware/debug_exceptions.rb:29:in `call'
web-console (4.2.0) lib/web_console/middleware.rb:132:in `call_app'
web-console (4.2.0) lib/web_console/middleware.rb:28:in `block in call'
web-console (4.2.0) lib/web_console/middleware.rb:17:in `catch'
web-console (4.2.0) lib/web_console/middleware.rb:17:in `call'
actionpack (6.1.7) lib/action_dispatch/middleware/show_exceptions.rb:33:in `call'
railties (6.1.7) lib/rails/rack/logger.rb:37:in `call_app'
railties (6.1.7) lib/rails/rack/logger.rb:26:in `block in call'
activesupport (6.1.7) lib/active_support/tagged_logging.rb:99:in `block in tagged'
activesupport (6.1.7) lib/active_support/tagged_logging.rb:37:in `tagged'
activesupport (6.1.7) lib/active_support/tagged_logging.rb:99:in `tagged'
railties (6.1.7) lib/rails/rack/logger.rb:26:in `call'
sprockets-rails (3.4.2) lib/sprockets/rails/quiet_assets.rb:13:in `call'
actionpack (6.1.7) lib/action_dispatch/middleware/remote_ip.rb:81:in `call'
actionpack (6.1.7) lib/action_dispatch/middleware/request_id.rb:26:in `call'
rack (2.2.4) lib/rack/method_override.rb:24:in `call'
rack (2.2.4) lib/rack/runtime.rb:22:in `call'
activesupport (6.1.7) lib/active_support/cache/strategy/local_cache_middleware.rb:29:in `call'
actionpack (6.1.7) lib/action_dispatch/middleware/executor.rb:14:in `call'
actionpack (6.1.7) lib/action_dispatch/middleware/static.rb:24:in `call'
rack (2.2.4) lib/rack/sendfile.rb:110:in `call'
actionpack (6.1.7) lib/action_dispatch/middleware/host_authorization.rb:148:in `call'
rack-mini-profiler (2.3.4) lib/mini_profiler/profiler.rb:393:in `call'
webpacker (5.4.3) lib/webpacker/dev_server_proxy.rb:25:in `perform_request'
rack-proxy (0.7.4) lib/rack/proxy.rb:78:in `call'
railties (6.1.7) lib/rails/engine.rb:539:in `call'
puma (5.6.5) lib/puma/configuration.rb:252:in `call'
puma (5.6.5) lib/puma/request.rb:77:in `block in handle_request'
puma (5.6.5) lib/puma/thread_pool.rb:340:in `with_force_shutdown'
puma (5.6.5) lib/puma/request.rb:76:in `handle_request'
puma (5.6.5) lib/puma/server.rb:443:in `process_client'
puma (5.6.5) lib/puma/thread_pool.rb:147:in `block in spawn_thread'
Started GET "/home/index" for ::1 at 2022-12-20 22:52:27 +0700
Processing by HomeController#index as HTML
Completed 406 Not Acceptable in 1ms (ActiveRecord: 0.0ms | Allocations: 700)


  
ActionController::MissingExactTemplate (HomeController#index is missing a template for request formats: text/html):
  
actionpack (6.1.7) lib/action_controller/metal/implicit_render.rb:45:in `default_render'
actionpack (6.1.7) lib/action_controller/metal/basic_implicit_render.rb:6:in `block in send_action'
<internal:kernel>:90:in `tap'
actionpack (6.1.7) lib/action_controller/metal/basic_implicit_render.rb:6:in `send_action'
actionpack (6.1.7) lib/abstract_controller/base.rb:228:in `process_action'
actionpack (6.1.7) lib/action_controller/metal/rendering.rb:30:in `process_action'
actionpack (6.1.7) lib/abstract_controller/callbacks.rb:42:in `block in process_action'
activesupport (6.1.7) lib/active_support/callbacks.rb:117:in `block in run_callbacks'
actiontext (6.1.7) lib/action_text/rendering.rb:20:in `with_renderer'
actiontext (6.1.7) lib/action_text/engine.rb:59:in `block (4 levels) in <class:Engine>'
activesupport (6.1.7) lib/active_support/callbacks.rb:126:in `instance_exec'
activesupport (6.1.7) lib/active_support/callbacks.rb:126:in `block in run_callbacks'
activesupport (6.1.7) lib/active_support/callbacks.rb:137:in `run_callbacks'
actionpack (6.1.7) lib/abstract_controller/callbacks.rb:41:in `process_action'
actionpack (6.1.7) lib/action_controller/metal/rescue.rb:22:in `process_action'
actionpack (6.1.7) lib/action_controller/metal/instrumentation.rb:34:in `block in process_action'
activesupport (6.1.7) lib/active_support/notifications.rb:203:in `block in instrument'
activesupport (6.1.7) lib/active_support/notifications/instrumenter.rb:24:in `instrument'
activesupport (6.1.7) lib/active_support/notifications.rb:203:in `instrument'
actionpack (6.1.7) lib/action_controller/metal/instrumentation.rb:33:in `process_action'
actionpack (6.1.7) lib/action_controller/metal/params_wrapper.rb:249:in `process_action'
activerecord (6.1.7) lib/active_record/railties/controller_runtime.rb:27:in `process_action'
actionpack (6.1.7) lib/abstract_controller/base.rb:165:in `process'
actionview (6.1.7) lib/action_view/rendering.rb:39:in `process'
actionpack (6.1.7) lib/action_controller/metal.rb:190:in `dispatch'
actionpack (6.1.7) lib/action_controller/metal.rb:254:in `dispatch'
actionpack (6.1.7) lib/action_dispatch/routing/route_set.rb:50:in `dispatch'
actionpack (6.1.7) lib/action_dispatch/routing/route_set.rb:33:in `serve'
actionpack (6.1.7) lib/action_dispatch/journey/router.rb:50:in `block in serve'
actionpack (6.1.7) lib/action_dispatch/journey/router.rb:32:in `each'
actionpack (6.1.7) lib/action_dispatch/journey/router.rb:32:in `serve'
actionpack (6.1.7) lib/action_dispatch/routing/route_set.rb:842:in `call'
rack (2.2.4) lib/rack/tempfile_reaper.rb:15:in `call'
rack (2.2.4) lib/rack/etag.rb:27:in `call'
rack (2.2.4) lib/rack/conditional_get.rb:27:in `call'
rack (2.2.4) lib/rack/head.rb:12:in `call'
actionpack (6.1.7) lib/action_dispatch/http/permissions_policy.rb:22:in `call'
actionpack (6.1.7) lib/action_dispatch/http/content_security_policy.rb:19:in `call'
rack (2.2.4) lib/rack/session/abstract/id.rb:266:in `context'
rack (2.2.4) lib/rack/session/abstract/id.rb:260:in `call'
actionpack (6.1.7) lib/action_dispatch/middleware/cookies.rb:689:in `call'
activerecord (6.1.7) lib/active_record/migration.rb:601:in `call'
actionpack (6.1.7) lib/action_dispatch/middleware/callbacks.rb:27:in `block in call'
activesupport (6.1.7) lib/active_support/callbacks.rb:98:in `run_callbacks'
actionpack (6.1.7) lib/action_dispatch/middleware/callbacks.rb:26:in `call'
actionpack (6.1.7) lib/action_dispatch/middleware/executor.rb:14:in `call'
actionpack (6.1.7) lib/action_dispatch/middleware/actionable_exceptions.rb:18:in `call'
actionpack (6.1.7) lib/action_dispatch/middleware/debug_exceptions.rb:29:in `call'
web-console (4.2.0) lib/web_console/middleware.rb:132:in `call_app'
web-console (4.2.0) lib/web_console/middleware.rb:28:in `block in call'
web-console (4.2.0) lib/web_console/middleware.rb:17:in `catch'
web-console (4.2.0) lib/web_console/middleware.rb:17:in `call'
actionpack (6.1.7) lib/action_dispatch/middleware/show_exceptions.rb:33:in `call'
railties (6.1.7) lib/rails/rack/logger.rb:37:in `call_app'
railties (6.1.7) lib/rails/rack/logger.rb:26:in `block in call'
activesupport (6.1.7) lib/active_support/tagged_logging.rb:99:in `block in tagged'
activesupport (6.1.7) lib/active_support/tagged_logging.rb:37:in `tagged'
activesupport (6.1.7) lib/active_support/tagged_logging.rb:99:in `tagged'
railties (6.1.7) lib/rails/rack/logger.rb:26:in `call'
sprockets-rails (3.4.2) lib/sprockets/rails/quiet_assets.rb:13:in `call'
actionpack (6.1.7) lib/action_dispatch/middleware/remote_ip.rb:81:in `call'
actionpack (6.1.7) lib/action_dispatch/middleware/request_id.rb:26:in `call'
rack (2.2.4) lib/rack/method_override.rb:24:in `call'
rack (2.2.4) lib/rack/runtime.rb:22:in `call'
activesupport (6.1.7) lib/active_support/cache/strategy/local_cache_middleware.rb:29:in `call'
actionpack (6.1.7) lib/action_dispatch/middleware/executor.rb:14:in `call'
actionpack (6.1.7) lib/action_dispatch/middleware/static.rb:24:in `call'
rack (2.2.4) lib/rack/sendfile.rb:110:in `call'
actionpack (6.1.7) lib/action_dispatch/middleware/host_authorization.rb:148:in `call'
rack-mini-profiler (2.3.4) lib/mini_profiler/profiler.rb:393:in `call'
webpacker (5.4.3) lib/webpacker/dev_server_proxy.rb:25:in `perform_request'
rack-proxy (0.7.4) lib/rack/proxy.rb:78:in `call'
railties (6.1.7) lib/rails/engine.rb:539:in `call'
puma (5.6.5) lib/puma/configuration.rb:252:in `call'
puma (5.6.5) lib/puma/request.rb:77:in `block in handle_request'
puma (5.6.5) lib/puma/thread_pool.rb:340:in `with_force_shutdown'
puma (5.6.5) lib/puma/request.rb:76:in `handle_request'
puma (5.6.5) lib/puma/server.rb:443:in `process_client'
puma (5.6.5) lib/puma/thread_pool.rb:147:in `block in spawn_thread'
Started GET "/home/index" for ::1 at 2022-12-20 22:53:02 +0700
Processing by HomeController#index as HTML
Completed 406 Not Acceptable in 5ms (ActiveRecord: 0.0ms | Allocations: 1828)


  
ActionController::MissingExactTemplate (HomeController#index is missing a template for request formats: text/html):
  
actionpack (6.1.7) lib/action_controller/metal/implicit_render.rb:45:in `default_render'
actionpack (6.1.7) lib/action_controller/metal/basic_implicit_render.rb:6:in `block in send_action'
<internal:kernel>:90:in `tap'
actionpack (6.1.7) lib/action_controller/metal/basic_implicit_render.rb:6:in `send_action'
actionpack (6.1.7) lib/abstract_controller/base.rb:228:in `process_action'
actionpack (6.1.7) lib/action_controller/metal/rendering.rb:30:in `process_action'
actionpack (6.1.7) lib/abstract_controller/callbacks.rb:42:in `block in process_action'
activesupport (6.1.7) lib/active_support/callbacks.rb:117:in `block in run_callbacks'
actiontext (6.1.7) lib/action_text/rendering.rb:20:in `with_renderer'
actiontext (6.1.7) lib/action_text/engine.rb:59:in `block (4 levels) in <class:Engine>'
activesupport (6.1.7) lib/active_support/callbacks.rb:126:in `instance_exec'
activesupport (6.1.7) lib/active_support/callbacks.rb:126:in `block in run_callbacks'
activesupport (6.1.7) lib/active_support/callbacks.rb:137:in `run_callbacks'
actionpack (6.1.7) lib/abstract_controller/callbacks.rb:41:in `process_action'
actionpack (6.1.7) lib/action_controller/metal/rescue.rb:22:in `process_action'
actionpack (6.1.7) lib/action_controller/metal/instrumentation.rb:34:in `block in process_action'
activesupport (6.1.7) lib/active_support/notifications.rb:203:in `block in instrument'
activesupport (6.1.7) lib/active_support/notifications/instrumenter.rb:24:in `instrument'
activesupport (6.1.7) lib/active_support/notifications.rb:203:in `instrument'
actionpack (6.1.7) lib/action_controller/metal/instrumentation.rb:33:in `process_action'
actionpack (6.1.7) lib/action_controller/metal/params_wrapper.rb:249:in `process_action'
activerecord (6.1.7) lib/active_record/railties/controller_runtime.rb:27:in `process_action'
actionpack (6.1.7) lib/abstract_controller/base.rb:165:in `process'
actionview (6.1.7) lib/action_view/rendering.rb:39:in `process'
actionpack (6.1.7) lib/action_controller/metal.rb:190:in `dispatch'
actionpack (6.1.7) lib/action_controller/metal.rb:254:in `dispatch'
actionpack (6.1.7) lib/action_dispatch/routing/route_set.rb:50:in `dispatch'
actionpack (6.1.7) lib/action_dispatch/routing/route_set.rb:33:in `serve'
actionpack (6.1.7) lib/action_dispatch/journey/router.rb:50:in `block in serve'
actionpack (6.1.7) lib/action_dispatch/journey/router.rb:32:in `each'
actionpack (6.1.7) lib/action_dispatch/journey/router.rb:32:in `serve'
actionpack (6.1.7) lib/action_dispatch/routing/route_set.rb:842:in `call'
rack (2.2.4) lib/rack/tempfile_reaper.rb:15:in `call'
rack (2.2.4) lib/rack/etag.rb:27:in `call'
rack (2.2.4) lib/rack/conditional_get.rb:27:in `call'
rack (2.2.4) lib/rack/head.rb:12:in `call'
actionpack (6.1.7) lib/action_dispatch/http/permissions_policy.rb:22:in `call'
actionpack (6.1.7) lib/action_dispatch/http/content_security_policy.rb:19:in `call'
rack (2.2.4) lib/rack/session/abstract/id.rb:266:in `context'
rack (2.2.4) lib/rack/session/abstract/id.rb:260:in `call'
actionpack (6.1.7) lib/action_dispatch/middleware/cookies.rb:689:in `call'
activerecord (6.1.7) lib/active_record/migration.rb:601:in `call'
actionpack (6.1.7) lib/action_dispatch/middleware/callbacks.rb:27:in `block in call'
activesupport (6.1.7) lib/active_support/callbacks.rb:98:in `run_callbacks'
actionpack (6.1.7) lib/action_dispatch/middleware/callbacks.rb:26:in `call'
actionpack (6.1.7) lib/action_dispatch/middleware/executor.rb:14:in `call'
actionpack (6.1.7) lib/action_dispatch/middleware/actionable_exceptions.rb:18:in `call'
actionpack (6.1.7) lib/action_dispatch/middleware/debug_exceptions.rb:29:in `call'
web-console (4.2.0) lib/web_console/middleware.rb:132:in `call_app'
web-console (4.2.0) lib/web_console/middleware.rb:28:in `block in call'
web-console (4.2.0) lib/web_console/middleware.rb:17:in `catch'
web-console (4.2.0) lib/web_console/middleware.rb:17:in `call'
actionpack (6.1.7) lib/action_dispatch/middleware/show_exceptions.rb:33:in `call'
railties (6.1.7) lib/rails/rack/logger.rb:37:in `call_app'
railties (6.1.7) lib/rails/rack/logger.rb:26:in `block in call'
activesupport (6.1.7) lib/active_support/tagged_logging.rb:99:in `block in tagged'
activesupport (6.1.7) lib/active_support/tagged_logging.rb:37:in `tagged'
activesupport (6.1.7) lib/active_support/tagged_logging.rb:99:in `tagged'
railties (6.1.7) lib/rails/rack/logger.rb:26:in `call'
sprockets-rails (3.4.2) lib/sprockets/rails/quiet_assets.rb:13:in `call'
actionpack (6.1.7) lib/action_dispatch/middleware/remote_ip.rb:81:in `call'
actionpack (6.1.7) lib/action_dispatch/middleware/request_id.rb:26:in `call'
rack (2.2.4) lib/rack/method_override.rb:24:in `call'
rack (2.2.4) lib/rack/runtime.rb:22:in `call'
activesupport (6.1.7) lib/active_support/cache/strategy/local_cache_middleware.rb:29:in `call'
actionpack (6.1.7) lib/action_dispatch/middleware/executor.rb:14:in `call'
actionpack (6.1.7) lib/action_dispatch/middleware/static.rb:24:in `call'
rack (2.2.4) lib/rack/sendfile.rb:110:in `call'
actionpack (6.1.7) lib/action_dispatch/middleware/host_authorization.rb:148:in `call'
rack-mini-profiler (2.3.4) lib/mini_profiler/profiler.rb:393:in `call'
webpacker (5.4.3) lib/webpacker/dev_server_proxy.rb:25:in `perform_request'
rack-proxy (0.7.4) lib/rack/proxy.rb:78:in `call'
railties (6.1.7) lib/rails/engine.rb:539:in `call'
puma (5.6.5) lib/puma/configuration.rb:252:in `call'
puma (5.6.5) lib/puma/request.rb:77:in `block in handle_request'
puma (5.6.5) lib/puma/thread_pool.rb:340:in `with_force_shutdown'
puma (5.6.5) lib/puma/request.rb:76:in `handle_request'
puma (5.6.5) lib/puma/server.rb:443:in `process_client'
puma (5.6.5) lib/puma/thread_pool.rb:147:in `block in spawn_thread'
Started GET "/home/index" for ::1 at 2022-12-20 22:53:23 +0700
Processing by HomeController#index as HTML
Completed 406 Not Acceptable in 1ms (ActiveRecord: 0.0ms | Allocations: 634)


  
ActionController::MissingExactTemplate (HomeController#index is missing a template for request formats: text/html):
  
actionpack (6.1.7) lib/action_controller/metal/implicit_render.rb:45:in `default_render'
actionpack (6.1.7) lib/action_controller/metal/basic_implicit_render.rb:6:in `block in send_action'
<internal:kernel>:90:in `tap'
actionpack (6.1.7) lib/action_controller/metal/basic_implicit_render.rb:6:in `send_action'
actionpack (6.1.7) lib/abstract_controller/base.rb:228:in `process_action'
actionpack (6.1.7) lib/action_controller/metal/rendering.rb:30:in `process_action'
actionpack (6.1.7) lib/abstract_controller/callbacks.rb:42:in `block in process_action'
activesupport (6.1.7) lib/active_support/callbacks.rb:117:in `block in run_callbacks'
actiontext (6.1.7) lib/action_text/rendering.rb:20:in `with_renderer'
actiontext (6.1.7) lib/action_text/engine.rb:59:in `block (4 levels) in <class:Engine>'
activesupport (6.1.7) lib/active_support/callbacks.rb:126:in `instance_exec'
activesupport (6.1.7) lib/active_support/callbacks.rb:126:in `block in run_callbacks'
activesupport (6.1.7) lib/active_support/callbacks.rb:137:in `run_callbacks'
actionpack (6.1.7) lib/abstract_controller/callbacks.rb:41:in `process_action'
actionpack (6.1.7) lib/action_controller/metal/rescue.rb:22:in `process_action'
actionpack (6.1.7) lib/action_controller/metal/instrumentation.rb:34:in `block in process_action'
activesupport (6.1.7) lib/active_support/notifications.rb:203:in `block in instrument'
activesupport (6.1.7) lib/active_support/notifications/instrumenter.rb:24:in `instrument'
activesupport (6.1.7) lib/active_support/notifications.rb:203:in `instrument'
actionpack (6.1.7) lib/action_controller/metal/instrumentation.rb:33:in `process_action'
actionpack (6.1.7) lib/action_controller/metal/params_wrapper.rb:249:in `process_action'
activerecord (6.1.7) lib/active_record/railties/controller_runtime.rb:27:in `process_action'
actionpack (6.1.7) lib/abstract_controller/base.rb:165:in `process'
actionview (6.1.7) lib/action_view/rendering.rb:39:in `process'
actionpack (6.1.7) lib/action_controller/metal.rb:190:in `dispatch'
actionpack (6.1.7) lib/action_controller/metal.rb:254:in `dispatch'
actionpack (6.1.7) lib/action_dispatch/routing/route_set.rb:50:in `dispatch'
actionpack (6.1.7) lib/action_dispatch/routing/route_set.rb:33:in `serve'
actionpack (6.1.7) lib/action_dispatch/journey/router.rb:50:in `block in serve'
actionpack (6.1.7) lib/action_dispatch/journey/router.rb:32:in `each'
actionpack (6.1.7) lib/action_dispatch/journey/router.rb:32:in `serve'
actionpack (6.1.7) lib/action_dispatch/routing/route_set.rb:842:in `call'
rack (2.2.4) lib/rack/tempfile_reaper.rb:15:in `call'
rack (2.2.4) lib/rack/etag.rb:27:in `call'
rack (2.2.4) lib/rack/conditional_get.rb:27:in `call'
rack (2.2.4) lib/rack/head.rb:12:in `call'
actionpack (6.1.7) lib/action_dispatch/http/permissions_policy.rb:22:in `call'
actionpack (6.1.7) lib/action_dispatch/http/content_security_policy.rb:19:in `call'
rack (2.2.4) lib/rack/session/abstract/id.rb:266:in `context'
rack (2.2.4) lib/rack/session/abstract/id.rb:260:in `call'
actionpack (6.1.7) lib/action_dispatch/middleware/cookies.rb:689:in `call'
activerecord (6.1.7) lib/active_record/migration.rb:601:in `call'
actionpack (6.1.7) lib/action_dispatch/middleware/callbacks.rb:27:in `block in call'
activesupport (6.1.7) lib/active_support/callbacks.rb:98:in `run_callbacks'
actionpack (6.1.7) lib/action_dispatch/middleware/callbacks.rb:26:in `call'
actionpack (6.1.7) lib/action_dispatch/middleware/executor.rb:14:in `call'
actionpack (6.1.7) lib/action_dispatch/middleware/actionable_exceptions.rb:18:in `call'
actionpack (6.1.7) lib/action_dispatch/middleware/debug_exceptions.rb:29:in `call'
web-console (4.2.0) lib/web_console/middleware.rb:132:in `call_app'
web-console (4.2.0) lib/web_console/middleware.rb:28:in `block in call'
web-console (4.2.0) lib/web_console/middleware.rb:17:in `catch'
web-console (4.2.0) lib/web_console/middleware.rb:17:in `call'
actionpack (6.1.7) lib/action_dispatch/middleware/show_exceptions.rb:33:in `call'
railties (6.1.7) lib/rails/rack/logger.rb:37:in `call_app'
railties (6.1.7) lib/rails/rack/logger.rb:26:in `block in call'
activesupport (6.1.7) lib/active_support/tagged_logging.rb:99:in `block in tagged'
activesupport (6.1.7) lib/active_support/tagged_logging.rb:37:in `tagged'
activesupport (6.1.7) lib/active_support/tagged_logging.rb:99:in `tagged'
railties (6.1.7) lib/rails/rack/logger.rb:26:in `call'
sprockets-rails (3.4.2) lib/sprockets/rails/quiet_assets.rb:13:in `call'
actionpack (6.1.7) lib/action_dispatch/middleware/remote_ip.rb:81:in `call'
actionpack (6.1.7) lib/action_dispatch/middleware/request_id.rb:26:in `call'
rack (2.2.4) lib/rack/method_override.rb:24:in `call'
rack (2.2.4) lib/rack/runtime.rb:22:in `call'
activesupport (6.1.7) lib/active_support/cache/strategy/local_cache_middleware.rb:29:in `call'
actionpack (6.1.7) lib/action_dispatch/middleware/executor.rb:14:in `call'
actionpack (6.1.7) lib/action_dispatch/middleware/static.rb:24:in `call'
rack (2.2.4) lib/rack/sendfile.rb:110:in `call'
actionpack (6.1.7) lib/action_dispatch/middleware/host_authorization.rb:148:in `call'
rack-mini-profiler (2.3.4) lib/mini_profiler/profiler.rb:393:in `call'
webpacker (5.4.3) lib/webpacker/dev_server_proxy.rb:25:in `perform_request'
rack-proxy (0.7.4) lib/rack/proxy.rb:78:in `call'
railties (6.1.7) lib/rails/engine.rb:539:in `call'
puma (5.6.5) lib/puma/configuration.rb:252:in `call'
puma (5.6.5) lib/puma/request.rb:77:in `block in handle_request'
puma (5.6.5) lib/puma/thread_pool.rb:340:in `with_force_shutdown'
puma (5.6.5) lib/puma/request.rb:76:in `handle_request'
puma (5.6.5) lib/puma/server.rb:443:in `process_client'
puma (5.6.5) lib/puma/thread_pool.rb:147:in `block in spawn_thread'
