2023-01-11 14:00:56[WARN] user: johnny
GET /admin/employees
USE eager loading detected
  User => [:employee]
  Add to your query: .includes([:employee])
Call stack

2023-01-11 14:02:08[WARN] user: johnny
GET /admin/employees
USE eager loading detected
  User => [:employee]
  Add to your query: .includes([:employee])
Call stack

2023-01-11 14:02:51[WARN] user: johnny
GET /admin/employees
USE eager loading detected
  User => [:employee]
  Add to your query: .includes([:employee])
Call stack

2023-01-11 14:02:56[WARN] user: johnny
GET /admin/employees
USE eager loading detected
  User => [:employee]
  Add to your query: .includes([:employee])
Call stack

2023-01-11 14:06:34[WARN] user: johnny
GET /admin/employees
USE eager loading detected
  User => [:employee]
  Add to your query: .includes([:employee])
Call stack

2023-01-11 14:07:19[WARN] user: johnny
GET /admin/employees
USE eager loading detected
  User => [:employee]
  Add to your query: .includes([:employee])
Call stack

2023-01-11 18:10:10[WARN] user: johnny
GET /admin/employees
USE eager loading detected
  User => [:employee]
  Add to your query: .includes([:employee])
Call stack

2023-01-14 11:32:14[WARN] user: johnny
GET /admin/employees?depart=2
USE eager loading detected
  User => [:employee]
  Add to your query: .includes([:employee])
Call stack
  /home/johnny/Documents/Rails/peace_tree/app/controllers/admin/employees_controller.rb:63:in `render_html_table'
  /home/johnny/Documents/Rails/peace_tree/app/controllers/admin/employees_controller.rb:10:in `block (2 levels) in index'
  /home/johnny/Documents/Rails/peace_tree/app/controllers/admin/employees_controller.rb:8:in `index'

2023-01-14 11:32:18[WARN] user: johnny
GET /admin/employees?depart=2&page=2
USE eager loading detected
  User => [:employee]
  Add to your query: .includes([:employee])
Call stack

2023-01-14 11:35:08[WARN] user: johnny
GET /admin/employees
USE eager loading detected
  Employee => [:department]
  Add to your query: .includes([:department])
Call stack

2023-01-14 11:36:07[WARN] user: johnny
GET /admin/employees
USE eager loading detected
  Employee => [:department]
  Add to your query: .includes([:department])
Call stack

2023-01-14 11:36:16[WARN] user: johnny
GET /admin/employees?depart=2
USE eager loading detected
  Employee => [:department]
  Add to your query: .includes([:department])
Call stack
  /home/johnny/Documents/Rails/peace_tree/app/controllers/admin/employees_controller.rb:63:in `render_html_table'
  /home/johnny/Documents/Rails/peace_tree/app/controllers/admin/employees_controller.rb:10:in `block (2 levels) in index'
  /home/johnny/Documents/Rails/peace_tree/app/controllers/admin/employees_controller.rb:8:in `index'

2023-01-14 11:36:24[WARN] user: johnny
GET /admin/employees?search=h
USE eager loading detected
  Employee => [:department]
  Add to your query: .includes([:department])
Call stack
  /home/johnny/Documents/Rails/peace_tree/app/controllers/admin/employees_controller.rb:63:in `render_html_table'
  /home/johnny/Documents/Rails/peace_tree/app/controllers/admin/employees_controller.rb:10:in `block (2 levels) in index'
  /home/johnny/Documents/Rails/peace_tree/app/controllers/admin/employees_controller.rb:8:in `index'

2023-01-14 11:36:28[WARN] user: johnny
GET /admin/employees?search=
USE eager loading detected
  Employee => [:department]
  Add to your query: .includes([:department])
Call stack
  /home/johnny/Documents/Rails/peace_tree/app/controllers/admin/employees_controller.rb:63:in `render_html_table'
  /home/johnny/Documents/Rails/peace_tree/app/controllers/admin/employees_controller.rb:10:in `block (2 levels) in index'
  /home/johnny/Documents/Rails/peace_tree/app/controllers/admin/employees_controller.rb:8:in `index'

2023-01-14 11:39:04[WARN] user: johnny
GET /admin/employees?depart=2
USE eager loading detected
  Employee => [:department]
  Add to your query: .includes([:department])
Call stack
  /home/johnny/Documents/Rails/peace_tree/app/controllers/admin/employees_controller.rb:63:in `render_html_table'
  /home/johnny/Documents/Rails/peace_tree/app/controllers/admin/employees_controller.rb:10:in `block (2 levels) in index'
  /home/johnny/Documents/Rails/peace_tree/app/controllers/admin/employees_controller.rb:8:in `index'

2023-01-14 11:39:12[WARN] user: johnny
GET /admin/employees?depart=2
USE eager loading detected
  Employee => [:department]
  Add to your query: .includes([:department])
Call stack
  /home/johnny/Documents/Rails/peace_tree/app/controllers/admin/employees_controller.rb:63:in `render_html_table'
  /home/johnny/Documents/Rails/peace_tree/app/controllers/admin/employees_controller.rb:10:in `block (2 levels) in index'
  /home/johnny/Documents/Rails/peace_tree/app/controllers/admin/employees_controller.rb:8:in `index'

2023-01-14 11:39:15[WARN] user: johnny
GET /admin/employees
USE eager loading detected
  Employee => [:department]
  Add to your query: .includes([:department])
Call stack

2023-01-14 11:39:19[WARN] user: johnny
GET /admin/employees?depart=2
USE eager loading detected
  Employee => [:department]
  Add to your query: .includes([:department])
Call stack
  /home/johnny/Documents/Rails/peace_tree/app/controllers/admin/employees_controller.rb:63:in `render_html_table'
  /home/johnny/Documents/Rails/peace_tree/app/controllers/admin/employees_controller.rb:10:in `block (2 levels) in index'
  /home/johnny/Documents/Rails/peace_tree/app/controllers/admin/employees_controller.rb:8:in `index'

2023-01-14 12:42:13[WARN] user: johnny
GET /admin/employees?depart=2
USE eager loading detected
  Employee => [:department]
  Add to your query: .includes([:department])
Call stack
  /home/johnny/Documents/Rails/peace_tree/app/controllers/admin/employees_controller.rb:63:in `render_html_table'
  /home/johnny/Documents/Rails/peace_tree/app/controllers/admin/employees_controller.rb:10:in `block (2 levels) in index'
  /home/johnny/Documents/Rails/peace_tree/app/controllers/admin/employees_controller.rb:8:in `index'

2023-01-14 12:44:32[WARN] user: johnny
GET /admin/employees?depart=2
USE eager loading detected
  Employee => [:department]
  Add to your query: .includes([:department])
Call stack
  /home/johnny/Documents/Rails/peace_tree/app/controllers/admin/employees_controller.rb:63:in `render_html_table'
  /home/johnny/Documents/Rails/peace_tree/app/controllers/admin/employees_controller.rb:10:in `block (2 levels) in index'
  /home/johnny/Documents/Rails/peace_tree/app/controllers/admin/employees_controller.rb:8:in `index'

2023-01-14 12:47:41[WARN] user: johnny
GET /admin/employees
USE eager loading detected
  Employee => [:department]
  Add to your query: .includes([:department])
Call stack

2023-01-14 12:48:08[WARN] user: johnny
GET /admin/employees?depart=2
USE eager loading detected
  Employee => [:department]
  Add to your query: .includes([:department])
Call stack
  /home/johnny/Documents/Rails/peace_tree/app/controllers/admin/employees_controller.rb:63:in `render_html_table'
  /home/johnny/Documents/Rails/peace_tree/app/controllers/admin/employees_controller.rb:10:in `block (2 levels) in index'
  /home/johnny/Documents/Rails/peace_tree/app/controllers/admin/employees_controller.rb:8:in `index'

2023-01-14 12:48:13[WARN] user: johnny
GET /admin/employees
USE eager loading detected
  Employee => [:department]
  Add to your query: .includes([:department])
Call stack

2023-01-14 12:48:34[WARN] user: johnny
GET /admin/employees
USE eager loading detected
  Employee => [:department]
  Add to your query: .includes([:department])
Call stack

2023-01-14 12:51:54[WARN] user: johnny
GET /admin/employees
USE eager loading detected
  Employee => [:department]
  Add to your query: .includes([:department])
Call stack

2023-01-14 12:52:15[WARN] user: johnny
GET /admin/employees
USE eager loading detected
  Employee => [:department]
  Add to your query: .includes([:department])
Call stack

2023-01-14 12:52:17[WARN] user: johnny
GET /admin/employees
USE eager loading detected
  Employee => [:department]
  Add to your query: .includes([:department])
Call stack

2023-01-14 12:53:37[WARN] user: johnny
GET /admin/employees
USE eager loading detected
  Employee => [:department]
  Add to your query: .includes([:department])
Call stack

2023-01-14 12:53:51[WARN] user: johnny
GET /admin/employees
USE eager loading detected
  Employee => [:department]
  Add to your query: .includes([:department])
Call stack

2023-01-14 12:54:23[WARN] user: johnny
GET /admin/employees
USE eager loading detected
  Employee => [:department]
  Add to your query: .includes([:department])
Call stack

2023-01-14 12:55:47[WARN] user: johnny
GET /admin/employees
USE eager loading detected
  Employee => [:department]
  Add to your query: .includes([:department])
Call stack

2023-01-14 13:22:22[WARN] user: johnny
GET /admin/employees
USE eager loading detected
  Employee => [:department]
  Add to your query: .includes([:department])
Call stack

2023-01-15 18:02:02[WARN] user: johnny
GET /admin/employees
USE eager loading detected
  Employee => [:department]
  Add to your query: .includes([:department])
Call stack

2023-01-15 22:02:37[WARN] user: johnny
GET /admin/employees
USE eager loading detected
  Employee => [:department]
  Add to your query: .includes([:department])
Call stack

2023-01-15 22:02:44[WARN] user: johnny
GET /admin/employees
USE eager loading detected
  Employee => [:department]
  Add to your query: .includes([:department])
Call stack

2023-01-15 22:04:31[WARN] user: johnny
GET /admin/employees
USE eager loading detected
  Employee => [:department]
  Add to your query: .includes([:department])
Call stack

2023-01-15 22:04:39[WARN] user: johnny
GET /admin/employees
USE eager loading detected
  Employee => [:department]
  Add to your query: .includes([:department])
Call stack

2023-01-15 22:04:55[WARN] user: johnny
GET /admin/employees
USE eager loading detected
  Employee => [:department]
  Add to your query: .includes([:department])
Call stack

2023-01-15 22:10:37[WARN] user: johnny
GET /admin/employees
USE eager loading detected
  Employee => [:department]
  Add to your query: .includes([:department])
Call stack

2023-01-15 22:15:23[WARN] user: johnny
GET /admin/employees
USE eager loading detected
  Employee => [:department]
  Add to your query: .includes([:department])
Call stack

2023-01-15 22:16:55[WARN] user: johnny
GET /admin/employees
USE eager loading detected
  Employee => [:department]
  Add to your query: .includes([:department])
Call stack

2023-01-15 22:21:03[WARN] user: johnny
GET /admin/employees
USE eager loading detected
  Employee => [:department]
  Add to your query: .includes([:department])
Call stack

2023-01-15 22:23:56[WARN] user: johnny
GET /admin/employees
USE eager loading detected
  Employee => [:department]
  Add to your query: .includes([:department])
Call stack

2023-01-15 22:28:24[WARN] user: johnny
GET /admin/employees
USE eager loading detected
  Employee => [:department]
  Add to your query: .includes([:department])
Call stack

2023-01-15 22:39:09[WARN] user: johnny
GET /admin/employees
USE eager loading detected
  Employee => [:department]
  Add to your query: .includes([:department])
Call stack

2023-01-15 22:39:18[WARN] user: johnny
GET /admin/employees
USE eager loading detected
  Employee => [:department]
  Add to your query: .includes([:department])
Call stack

2023-01-15 22:48:05[WARN] user: johnny
GET /admin/employees
USE eager loading detected
  User => [:employee]
  Add to your query: .includes([:employee])
Call stack

2023-01-15 23:32:13[WARN] user: johnny
GET /admin/employees
USE eager loading detected
  User => [:employee]
  Add to your query: .includes([:employee])
Call stack

2023-01-15 23:48:29[WARN] user: johnny
GET /admin/employees?search=fa
USE eager loading detected
  User => [:employee]
  Add to your query: .includes([:employee])
Call stack
  /home/johnny/Documents/Rails/peace_tree/app/controllers/admin/employees_controller.rb:63:in `render_html_table'
  /home/johnny/Documents/Rails/peace_tree/app/controllers/admin/employees_controller.rb:10:in `block (2 levels) in index'
  /home/johnny/Documents/Rails/peace_tree/app/controllers/admin/employees_controller.rb:8:in `index'

2023-01-15 23:48:30[WARN] user: johnny
GET /admin/employees?search=f
USE eager loading detected
  User => [:employee]
  Add to your query: .includes([:employee])
Call stack
  /home/johnny/Documents/Rails/peace_tree/app/controllers/admin/employees_controller.rb:63:in `render_html_table'
  /home/johnny/Documents/Rails/peace_tree/app/controllers/admin/employees_controller.rb:10:in `block (2 levels) in index'
  /home/johnny/Documents/Rails/peace_tree/app/controllers/admin/employees_controller.rb:8:in `index'

2023-01-15 23:48:31[WARN] user: johnny
GET /admin/employees?search=f
USE eager loading detected
  User => [:employee]
  Add to your query: .includes([:employee])
Call stack
  /home/johnny/Documents/Rails/peace_tree/app/controllers/admin/employees_controller.rb:63:in `render_html_table'
  /home/johnny/Documents/Rails/peace_tree/app/controllers/admin/employees_controller.rb:10:in `block (2 levels) in index'
  /home/johnny/Documents/Rails/peace_tree/app/controllers/admin/employees_controller.rb:8:in `index'

2023-01-15 23:48:31[WARN] user: johnny
GET /admin/employees?search=
USE eager loading detected
  User => [:employee]
  Add to your query: .includes([:employee])
Call stack
  /home/johnny/Documents/Rails/peace_tree/app/controllers/admin/employees_controller.rb:63:in `render_html_table'
  /home/johnny/Documents/Rails/peace_tree/app/controllers/admin/employees_controller.rb:10:in `block (2 levels) in index'
  /home/johnny/Documents/Rails/peace_tree/app/controllers/admin/employees_controller.rb:8:in `index'

2023-01-15 23:48:32[WARN] user: johnny
GET /admin/employees?search=fa
USE eager loading detected
  User => [:employee]
  Add to your query: .includes([:employee])
Call stack
  /home/johnny/Documents/Rails/peace_tree/app/controllers/admin/employees_controller.rb:63:in `render_html_table'
  /home/johnny/Documents/Rails/peace_tree/app/controllers/admin/employees_controller.rb:10:in `block (2 levels) in index'
  /home/johnny/Documents/Rails/peace_tree/app/controllers/admin/employees_controller.rb:8:in `index'

2023-01-15 23:48:32[WARN] user: johnny
GET /admin/employees?search=f
USE eager loading detected
  User => [:employee]
  Add to your query: .includes([:employee])
Call stack
  /home/johnny/Documents/Rails/peace_tree/app/controllers/admin/employees_controller.rb:63:in `render_html_table'
  /home/johnny/Documents/Rails/peace_tree/app/controllers/admin/employees_controller.rb:10:in `block (2 levels) in index'
  /home/johnny/Documents/Rails/peace_tree/app/controllers/admin/employees_controller.rb:8:in `index'

2023-01-15 23:48:38[WARN] user: johnny
GET /admin/employees?search=f
USE eager loading detected
  User => [:employee]
  Add to your query: .includes([:employee])
Call stack
  /home/johnny/Documents/Rails/peace_tree/app/controllers/admin/employees_controller.rb:63:in `render_html_table'
  /home/johnny/Documents/Rails/peace_tree/app/controllers/admin/employees_controller.rb:10:in `block (2 levels) in index'
  /home/johnny/Documents/Rails/peace_tree/app/controllers/admin/employees_controller.rb:8:in `index'

2023-01-15 23:48:38[WARN] user: johnny
GET /admin/employees?search=
USE eager loading detected
  User => [:employee]
  Add to your query: .includes([:employee])
Call stack
  /home/johnny/Documents/Rails/peace_tree/app/controllers/admin/employees_controller.rb:63:in `render_html_table'
  /home/johnny/Documents/Rails/peace_tree/app/controllers/admin/employees_controller.rb:10:in `block (2 levels) in index'
  /home/johnny/Documents/Rails/peace_tree/app/controllers/admin/employees_controller.rb:8:in `index'

2023-01-15 23:48:38[WARN] user: johnny
GET /admin/employees?search=da
USE eager loading detected
  User => [:employee]
  Add to your query: .includes([:employee])
Call stack
  /home/johnny/Documents/Rails/peace_tree/app/controllers/admin/employees_controller.rb:63:in `render_html_table'
  /home/johnny/Documents/Rails/peace_tree/app/controllers/admin/employees_controller.rb:10:in `block (2 levels) in index'
  /home/johnny/Documents/Rails/peace_tree/app/controllers/admin/employees_controller.rb:8:in `index'

2023-01-15 23:48:38[WARN] user: johnny
GET /admin/employees?search=d
USE eager loading detected
  User => [:employee]
  Add to your query: .includes([:employee])
Call stack
  /home/johnny/Documents/Rails/peace_tree/app/controllers/admin/employees_controller.rb:63:in `render_html_table'
  /home/johnny/Documents/Rails/peace_tree/app/controllers/admin/employees_controller.rb:10:in `block (2 levels) in index'
  /home/johnny/Documents/Rails/peace_tree/app/controllers/admin/employees_controller.rb:8:in `index'

2023-01-15 23:48:40[WARN] user: johnny
GET /admin/employees?search=d
USE eager loading detected
  User => [:employee]
  Add to your query: .includes([:employee])
Call stack
  /home/johnny/Documents/Rails/peace_tree/app/controllers/admin/employees_controller.rb:63:in `render_html_table'
  /home/johnny/Documents/Rails/peace_tree/app/controllers/admin/employees_controller.rb:10:in `block (2 levels) in index'
  /home/johnny/Documents/Rails/peace_tree/app/controllers/admin/employees_controller.rb:8:in `index'

2023-01-15 23:48:40[WARN] user: johnny
GET /admin/employees?search=
USE eager loading detected
  User => [:employee]
  Add to your query: .includes([:employee])
Call stack
  /home/johnny/Documents/Rails/peace_tree/app/controllers/admin/employees_controller.rb:63:in `render_html_table'
  /home/johnny/Documents/Rails/peace_tree/app/controllers/admin/employees_controller.rb:10:in `block (2 levels) in index'
  /home/johnny/Documents/Rails/peace_tree/app/controllers/admin/employees_controller.rb:8:in `index'

2023-01-15 23:48:40[WARN] user: johnny
GET /admin/employees?search=fa
USE eager loading detected
  User => [:employee]
  Add to your query: .includes([:employee])
Call stack
  /home/johnny/Documents/Rails/peace_tree/app/controllers/admin/employees_controller.rb:63:in `render_html_table'
  /home/johnny/Documents/Rails/peace_tree/app/controllers/admin/employees_controller.rb:10:in `block (2 levels) in index'
  /home/johnny/Documents/Rails/peace_tree/app/controllers/admin/employees_controller.rb:8:in `index'

2023-01-15 23:48:40[WARN] user: johnny
GET /admin/employees?search=f
USE eager loading detected
  User => [:employee]
  Add to your query: .includes([:employee])
Call stack
  /home/johnny/Documents/Rails/peace_tree/app/controllers/admin/employees_controller.rb:63:in `render_html_table'
  /home/johnny/Documents/Rails/peace_tree/app/controllers/admin/employees_controller.rb:10:in `block (2 levels) in index'
  /home/johnny/Documents/Rails/peace_tree/app/controllers/admin/employees_controller.rb:8:in `index'

2023-01-15 23:48:55[WARN] user: johnny
GET /admin/employees?search=fa
USE eager loading detected
  User => [:employee]
  Add to your query: .includes([:employee])
Call stack
  /home/johnny/Documents/Rails/peace_tree/app/controllers/admin/employees_controller.rb:63:in `render_html_table'
  /home/johnny/Documents/Rails/peace_tree/app/controllers/admin/employees_controller.rb:10:in `block (2 levels) in index'
  /home/johnny/Documents/Rails/peace_tree/app/controllers/admin/employees_controller.rb:8:in `index'

2023-01-15 23:48:59[WARN] user: johnny
GET /admin/employees?search=f
USE eager loading detected
  User => [:employee]
  Add to your query: .includes([:employee])
Call stack
  /home/johnny/Documents/Rails/peace_tree/app/controllers/admin/employees_controller.rb:63:in `render_html_table'
  /home/johnny/Documents/Rails/peace_tree/app/controllers/admin/employees_controller.rb:10:in `block (2 levels) in index'
  /home/johnny/Documents/Rails/peace_tree/app/controllers/admin/employees_controller.rb:8:in `index'

2023-01-15 23:48:59[WARN] user: johnny
GET /admin/employees?search=
USE eager loading detected
  User => [:employee]
  Add to your query: .includes([:employee])
Call stack
  /home/johnny/Documents/Rails/peace_tree/app/controllers/admin/employees_controller.rb:63:in `render_html_table'
  /home/johnny/Documents/Rails/peace_tree/app/controllers/admin/employees_controller.rb:10:in `block (2 levels) in index'
  /home/johnny/Documents/Rails/peace_tree/app/controllers/admin/employees_controller.rb:8:in `index'

2023-01-15 23:48:59[WARN] user: johnny
GET /admin/employees?search=fa
USE eager loading detected
  User => [:employee]
  Add to your query: .includes([:employee])
Call stack
  /home/johnny/Documents/Rails/peace_tree/app/controllers/admin/employees_controller.rb:63:in `render_html_table'
  /home/johnny/Documents/Rails/peace_tree/app/controllers/admin/employees_controller.rb:10:in `block (2 levels) in index'
  /home/johnny/Documents/Rails/peace_tree/app/controllers/admin/employees_controller.rb:8:in `index'

2023-01-15 23:49:00[WARN] user: johnny
GET /admin/employees?search=f
USE eager loading detected
  User => [:employee]
  Add to your query: .includes([:employee])
Call stack
  /home/johnny/Documents/Rails/peace_tree/app/controllers/admin/employees_controller.rb:63:in `render_html_table'
  /home/johnny/Documents/Rails/peace_tree/app/controllers/admin/employees_controller.rb:10:in `block (2 levels) in index'
  /home/johnny/Documents/Rails/peace_tree/app/controllers/admin/employees_controller.rb:8:in `index'

2023-01-15 23:49:02[WARN] user: johnny
GET /admin/employees?search=fa
USE eager loading detected
  User => [:employee]
  Add to your query: .includes([:employee])
Call stack
  /home/johnny/Documents/Rails/peace_tree/app/controllers/admin/employees_controller.rb:63:in `render_html_table'
  /home/johnny/Documents/Rails/peace_tree/app/controllers/admin/employees_controller.rb:10:in `block (2 levels) in index'
  /home/johnny/Documents/Rails/peace_tree/app/controllers/admin/employees_controller.rb:8:in `index'

2023-01-15 23:49:03[WARN] user: johnny
GET /admin/employees?search=f
USE eager loading detected
  User => [:employee]
  Add to your query: .includes([:employee])
Call stack
  /home/johnny/Documents/Rails/peace_tree/app/controllers/admin/employees_controller.rb:63:in `render_html_table'
  /home/johnny/Documents/Rails/peace_tree/app/controllers/admin/employees_controller.rb:10:in `block (2 levels) in index'
  /home/johnny/Documents/Rails/peace_tree/app/controllers/admin/employees_controller.rb:8:in `index'

2023-01-15 23:49:04[WARN] user: johnny
GET /admin/employees?search=fa
USE eager loading detected
  User => [:employee]
  Add to your query: .includes([:employee])
Call stack
  /home/johnny/Documents/Rails/peace_tree/app/controllers/admin/employees_controller.rb:63:in `render_html_table'
  /home/johnny/Documents/Rails/peace_tree/app/controllers/admin/employees_controller.rb:10:in `block (2 levels) in index'
  /home/johnny/Documents/Rails/peace_tree/app/controllers/admin/employees_controller.rb:8:in `index'

2023-01-15 23:49:04[WARN] user: johnny
GET /admin/employees?search=
USE eager loading detected
  User => [:employee]
  Add to your query: .includes([:employee])
Call stack
  /home/johnny/Documents/Rails/peace_tree/app/controllers/admin/employees_controller.rb:63:in `render_html_table'
  /home/johnny/Documents/Rails/peace_tree/app/controllers/admin/employees_controller.rb:10:in `block (2 levels) in index'
  /home/johnny/Documents/Rails/peace_tree/app/controllers/admin/employees_controller.rb:8:in `index'

2023-01-15 23:49:04[WARN] user: johnny
GET /admin/employees?search=f
USE eager loading detected
  User => [:employee]
  Add to your query: .includes([:employee])
Call stack
  /home/johnny/Documents/Rails/peace_tree/app/controllers/admin/employees_controller.rb:63:in `render_html_table'
  /home/johnny/Documents/Rails/peace_tree/app/controllers/admin/employees_controller.rb:10:in `block (2 levels) in index'
  /home/johnny/Documents/Rails/peace_tree/app/controllers/admin/employees_controller.rb:8:in `index'

2023-01-15 23:49:16[WARN] user: johnny
GET /admin/employees?search=f
USE eager loading detected
  User => [:employee]
  Add to your query: .includes([:employee])
Call stack
  /home/johnny/Documents/Rails/peace_tree/app/controllers/admin/employees_controller.rb:63:in `render_html_table'
  /home/johnny/Documents/Rails/peace_tree/app/controllers/admin/employees_controller.rb:10:in `block (2 levels) in index'
  /home/johnny/Documents/Rails/peace_tree/app/controllers/admin/employees_controller.rb:8:in `index'

2023-01-15 23:49:16[WARN] user: johnny
GET /admin/employees?search=
USE eager loading detected
  User => [:employee]
  Add to your query: .includes([:employee])
Call stack
  /home/johnny/Documents/Rails/peace_tree/app/controllers/admin/employees_controller.rb:63:in `render_html_table'
  /home/johnny/Documents/Rails/peace_tree/app/controllers/admin/employees_controller.rb:10:in `block (2 levels) in index'
  /home/johnny/Documents/Rails/peace_tree/app/controllers/admin/employees_controller.rb:8:in `index'

2023-01-15 23:57:38[WARN] user: johnny
GET /admin/employees?depart=2
USE eager loading detected
  User => [:employee]
  Add to your query: .includes([:employee])
Call stack
  /home/johnny/Documents/Rails/peace_tree/app/controllers/admin/employees_controller.rb:63:in `render_html_table'
  /home/johnny/Documents/Rails/peace_tree/app/controllers/admin/employees_controller.rb:10:in `block (2 levels) in index'
  /home/johnny/Documents/Rails/peace_tree/app/controllers/admin/employees_controller.rb:8:in `index'

2023-01-15 23:59:10[WARN] user: johnny
GET /admin/employees?depart=2
USE eager loading detected
  User => [:employee]
  Add to your query: .includes([:employee])
Call stack
  /home/johnny/Documents/Rails/peace_tree/app/controllers/admin/employees_controller.rb:63:in `render_html_table'
  /home/johnny/Documents/Rails/peace_tree/app/controllers/admin/employees_controller.rb:10:in `block (2 levels) in index'
  /home/johnny/Documents/Rails/peace_tree/app/controllers/admin/employees_controller.rb:8:in `index'

2023-01-16 00:06:06[WARN] user: johnny
GET /admin/employees
USE eager loading detected
  User => [:employee]
  Add to your query: .includes([:employee])
Call stack

2023-01-16 00:06:41[WARN] user: johnny
GET /admin/employees
USE eager loading detected
  Employee => [:department]
  Add to your query: .includes([:department])
Call stack

2023-01-16 00:07:44[WARN] user: johnny
GET /admin/employees
USE eager loading detected
  Employee => [:department]
  Add to your query: .includes([:department])
Call stack

2023-01-17 17:07:30[WARN] user: johnny
GET /admin/employees
USE eager loading detected
  User => [:employee]
  Add to your query: .includes([:employee])
Call stack

2023-02-01 11:48:42[WARN] user: johnny
GET /admin/projects/512
USE eager loading detected
  User => [:employee]
  Add to your query: .includes([:employee])
Call stack

2023-02-01 11:51:19[WARN] user: johnny
GET /admin/projects/512
USE eager loading detected
  User => [:employee]
  Add to your query: .includes([:employee])
Call stack

2023-02-01 11:52:40[WARN] user: johnny
GET /admin/projects/512
USE eager loading detected
  User => [:employee]
  Add to your query: .includes([:employee])
Call stack

2023-02-01 11:54:11[WARN] user: johnny
GET /admin/projects/512
USE eager loading detected
  User => [:employee]
  Add to your query: .includes([:employee])
Call stack

2023-02-01 11:54:16[WARN] user: johnny
GET /admin/projects/512
USE eager loading detected
  User => [:employee]
  Add to your query: .includes([:employee])
Call stack

2023-02-01 13:46:05[WARN] user: johnny
GET /admin/projects/512
USE eager loading detected
  User => [:employee]
  Add to your query: .includes([:employee])
Call stack

2023-02-01 13:46:30[WARN] user: johnny
GET /admin/projects/512
USE eager loading detected
  User => [:employee]
  Add to your query: .includes([:employee])
Call stack

2023-02-01 13:46:37[WARN] user: johnny
GET /admin/projects/512
USE eager loading detected
  User => [:employee]
  Add to your query: .includes([:employee])
Call stack

2023-02-01 13:47:19[WARN] user: johnny
GET /admin/projects/512
USE eager loading detected
  User => [:employee]
  Add to your query: .includes([:employee])
Call stack

2023-02-01 13:47:22[WARN] user: johnny
GET /admin/projects/512
USE eager loading detected
  User => [:employee]
  Add to your query: .includes([:employee])
Call stack

2023-02-01 13:51:26[WARN] user: johnny
GET /admin/projects/512
USE eager loading detected
  User => [:employee]
  Add to your query: .includes([:employee])
Call stack

2023-02-01 13:51:46[WARN] user: johnny
GET /admin/projects/512
USE eager loading detected
  User => [:employee]
  Add to your query: .includes([:employee])
Call stack

2023-02-01 13:53:43[WARN] user: johnny
GET /admin/projects/512
USE eager loading detected
  Employee => [:department]
  Add to your query: .includes([:department])
Call stack

2023-02-01 13:53:47[WARN] user: johnny
GET /admin/projects/512
USE eager loading detected
  Employee => [:department]
  Add to your query: .includes([:department])
Call stack

2023-02-01 17:06:59[WARN] user: johnny
GET /admin/projects/503
USE eager loading detected
  User => [:employee]
  Add to your query: .includes([:employee])
Call stack

2023-02-01 17:07:41[WARN] user: johnny
GET /admin/projects/503
USE eager loading detected
  User => [:employee]
  Add to your query: .includes([:employee])
Call stack

2023-02-01 17:08:17[WARN] user: johnny
GET /admin/projects/503
USE eager loading detected
  Employee => [:department]
  Add to your query: .includes([:department])
Call stack

2023-02-01 17:45:12[WARN] user: johnny
GET /admin/projects/510
USE eager loading detected
  User => [:employee]
  Add to your query: .includes([:employee])
Call stack

2023-02-03 11:48:36[WARN] user: johnny
GET /admin/employees
USE eager loading detected
  Employee => [:department]
  Add to your query: .includes([:department])
Call stack

