  [1m[35m (3.1ms)[0m  [1m[34mSELECT sqlite_version(*)[0m
  [1m[35m (2.7ms)[0m  [1m[35mCREATE TABLE "schema_migrations" ("version" varchar NOT NULL PRIMARY KEY)[0m
  [1m[35m (2.4ms)[0m  [1m[35mCREATE TABLE "ar_internal_metadata" ("key" varchar NOT NULL PRIMARY KEY, "value" varchar, "created_at" datetime(6) NOT NULL, "updated_at" datetime(6) NOT NULL)[0m
  [1m[35m (0.1ms)[0m  [1m[34mSELECT "schema_migrations"."version" FROM "schema_migrations" ORDER BY "schema_migrations"."version" ASC[0m
Migrating to CreateAuthors (20221230150432)
  [1m[36mTRANSACTION (0.1ms)[0m  [1m[36mbegin transaction[0m
  [1m[35m (0.3ms)[0m  [1m[35mCREATE TABLE "authors" ("id" integer PRIMARY KEY AUTOINCREMENT NOT NULL, "name" varchar, "created_at" datetime(6) NOT NULL, "updated_at" datetime(6) NOT NULL)[0m
  [1m[36mActiveRecord::SchemaMigration Create (0.1ms)[0m  [1m[32mINSERT INTO "schema_migrations" ("version") VALUES (?)[0m  [["version", "20221230150432"]]
  [1m[36mTRANSACTION (2.4ms)[0m  [1m[36mcommit transaction[0m
Migrating to CreatePhysicains (20221230150501)
  [1m[36mTRANSACTION (0.0ms)[0m  [1m[36mbegin transaction[0m
  [1m[35m (0.3ms)[0m  [1m[35mCREATE TABLE "physicains" ("id" integer PRIMARY KEY AUTOINCREMENT NOT NULL, "name" varchar, "created_at" datetime(6) NOT NULL, "updated_at" datetime(6) NOT NULL)[0m
  [1m[36mActiveRecord::SchemaMigration Create (0.1ms)[0m  [1m[32mINSERT INTO "schema_migrations" ("version") VALUES (?)[0m  [["version", "20221230150501"]]
  [1m[36mTRANSACTION (2.2ms)[0m  [1m[36mcommit transaction[0m
Migrating to CreatePatients (20221230150515)
  [1m[36mTRANSACTION (0.1ms)[0m  [1m[36mbegin transaction[0m
  [1m[35m (0.2ms)[0m  [1m[35mCREATE TABLE "patients" ("id" integer PRIMARY KEY AUTOINCREMENT NOT NULL, "name" varchar, "created_at" datetime(6) NOT NULL, "updated_at" datetime(6) NOT NULL)[0m
  [1m[36mActiveRecord::SchemaMigration Create (0.2ms)[0m  [1m[32mINSERT INTO "schema_migrations" ("version") VALUES (?)[0m  [["version", "20221230150515"]]
  [1m[36mTRANSACTION (2.3ms)[0m  [1m[36mcommit transaction[0m
Migrating to CreateAppointments (20221230150611)
  [1m[36mTRANSACTION (0.1ms)[0m  [1m[36mbegin transaction[0m
  [1m[35m (0.3ms)[0m  [1m[35mCREATE TABLE "appointments" ("id" integer PRIMARY KEY AUTOINCREMENT NOT NULL, "name" varchar, "physicains_id" integer, "patients_id" integer, "created_at" datetime(6) NOT NULL, "updated_at" datetime(6) NOT NULL)[0m
  [1m[35m (0.1ms)[0m  [1m[35mCREATE INDEX "index_appointments_on_physicains_id" ON "appointments" ("physicains_id")[0m
  [1m[35m (0.1ms)[0m  [1m[35mCREATE INDEX "index_appointments_on_patients_id" ON "appointments" ("patients_id")[0m
  [1m[36mActiveRecord::SchemaMigration Create (0.2ms)[0m  [1m[32mINSERT INTO "schema_migrations" ("version") VALUES (?)[0m  [["version", "20221230150611"]]
  [1m[36mTRANSACTION (2.2ms)[0m  [1m[36mcommit transaction[0m
  [1m[36mActiveRecord::InternalMetadata Load (0.1ms)[0m  [1m[34mSELECT "ar_internal_metadata".* FROM "ar_internal_metadata" WHERE "ar_internal_metadata"."key" = ? LIMIT ?[0m  [["key", "environment"], ["LIMIT", 1]]
  [1m[36mTRANSACTION (0.1ms)[0m  [1m[36mbegin transaction[0m
  [1m[36mActiveRecord::InternalMetadata Create (0.3ms)[0m  [1m[32mINSERT INTO "ar_internal_metadata" ("key", "value", "created_at", "updated_at") VALUES (?, ?, ?, ?)[0m  [["key", "environment"], ["value", "development"], ["created_at", "2022-12-30 15:08:23.842904"], ["updated_at", "2022-12-30 15:08:23.842904"]]
  [1m[36mTRANSACTION (2.3ms)[0m  [1m[36mcommit transaction[0m
  [1m[35m (0.1ms)[0m  [1m[34mSELECT sqlite_version(*)[0m
  [1m[35m (0.1ms)[0m  [1m[34mSELECT "schema_migrations"."version" FROM "schema_migrations" ORDER BY "schema_migrations"."version" ASC[0m
  [1m[35m (0.5ms)[0m  [1m[34mSELECT sqlite_version(*)[0m
  [1m[35m (0.1ms)[0m  [1m[34mSELECT "schema_migrations"."version" FROM "schema_migrations" ORDER BY "schema_migrations"."version" ASC[0m
  [1m[35m (0.1ms)[0m  [1m[34mSELECT "schema_migrations"."version" FROM "schema_migrations" ORDER BY "schema_migrations"."version" ASC[0m
  [1m[35m (0.1ms)[0m  [1m[34mSELECT "schema_migrations"."version" FROM "schema_migrations" ORDER BY "schema_migrations"."version" ASC[0m
  [1m[35m (0.0ms)[0m  [1m[34mSELECT "schema_migrations"."version" FROM "schema_migrations" ORDER BY "schema_migrations"."version" ASC[0m
Migrating to CreateAppointments (20221230150611)
  [1m[36mTRANSACTION (0.1ms)[0m  [1m[36mbegin transaction[0m
  [1m[35m (0.5ms)[0m  [1m[35mDROP TABLE "appointments"[0m
  [1m[36mActiveRecord::SchemaMigration Destroy (0.1ms)[0m  [1m[31mDELETE FROM "schema_migrations" WHERE "schema_migrations"."version" = ?[0m  [["version", "20221230150611"]]
  [1m[36mTRANSACTION (2.0ms)[0m  [1m[36mcommit transaction[0m
  [1m[35m (0.0ms)[0m  [1m[34mSELECT sqlite_version(*)[0m
  [1m[35m (0.1ms)[0m  [1m[34mSELECT "schema_migrations"."version" FROM "schema_migrations" ORDER BY "schema_migrations"."version" ASC[0m
  [1m[35m (0.5ms)[0m  [1m[34mSELECT sqlite_version(*)[0m
  [1m[35m (0.3ms)[0m  [1m[34mSELECT "schema_migrations"."version" FROM "schema_migrations" ORDER BY "schema_migrations"."version" ASC[0m
  [1m[35m (0.1ms)[0m  [1m[34mSELECT "schema_migrations"."version" FROM "schema_migrations" ORDER BY "schema_migrations"."version" ASC[0m
  [1m[35m (0.1ms)[0m  [1m[34mSELECT "schema_migrations"."version" FROM "schema_migrations" ORDER BY "schema_migrations"."version" ASC[0m
  [1m[35m (0.0ms)[0m  [1m[34mSELECT "schema_migrations"."version" FROM "schema_migrations" ORDER BY "schema_migrations"."version" ASC[0m
Migrating to CreatePatients (20221230150515)
  [1m[36mTRANSACTION (0.1ms)[0m  [1m[36mbegin transaction[0m
  [1m[35m (0.4ms)[0m  [1m[35mDROP TABLE "patients"[0m
  [1m[36mActiveRecord::SchemaMigration Destroy (0.2ms)[0m  [1m[31mDELETE FROM "schema_migrations" WHERE "schema_migrations"."version" = ?[0m  [["version", "20221230150515"]]
  [1m[36mTRANSACTION (8.2ms)[0m  [1m[36mcommit transaction[0m
  [1m[35m (0.1ms)[0m  [1m[34mSELECT sqlite_version(*)[0m
  [1m[35m (0.1ms)[0m  [1m[34mSELECT "schema_migrations"."version" FROM "schema_migrations" ORDER BY "schema_migrations"."version" ASC[0m
  [1m[35m (0.4ms)[0m  [1m[34mSELECT sqlite_version(*)[0m
  [1m[35m (0.1ms)[0m  [1m[34mSELECT "schema_migrations"."version" FROM "schema_migrations" ORDER BY "schema_migrations"."version" ASC[0m
  [1m[35m (0.1ms)[0m  [1m[34mSELECT "schema_migrations"."version" FROM "schema_migrations" ORDER BY "schema_migrations"."version" ASC[0m
  [1m[35m (0.1ms)[0m  [1m[34mSELECT "schema_migrations"."version" FROM "schema_migrations" ORDER BY "schema_migrations"."version" ASC[0m
  [1m[35m (0.1ms)[0m  [1m[34mSELECT "schema_migrations"."version" FROM "schema_migrations" ORDER BY "schema_migrations"."version" ASC[0m
Migrating to CreatePhysicains (20221230150501)
  [1m[36mTRANSACTION (0.1ms)[0m  [1m[36mbegin transaction[0m
  [1m[35m (0.3ms)[0m  [1m[35mDROP TABLE "physicains"[0m
  [1m[36mActiveRecord::SchemaMigration Destroy (0.2ms)[0m  [1m[31mDELETE FROM "schema_migrations" WHERE "schema_migrations"."version" = ?[0m  [["version", "20221230150501"]]
  [1m[36mTRANSACTION (7.4ms)[0m  [1m[36mcommit transaction[0m
  [1m[35m (0.0ms)[0m  [1m[34mSELECT sqlite_version(*)[0m
  [1m[35m (0.1ms)[0m  [1m[34mSELECT "schema_migrations"."version" FROM "schema_migrations" ORDER BY "schema_migrations"."version" ASC[0m
  [1m[35m (0.4ms)[0m  [1m[34mSELECT sqlite_version(*)[0m
  [1m[35m (0.1ms)[0m  [1m[34mSELECT "schema_migrations"."version" FROM "schema_migrations" ORDER BY "schema_migrations"."version" ASC[0m
  [1m[35m (0.1ms)[0m  [1m[34mSELECT "schema_migrations"."version" FROM "schema_migrations" ORDER BY "schema_migrations"."version" ASC[0m
  [1m[35m (0.1ms)[0m  [1m[34mSELECT "schema_migrations"."version" FROM "schema_migrations" ORDER BY "schema_migrations"."version" ASC[0m
  [1m[35m (0.0ms)[0m  [1m[34mSELECT "schema_migrations"."version" FROM "schema_migrations" ORDER BY "schema_migrations"."version" ASC[0m
Migrating to CreateAuthors (20221230150432)
  [1m[36mTRANSACTION (0.1ms)[0m  [1m[36mbegin transaction[0m
  [1m[35m (0.4ms)[0m  [1m[35mDROP TABLE "authors"[0m
  [1m[36mActiveRecord::SchemaMigration Destroy (0.1ms)[0m  [1m[31mDELETE FROM "schema_migrations" WHERE "schema_migrations"."version" = ?[0m  [["version", "20221230150432"]]
  [1m[36mTRANSACTION (6.6ms)[0m  [1m[36mcommit transaction[0m
  [1m[35m (0.0ms)[0m  [1m[34mSELECT sqlite_version(*)[0m
  [1m[35m (0.2ms)[0m  [1m[34mSELECT "schema_migrations"."version" FROM "schema_migrations" ORDER BY "schema_migrations"."version" ASC[0m
  [1m[35m (0.5ms)[0m  [1m[34mSELECT sqlite_version(*)[0m
  [1m[35m (0.1ms)[0m  [1m[34mSELECT "schema_migrations"."version" FROM "schema_migrations" ORDER BY "schema_migrations"."version" ASC[0m
Migrating to CreateAuthors (20221230150432)
  [1m[36mTRANSACTION (0.1ms)[0m  [1m[36mbegin transaction[0m
  [1m[35m (0.3ms)[0m  [1m[35mCREATE TABLE "authors" ("id" integer PRIMARY KEY AUTOINCREMENT NOT NULL, "name" varchar, "created_at" datetime(6) NOT NULL, "updated_at" datetime(6) NOT NULL)[0m
  [1m[36mActiveRecord::SchemaMigration Create (0.1ms)[0m  [1m[32mINSERT INTO "schema_migrations" ("version") VALUES (?)[0m  [["version", "20221230150432"]]
  [1m[36mTRANSACTION (6.5ms)[0m  [1m[36mcommit transaction[0m
Migrating to CreatePhysicains (20221230150501)
  [1m[36mTRANSACTION (0.1ms)[0m  [1m[36mbegin transaction[0m
  [1m[35m (0.3ms)[0m  [1m[35mCREATE TABLE "physicains" ("id" integer PRIMARY KEY AUTOINCREMENT NOT NULL, "name" varchar, "created_at" datetime(6) NOT NULL, "updated_at" datetime(6) NOT NULL)[0m
  [1m[36mActiveRecord::SchemaMigration Create (0.1ms)[0m  [1m[32mINSERT INTO "schema_migrations" ("version") VALUES (?)[0m  [["version", "20221230150501"]]
  [1m[36mTRANSACTION (2.3ms)[0m  [1m[36mcommit transaction[0m
Migrating to CreatePatients (20221230150515)
  [1m[36mTRANSACTION (0.0ms)[0m  [1m[36mbegin transaction[0m
  [1m[35m (0.3ms)[0m  [1m[35mCREATE TABLE "patients" ("id" integer PRIMARY KEY AUTOINCREMENT NOT NULL, "name" varchar, "created_at" datetime(6) NOT NULL, "updated_at" datetime(6) NOT NULL)[0m
  [1m[36mActiveRecord::SchemaMigration Create (0.2ms)[0m  [1m[32mINSERT INTO "schema_migrations" ("version") VALUES (?)[0m  [["version", "20221230150515"]]
  [1m[36mTRANSACTION (2.4ms)[0m  [1m[36mcommit transaction[0m
Migrating to CreateAppointments (20221230150611)
  [1m[36mTRANSACTION (0.1ms)[0m  [1m[36mbegin transaction[0m
  [1m[35m (0.3ms)[0m  [1m[35mCREATE TABLE "appointments" ("id" integer PRIMARY KEY AUTOINCREMENT NOT NULL, "name" varchar, "physicains_id" integer, "patients_id" integer, "created_at" datetime(6) NOT NULL, "updated_at" datetime(6) NOT NULL)[0m
  [1m[35m (0.2ms)[0m  [1m[35mCREATE INDEX "index_appointments_on_physicains_id" ON "appointments" ("physicains_id")[0m
  [1m[35m (0.1ms)[0m  [1m[35mCREATE INDEX "index_appointments_on_patients_id" ON "appointments" ("patients_id")[0m
  [1m[36mActiveRecord::SchemaMigration Create (0.1ms)[0m  [1m[32mINSERT INTO "schema_migrations" ("version") VALUES (?)[0m  [["version", "20221230150611"]]
  [1m[36mTRANSACTION (2.9ms)[0m  [1m[36mcommit transaction[0m
  [1m[36mActiveRecord::InternalMetadata Load (0.3ms)[0m  [1m[34mSELECT "ar_internal_metadata".* FROM "ar_internal_metadata" WHERE "ar_internal_metadata"."key" = ? LIMIT ?[0m  [["key", "environment"], ["LIMIT", 1]]
  [1m[35m (0.1ms)[0m  [1m[34mSELECT sqlite_version(*)[0m
  [1m[35m (0.1ms)[0m  [1m[34mSELECT "schema_migrations"."version" FROM "schema_migrations" ORDER BY "schema_migrations"."version" ASC[0m
  [1m[35m (0.4ms)[0m  [1m[34mSELECT sqlite_version(*)[0m
  [1m[35m (0.1ms)[0m  [1m[34mSELECT "schema_migrations"."version" FROM "schema_migrations" ORDER BY "schema_migrations"."version" ASC[0m
Migrating to CreateSchools (20221230162252)
  [1m[36mTRANSACTION (0.1ms)[0m  [1m[36mbegin transaction[0m
  [1m[35m (0.3ms)[0m  [1m[35mCREATE TABLE "schools" ("id" integer PRIMARY KEY AUTOINCREMENT NOT NULL, "name" varchar, "created_at" datetime(6) NOT NULL, "updated_at" datetime(6) NOT NULL)[0m
  [1m[36mActiveRecord::SchemaMigration Create (0.1ms)[0m  [1m[32mINSERT INTO "schema_migrations" ("version") VALUES (?)[0m  [["version", "20221230162252"]]
  [1m[36mTRANSACTION (3.2ms)[0m  [1m[36mcommit transaction[0m
Migrating to CreateStudents (20221230162326)
  [1m[36mTRANSACTION (0.1ms)[0m  [1m[36mbegin transaction[0m
  [1m[35m (0.3ms)[0m  [1m[35mCREATE TABLE "students" ("id" integer PRIMARY KEY AUTOINCREMENT NOT NULL, "name" varchar, "school_id" integer, "created_at" datetime(6) NOT NULL, "updated_at" datetime(6) NOT NULL)[0m
  [1m[35m (0.1ms)[0m  [1m[35mCREATE INDEX "index_students_on_school_id" ON "students" ("school_id")[0m
  [1m[36mActiveRecord::SchemaMigration Create (0.1ms)[0m  [1m[32mINSERT INTO "schema_migrations" ("version") VALUES (?)[0m  [["version", "20221230162326"]]
  [1m[36mTRANSACTION (2.4ms)[0m  [1m[36mcommit transaction[0m
  [1m[36mActiveRecord::InternalMetadata Load (0.6ms)[0m  [1m[34mSELECT "ar_internal_metadata".* FROM "ar_internal_metadata" WHERE "ar_internal_metadata"."key" = ? LIMIT ?[0m  [["key", "environment"], ["LIMIT", 1]]
  [1m[35m (0.0ms)[0m  [1m[34mSELECT sqlite_version(*)[0m
  [1m[35m (0.1ms)[0m  [1m[34mSELECT "schema_migrations"."version" FROM "schema_migrations" ORDER BY "schema_migrations"."version" ASC[0m
  [1m[35m (0.5ms)[0m  [1m[34mSELECT sqlite_version(*)[0m
  [1m[35m (0.1ms)[0m  [1m[34mSELECT "schema_migrations"."version" FROM "schema_migrations" ORDER BY "schema_migrations"."version" ASC[0m
Migrating to CreateTeachers (20221230162529)
  [1m[35m (0.4ms)[0m  [1m[34mSELECT sqlite_version(*)[0m
  [1m[35m (0.1ms)[0m  [1m[34mSELECT "schema_migrations"."version" FROM "schema_migrations" ORDER BY "schema_migrations"."version" ASC[0m
Migrating to CreateTeachers (20221230162529)
  [1m[36mTRANSACTION (0.2ms)[0m  [1m[36mbegin transaction[0m
  [1m[35m (0.8ms)[0m  [1m[35mCREATE TABLE "teachers" ("id" integer PRIMARY KEY AUTOINCREMENT NOT NULL, "name" varchar, "school_id" integer, "created_at" datetime(6) NOT NULL, "updated_at" datetime(6) NOT NULL)[0m
  [1m[35m (0.9ms)[0m  [1m[35mCREATE INDEX "index_teachers_on_school_id" ON "teachers" ("school_id")[0m
  [1m[36mActiveRecord::SchemaMigration Create (0.2ms)[0m  [1m[32mINSERT INTO "schema_migrations" ("version") VALUES (?)[0m  [["version", "20221230162529"]]
  [1m[36mTRANSACTION (4.3ms)[0m  [1m[36mcommit transaction[0m
  [1m[36mActiveRecord::InternalMetadata Load (0.2ms)[0m  [1m[34mSELECT "ar_internal_metadata".* FROM "ar_internal_metadata" WHERE "ar_internal_metadata"."key" = ? LIMIT ?[0m  [["key", "environment"], ["LIMIT", 1]]
  [1m[35m (0.1ms)[0m  [1m[34mSELECT sqlite_version(*)[0m
  [1m[35m (0.1ms)[0m  [1m[34mSELECT "schema_migrations"."version" FROM "schema_migrations" ORDER BY "schema_migrations"."version" ASC[0m
  [1m[35m (0.5ms)[0m  [1m[34mSELECT sqlite_version(*)[0m
  [1m[35m (0.0ms)[0m  [1m[34mSELECT sqlite_version(*)[0m
  [1m[35m (0.3ms)[0m  [1m[34mSELECT "schema_migrations"."version" FROM "schema_migrations" ORDER BY "schema_migrations"."version" ASC[0m
  [1m[35m (0.1ms)[0m  [1m[34mSELECT "ar_internal_metadata"."value" FROM "ar_internal_metadata" WHERE "ar_internal_metadata"."key" = ?[0m  [["key", "environment"]]
  [1m[35m (0.1ms)[0m  [1m[34mSELECT "schema_migrations"."version" FROM "schema_migrations" ORDER BY "schema_migrations"."version" ASC[0m
  [1m[35m (0.1ms)[0m  [1m[34mSELECT "ar_internal_metadata"."value" FROM "ar_internal_metadata" WHERE "ar_internal_metadata"."key" = ?[0m  [["key", "environment"]]
  [1m[35m (0.1ms)[0m  [1m[34mSELECT "schema_migrations"."version" FROM "schema_migrations" ORDER BY "schema_migrations"."version" ASC[0m
  [1m[35m (0.1ms)[0m  [1m[34mSELECT "ar_internal_metadata"."value" FROM "ar_internal_metadata" WHERE "ar_internal_metadata"."key" = ?[0m  [["key", "environment"]]
  [1m[35m (0.1ms)[0m  [1m[34mSELECT sqlite_version(*)[0m
  [1m[35m (4.4ms)[0m  [1m[35mDROP TABLE IF EXISTS "appointments"[0m
  [1m[35m (2.4ms)[0m  [1m[35mCREATE TABLE "appointments" ("id" integer PRIMARY KEY AUTOINCREMENT NOT NULL, "name" varchar, "physicains_id" integer, "patients_id" integer, "created_at" datetime(6) NOT NULL, "updated_at" datetime(6) NOT NULL)[0m
  [1m[35m (2.7ms)[0m  [1m[35mCREATE INDEX "index_appointments_on_patients_id" ON "appointments" ("patients_id")[0m
  [1m[35m (2.4ms)[0m  [1m[35mCREATE INDEX "index_appointments_on_physicains_id" ON "appointments" ("physicains_id")[0m
  [1m[35m (2.3ms)[0m  [1m[35mDROP TABLE IF EXISTS "authors"[0m
  [1m[35m (2.2ms)[0m  [1m[35mCREATE TABLE "authors" ("id" integer PRIMARY KEY AUTOINCREMENT NOT NULL, "name" varchar, "created_at" datetime(6) NOT NULL, "updated_at" datetime(6) NOT NULL)[0m
  [1m[35m (2.5ms)[0m  [1m[35mDROP TABLE IF EXISTS "patients"[0m
  [1m[35m (2.5ms)[0m  [1m[35mCREATE TABLE "patients" ("id" integer PRIMARY KEY AUTOINCREMENT NOT NULL, "name" varchar, "created_at" datetime(6) NOT NULL, "updated_at" datetime(6) NOT NULL)[0m
  [1m[35m (2.1ms)[0m  [1m[35mDROP TABLE IF EXISTS "physicains"[0m
  [1m[35m (2.0ms)[0m  [1m[35mCREATE TABLE "physicains" ("id" integer PRIMARY KEY AUTOINCREMENT NOT NULL, "name" varchar, "created_at" datetime(6) NOT NULL, "updated_at" datetime(6) NOT NULL)[0m
  [1m[35m (1.9ms)[0m  [1m[35mDROP TABLE IF EXISTS "schools"[0m
  [1m[35m (2.5ms)[0m  [1m[35mCREATE TABLE "schools" ("id" integer PRIMARY KEY AUTOINCREMENT NOT NULL, "name" varchar, "created_at" datetime(6) NOT NULL, "updated_at" datetime(6) NOT NULL)[0m
  [1m[35m (1.9ms)[0m  [1m[35mDROP TABLE IF EXISTS "students"[0m
  [1m[35m (1.8ms)[0m  [1m[35mCREATE TABLE "students" ("id" integer PRIMARY KEY AUTOINCREMENT NOT NULL, "name" varchar, "school_id" integer, "created_at" datetime(6) NOT NULL, "updated_at" datetime(6) NOT NULL)[0m
  [1m[35m (2.5ms)[0m  [1m[35mCREATE INDEX "index_students_on_school_id" ON "students" ("school_id")[0m
  [1m[35m (2.0ms)[0m  [1m[35mDROP TABLE IF EXISTS "teachers"[0m
  [1m[35m (1.9ms)[0m  [1m[35mCREATE TABLE "teachers" ("id" integer PRIMARY KEY AUTOINCREMENT NOT NULL, "name" varchar, "school_id" integer, "created_at" datetime(6) NOT NULL, "updated_at" datetime(6) NOT NULL)[0m
  [1m[35m (2.0ms)[0m  [1m[35mCREATE INDEX "index_teachers_on_school_id" ON "teachers" ("school_id")[0m
  [1m[35m (0.1ms)[0m  [1m[34mSELECT "schema_migrations"."version" FROM "schema_migrations" ORDER BY "schema_migrations"."version" ASC[0m
  [1m[36mActiveRecord::InternalMetadata Load (0.1ms)[0m  [1m[34mSELECT "ar_internal_metadata".* FROM "ar_internal_metadata" WHERE "ar_internal_metadata"."key" = ? LIMIT ?[0m  [["key", "environment"], ["LIMIT", 1]]
  [1m[36mActiveRecord::InternalMetadata Load (0.1ms)[0m  [1m[34mSELECT "ar_internal_metadata".* FROM "ar_internal_metadata" WHERE "ar_internal_metadata"."key" = ? LIMIT ?[0m  [["key", "environment"], ["LIMIT", 1]]
  [1m[36mActiveRecord::InternalMetadata Load (0.1ms)[0m  [1m[34mSELECT "ar_internal_metadata".* FROM "ar_internal_metadata" WHERE "ar_internal_metadata"."key" = ? LIMIT ?[0m  [["key", "schema_sha1"], ["LIMIT", 1]]
  [1m[36mTRANSACTION (0.0ms)[0m  [1m[36mbegin transaction[0m
  [1m[36mActiveRecord::InternalMetadata Create (0.2ms)[0m  [1m[32mINSERT INTO "ar_internal_metadata" ("key", "value", "created_at", "updated_at") VALUES (?, ?, ?, ?)[0m  [["key", "schema_sha1"], ["value", "c4673435002866718aceab74971984954b82eb85"], ["created_at", "2022-12-30 16:30:54.877584"], ["updated_at", "2022-12-30 16:30:54.877584"]]
  [1m[36mTRANSACTION (1.7ms)[0m  [1m[36mcommit transaction[0m
  [1m[35m (0.1ms)[0m  [1m[34mSELECT sqlite_version(*)[0m
  [1m[35m (0.1ms)[0m  [1m[35mDROP TABLE IF EXISTS "appointments"[0m
  [1m[35m (2.3ms)[0m  [1m[35mCREATE TABLE "appointments" ("id" integer PRIMARY KEY AUTOINCREMENT NOT NULL, "name" varchar, "physicains_id" integer, "patients_id" integer, "created_at" datetime(6) NOT NULL, "updated_at" datetime(6) NOT NULL)[0m
  [1m[35m (2.2ms)[0m  [1m[35mCREATE INDEX "index_appointments_on_patients_id" ON "appointments" ("patients_id")[0m
  [1m[35m (2.4ms)[0m  [1m[35mCREATE INDEX "index_appointments_on_physicains_id" ON "appointments" ("physicains_id")[0m
  [1m[35m (0.1ms)[0m  [1m[35mDROP TABLE IF EXISTS "authors"[0m
  [1m[35m (2.6ms)[0m  [1m[35mCREATE TABLE "authors" ("id" integer PRIMARY KEY AUTOINCREMENT NOT NULL, "name" varchar, "created_at" datetime(6) NOT NULL, "updated_at" datetime(6) NOT NULL)[0m
  [1m[35m (0.1ms)[0m  [1m[35mDROP TABLE IF EXISTS "patients"[0m
  [1m[35m (2.4ms)[0m  [1m[35mCREATE TABLE "patients" ("id" integer PRIMARY KEY AUTOINCREMENT NOT NULL, "name" varchar, "created_at" datetime(6) NOT NULL, "updated_at" datetime(6) NOT NULL)[0m
  [1m[35m (0.1ms)[0m  [1m[35mDROP TABLE IF EXISTS "physicains"[0m
  [1m[35m (2.6ms)[0m  [1m[35mCREATE TABLE "physicains" ("id" integer PRIMARY KEY AUTOINCREMENT NOT NULL, "name" varchar, "created_at" datetime(6) NOT NULL, "updated_at" datetime(6) NOT NULL)[0m
  [1m[35m (0.1ms)[0m  [1m[35mDROP TABLE IF EXISTS "schools"[0m
  [1m[35m (2.4ms)[0m  [1m[35mCREATE TABLE "schools" ("id" integer PRIMARY KEY AUTOINCREMENT NOT NULL, "name" varchar, "created_at" datetime(6) NOT NULL, "updated_at" datetime(6) NOT NULL)[0m
  [1m[35m (0.1ms)[0m  [1m[35mDROP TABLE IF EXISTS "students"[0m
  [1m[35m (2.3ms)[0m  [1m[35mCREATE TABLE "students" ("id" integer PRIMARY KEY AUTOINCREMENT NOT NULL, "name" varchar, "school_id" integer, "created_at" datetime(6) NOT NULL, "updated_at" datetime(6) NOT NULL)[0m
  [1m[35m (2.5ms)[0m  [1m[35mCREATE INDEX "index_students_on_school_id" ON "students" ("school_id")[0m
  [1m[35m (0.1ms)[0m  [1m[35mDROP TABLE IF EXISTS "teachers"[0m
  [1m[35m (3.1ms)[0m  [1m[35mCREATE TABLE "teachers" ("id" integer PRIMARY KEY AUTOINCREMENT NOT NULL, "name" varchar, "school_id" integer, "created_at" datetime(6) NOT NULL, "updated_at" datetime(6) NOT NULL)[0m
  [1m[35m (2.7ms)[0m  [1m[35mCREATE INDEX "index_teachers_on_school_id" ON "teachers" ("school_id")[0m
  [1m[35m (2.9ms)[0m  [1m[35mCREATE TABLE "schema_migrations" ("version" varchar NOT NULL PRIMARY KEY)[0m
  [1m[35m (0.1ms)[0m  [1m[34mSELECT "schema_migrations"."version" FROM "schema_migrations" ORDER BY "schema_migrations"."version" ASC[0m
  [1m[35m (1.9ms)[0m  [1m[32mINSERT INTO "schema_migrations" (version) VALUES (20221230162529)[0m
  [1m[35m (1.9ms)[0m  [1m[32mINSERT INTO "schema_migrations" (version) VALUES
(20221230150432),
(20221230150501),
(20221230150515),
(20221230150611),
(20221230162252),
(20221230162326);

[0m
  [1m[35m (3.4ms)[0m  [1m[35mCREATE TABLE "ar_internal_metadata" ("key" varchar NOT NULL PRIMARY KEY, "value" varchar, "created_at" datetime(6) NOT NULL, "updated_at" datetime(6) NOT NULL)[0m
  [1m[36mActiveRecord::InternalMetadata Load (0.1ms)[0m  [1m[34mSELECT "ar_internal_metadata".* FROM "ar_internal_metadata" WHERE "ar_internal_metadata"."key" = ? LIMIT ?[0m  [["key", "environment"], ["LIMIT", 1]]
  [1m[36mTRANSACTION (0.0ms)[0m  [1m[36mbegin transaction[0m
  [1m[36mActiveRecord::InternalMetadata Create (0.2ms)[0m  [1m[32mINSERT INTO "ar_internal_metadata" ("key", "value", "created_at", "updated_at") VALUES (?, ?, ?, ?)[0m  [["key", "environment"], ["value", "development"], ["created_at", "2022-12-30 16:30:54.957919"], ["updated_at", "2022-12-30 16:30:54.957919"]]
  [1m[36mTRANSACTION (2.3ms)[0m  [1m[36mcommit transaction[0m
  [1m[36mActiveRecord::InternalMetadata Load (0.1ms)[0m  [1m[34mSELECT "ar_internal_metadata".* FROM "ar_internal_metadata" WHERE "ar_internal_metadata"."key" = ? LIMIT ?[0m  [["key", "environment"], ["LIMIT", 1]]
  [1m[36mTRANSACTION (0.0ms)[0m  [1m[36mbegin transaction[0m
  [1m[36mActiveRecord::InternalMetadata Update (0.2ms)[0m  [1m[33mUPDATE "ar_internal_metadata" SET "value" = ?, "updated_at" = ? WHERE "ar_internal_metadata"."key" = ?[0m  [["value", "test"], ["updated_at", "2022-12-30 16:30:54.964503"], ["key", "environment"]]
  [1m[36mTRANSACTION (1.8ms)[0m  [1m[36mcommit transaction[0m
  [1m[36mActiveRecord::InternalMetadata Load (0.1ms)[0m  [1m[34mSELECT "ar_internal_metadata".* FROM "ar_internal_metadata" WHERE "ar_internal_metadata"."key" = ? LIMIT ?[0m  [["key", "schema_sha1"], ["LIMIT", 1]]
  [1m[36mTRANSACTION (0.0ms)[0m  [1m[36mbegin transaction[0m
  [1m[36mActiveRecord::InternalMetadata Create (0.2ms)[0m  [1m[32mINSERT INTO "ar_internal_metadata" ("key", "value", "created_at", "updated_at") VALUES (?, ?, ?, ?)[0m  [["key", "schema_sha1"], ["value", "c4673435002866718aceab74971984954b82eb85"], ["created_at", "2022-12-30 16:30:54.970387"], ["updated_at", "2022-12-30 16:30:54.970387"]]
  [1m[36mTRANSACTION (2.1ms)[0m  [1m[36mcommit transaction[0m
  [1m[35m (0.0ms)[0m  [1m[34mSELECT sqlite_version(*)[0m
  [1m[35m (0.1ms)[0m  [1m[34mSELECT "schema_migrations"."version" FROM "schema_migrations" ORDER BY "schema_migrations"."version" ASC[0m
  [1m[35m (0.4ms)[0m  [1m[34mSELECT sqlite_version(*)[0m
  [1m[35m (0.1ms)[0m  [1m[34mSELECT "schema_migrations"."version" FROM "schema_migrations" ORDER BY "schema_migrations"."version" ASC[0m
  [1m[35m (0.5ms)[0m  [1m[34mSELECT sqlite_version(*)[0m
  [1m[35m (0.1ms)[0m  [1m[34mSELECT "schema_migrations"."version" FROM "schema_migrations" ORDER BY "schema_migrations"."version" ASC[0m
  [1m[35m (0.4ms)[0m  [1m[34mSELECT sqlite_version(*)[0m
  [1m[35m (0.1ms)[0m  [1m[34mSELECT "schema_migrations"."version" FROM "schema_migrations" ORDER BY "schema_migrations"."version" ASC[0m
  [1m[35m (0.1ms)[0m  [1m[34mSELECT sqlite_version(*)[0m
  [1m[36mTRANSACTION (0.0ms)[0m  [1m[36mbegin transaction[0m
  [1m[36mSchool Create (0.2ms)[0m  [1m[32mINSERT INTO "schools" ("name", "created_at", "updated_at") VALUES (?, ?, ?)[0m  [["name", "Brandon Bailey DDS"], ["created_at", "2022-12-30 16:36:58.447214"], ["updated_at", "2022-12-30 16:36:58.447214"]]
  [1m[36mTRANSACTION (6.1ms)[0m  [1m[36mcommit transaction[0m
  [1m[36mTRANSACTION (0.0ms)[0m  [1m[36mbegin transaction[0m
  [1m[36mSchool Create (0.2ms)[0m  [1m[32mINSERT INTO "schools" ("name", "created_at", "updated_at") VALUES (?, ?, ?)[0m  [["name", "Monty Corwin"], ["created_at", "2022-12-30 16:36:58.457718"], ["updated_at", "2022-12-30 16:36:58.457718"]]
  [1m[36mTRANSACTION (2.5ms)[0m  [1m[36mcommit transaction[0m
  [1m[36mTRANSACTION (0.0ms)[0m  [1m[36mbegin transaction[0m
  [1m[36mSchool Create (0.2ms)[0m  [1m[32mINSERT INTO "schools" ("name", "created_at", "updated_at") VALUES (?, ?, ?)[0m  [["name", "Cortez Ullrich"], ["created_at", "2022-12-30 16:36:58.464032"], ["updated_at", "2022-12-30 16:36:58.464032"]]
  [1m[36mTRANSACTION (1.9ms)[0m  [1m[36mcommit transaction[0m
  [1m[36mTRANSACTION (0.0ms)[0m  [1m[36mbegin transaction[0m
  [1m[36mSchool Create (0.2ms)[0m  [1m[32mINSERT INTO "schools" ("name", "created_at", "updated_at") VALUES (?, ?, ?)[0m  [["name", "Msgr. Jacalyn Skiles"], ["created_at", "2022-12-30 16:36:58.470233"], ["updated_at", "2022-12-30 16:36:58.470233"]]
  [1m[36mTRANSACTION (2.2ms)[0m  [1m[36mcommit transaction[0m
  [1m[36mTRANSACTION (0.1ms)[0m  [1m[36mbegin transaction[0m
  [1m[36mSchool Create (0.2ms)[0m  [1m[32mINSERT INTO "schools" ("name", "created_at", "updated_at") VALUES (?, ?, ?)[0m  [["name", "Arnold Harris"], ["created_at", "2022-12-30 16:36:58.487020"], ["updated_at", "2022-12-30 16:36:58.487020"]]
  [1m[36mTRANSACTION (1.7ms)[0m  [1m[36mcommit transaction[0m
  [1m[36mTRANSACTION (0.0ms)[0m  [1m[36mbegin transaction[0m
  [1m[36mSchool Create (0.2ms)[0m  [1m[32mINSERT INTO "schools" ("name", "created_at", "updated_at") VALUES (?, ?, ?)[0m  [["name", "Briana Kling"], ["created_at", "2022-12-30 16:36:58.492892"], ["updated_at", "2022-12-30 16:36:58.492892"]]
  [1m[36mTRANSACTION (1.7ms)[0m  [1m[36mcommit transaction[0m
  [1m[36mTRANSACTION (0.1ms)[0m  [1m[36mbegin transaction[0m
  [1m[36mSchool Create (0.2ms)[0m  [1m[32mINSERT INTO "schools" ("name", "created_at", "updated_at") VALUES (?, ?, ?)[0m  [["name", "Mrs. Santo Kozey"], ["created_at", "2022-12-30 16:36:58.499037"], ["updated_at", "2022-12-30 16:36:58.499037"]]
  [1m[36mTRANSACTION (2.2ms)[0m  [1m[36mcommit transaction[0m
  [1m[36mTRANSACTION (0.0ms)[0m  [1m[36mbegin transaction[0m
  [1m[36mSchool Create (0.2ms)[0m  [1m[32mINSERT INTO "schools" ("name", "created_at", "updated_at") VALUES (?, ?, ?)[0m  [["name", "Msgr. Jules Emmerich"], ["created_at", "2022-12-30 16:36:58.506643"], ["updated_at", "2022-12-30 16:36:58.506643"]]
  [1m[36mTRANSACTION (1.7ms)[0m  [1m[36mcommit transaction[0m
  [1m[36mTRANSACTION (0.0ms)[0m  [1m[36mbegin transaction[0m
  [1m[36mSchool Create (0.2ms)[0m  [1m[32mINSERT INTO "schools" ("name", "created_at", "updated_at") VALUES (?, ?, ?)[0m  [["name", "Awilda Wunsch DO"], ["created_at", "2022-12-30 16:36:58.512499"], ["updated_at", "2022-12-30 16:36:58.512499"]]
  [1m[36mTRANSACTION (1.7ms)[0m  [1m[36mcommit transaction[0m
  [1m[36mTRANSACTION (0.0ms)[0m  [1m[36mbegin transaction[0m
  [1m[36mSchool Create (0.3ms)[0m  [1m[32mINSERT INTO "schools" ("name", "created_at", "updated_at") VALUES (?, ?, ?)[0m  [["name", "Lee Erdman Jr."], ["created_at", "2022-12-30 16:36:58.518333"], ["updated_at", "2022-12-30 16:36:58.518333"]]
  [1m[36mTRANSACTION (1.9ms)[0m  [1m[36mcommit transaction[0m
  [1m[35m (0.5ms)[0m  [1m[34mSELECT sqlite_version(*)[0m
  [1m[36mSchool Load (0.2ms)[0m  [1m[34mSELECT "schools".* FROM "schools"[0m
  [1m[35m (0.4ms)[0m  [1m[34mSELECT sqlite_version(*)[0m
  [1m[35m (0.1ms)[0m  [1m[34mSELECT "schema_migrations"."version" FROM "schema_migrations" ORDER BY "schema_migrations"."version" ASC[0m
  [1m[35m (0.6ms)[0m  [1m[34mSELECT sqlite_version(*)[0m
  [1m[35m (0.1ms)[0m  [1m[34mSELECT "schema_migrations"."version" FROM "schema_migrations" ORDER BY "schema_migrations"."version" ASC[0m
  [1m[35m (0.7ms)[0m  [1m[34mSELECT sqlite_version(*)[0m
  [1m[35m (0.2ms)[0m  [1m[34mSELECT "schema_migrations"."version" FROM "schema_migrations" ORDER BY "schema_migrations"."version" ASC[0m
  [1m[35m (0.5ms)[0m  [1m[34mSELECT sqlite_version(*)[0m
  [1m[35m (0.1ms)[0m  [1m[34mSELECT "schema_migrations"."version" FROM "schema_migrations" ORDER BY "schema_migrations"."version" ASC[0m
  [1m[35m (0.4ms)[0m  [1m[34mSELECT sqlite_version(*)[0m
  [1m[35m (0.1ms)[0m  [1m[34mSELECT "schema_migrations"."version" FROM "schema_migrations" ORDER BY "schema_migrations"."version" ASC[0m
  [1m[35m (0.1ms)[0m  [1m[34mSELECT sqlite_version(*)[0m
  [1m[35m (1.5ms)[0m  [1m[34mSELECT sqlite_version(*)[0m
  [1m[36mStudent Load (0.5ms)[0m  [1m[34mSELECT "students".* FROM "students"[0m
  [1m[36mSchool Load (0.8ms)[0m  [1m[34mSELECT "schools".* FROM "schools"[0m
  [1m[35m (0.4ms)[0m  [1m[34mSELECT sqlite_version(*)[0m
  [1m[35m (0.1ms)[0m  [1m[34mSELECT "schema_migrations"."version" FROM "schema_migrations" ORDER BY "schema_migrations"."version" ASC[0m
  [1m[35m (0.1ms)[0m  [1m[34mSELECT sqlite_version(*)[0m
  [1m[35m (0.6ms)[0m  [1m[34mSELECT sqlite_version(*)[0m
  [1m[35m (0.1ms)[0m  [1m[34mSELECT "schema_migrations"."version" FROM "schema_migrations" ORDER BY "schema_migrations"."version" ASC[0m
  [1m[35m (0.1ms)[0m  [1m[34mSELECT sqlite_version(*)[0m
  [1m[36mTRANSACTION (0.1ms)[0m  [1m[36mbegin transaction[0m
  [1m[36mSchool Load (0.1ms)[0m  [1m[34mSELECT "schools".* FROM "schools" WHERE "schools"."id" = ? LIMIT ?[0m  [["id", 1], ["LIMIT", 1]]
  [1m[36mStudent Create (0.3ms)[0m  [1m[32mINSERT INTO "students" ("name", "school_id", "created_at", "updated_at") VALUES (?, ?, ?, ?)[0m  [["name", "Roosevelt Jones"], ["school_id", 1], ["created_at", "2022-12-30 16:48:27.223769"], ["updated_at", "2022-12-30 16:48:27.223769"]]
  [1m[36mTRANSACTION (3.4ms)[0m  [1m[36mcommit transaction[0m
  [1m[36mTRANSACTION (0.0ms)[0m  [1m[36mbegin transaction[0m
  [1m[36mSchool Load (0.1ms)[0m  [1m[34mSELECT "schools".* FROM "schools" WHERE "schools"."id" = ? LIMIT ?[0m  [["id", 1], ["LIMIT", 1]]
  [1m[36mStudent Create (0.2ms)[0m  [1m[32mINSERT INTO "students" ("name", "school_id", "created_at", "updated_at") VALUES (?, ?, ?, ?)[0m  [["name", "Amina Runolfsdottir"], ["school_id", 1], ["created_at", "2022-12-30 16:48:27.233303"], ["updated_at", "2022-12-30 16:48:27.233303"]]
  [1m[36mTRANSACTION (1.8ms)[0m  [1m[36mcommit transaction[0m
  [1m[36mTRANSACTION (0.0ms)[0m  [1m[36mbegin transaction[0m
  [1m[36mSchool Load (0.1ms)[0m  [1m[34mSELECT "schools".* FROM "schools" WHERE "schools"."id" = ? LIMIT ?[0m  [["id", 1], ["LIMIT", 1]]
  [1m[36mStudent Create (0.3ms)[0m  [1m[32mINSERT INTO "students" ("name", "school_id", "created_at", "updated_at") VALUES (?, ?, ?, ?)[0m  [["name", "Joel Steuber"], ["school_id", 1], ["created_at", "2022-12-30 16:48:27.239567"], ["updated_at", "2022-12-30 16:48:27.239567"]]
  [1m[36mTRANSACTION (2.4ms)[0m  [1m[36mcommit transaction[0m
  [1m[36mTRANSACTION (0.0ms)[0m  [1m[36mbegin transaction[0m
  [1m[36mSchool Load (0.1ms)[0m  [1m[34mSELECT "schools".* FROM "schools" WHERE "schools"."id" = ? LIMIT ?[0m  [["id", 1], ["LIMIT", 1]]
  [1m[36mStudent Create (0.2ms)[0m  [1m[32mINSERT INTO "students" ("name", "school_id", "created_at", "updated_at") VALUES (?, ?, ?, ?)[0m  [["name", "Antoinette Deckow"], ["school_id", 1], ["created_at", "2022-12-30 16:48:27.247277"], ["updated_at", "2022-12-30 16:48:27.247277"]]
  [1m[36mTRANSACTION (2.2ms)[0m  [1m[36mcommit transaction[0m
  [1m[36mTRANSACTION (0.0ms)[0m  [1m[36mbegin transaction[0m
  [1m[36mSchool Load (0.1ms)[0m  [1m[34mSELECT "schools".* FROM "schools" WHERE "schools"."id" = ? LIMIT ?[0m  [["id", 1], ["LIMIT", 1]]
  [1m[36mStudent Create (0.2ms)[0m  [1m[32mINSERT INTO "students" ("name", "school_id", "created_at", "updated_at") VALUES (?, ?, ?, ?)[0m  [["name", "Duncan Feeney Jr."], ["school_id", 1], ["created_at", "2022-12-30 16:48:27.255789"], ["updated_at", "2022-12-30 16:48:27.255789"]]
  [1m[36mTRANSACTION (2.4ms)[0m  [1m[36mcommit transaction[0m
  [1m[35m (1.6ms)[0m  [1m[34mSELECT sqlite_version(*)[0m
  [1m[36mStudent Load (0.4ms)[0m  [1m[34mSELECT "students".* FROM "students"[0m
  [1m[35m (0.5ms)[0m  [1m[34mSELECT sqlite_version(*)[0m
  [1m[35m (0.1ms)[0m  [1m[34mSELECT "schema_migrations"."version" FROM "schema_migrations" ORDER BY "schema_migrations"."version" ASC[0m
  [1m[35m (0.4ms)[0m  [1m[34mSELECT sqlite_version(*)[0m
  [1m[35m (0.1ms)[0m  [1m[34mSELECT "schema_migrations"."version" FROM "schema_migrations" ORDER BY "schema_migrations"."version" ASC[0m
  [1m[35m (0.1ms)[0m  [1m[34mSELECT sqlite_version(*)[0m
  [1m[36mTRANSACTION (0.1ms)[0m  [1m[36mbegin transaction[0m
  [1m[36mSchool Load (0.2ms)[0m  [1m[34mSELECT "schools".* FROM "schools" WHERE "schools"."id" = ? LIMIT ?[0m  [["id", 4], ["LIMIT", 1]]
  [1m[36mStudent Create (0.4ms)[0m  [1m[32mINSERT INTO "students" ("name", "school_id", "created_at", "updated_at") VALUES (?, ?, ?, ?)[0m  [["name", "Alease Braun"], ["school_id", 4], ["created_at", "2022-12-30 16:52:05.156773"], ["updated_at", "2022-12-30 16:52:05.156773"]]
  [1m[36mTRANSACTION (6.0ms)[0m  [1m[36mcommit transaction[0m
  [1m[36mTRANSACTION (0.0ms)[0m  [1m[36mbegin transaction[0m
  [1m[36mSchool Load (0.1ms)[0m  [1m[34mSELECT "schools".* FROM "schools" WHERE "schools"."id" = ? LIMIT ?[0m  [["id", 6], ["LIMIT", 1]]
  [1m[36mStudent Create (0.3ms)[0m  [1m[32mINSERT INTO "students" ("name", "school_id", "created_at", "updated_at") VALUES (?, ?, ?, ?)[0m  [["name", "Aurelio Moore Esq."], ["school_id", 6], ["created_at", "2022-12-30 16:52:05.170294"], ["updated_at", "2022-12-30 16:52:05.170294"]]
  [1m[36mTRANSACTION (2.2ms)[0m  [1m[36mcommit transaction[0m
  [1m[36mTRANSACTION (0.1ms)[0m  [1m[36mbegin transaction[0m
  [1m[36mSchool Load (0.1ms)[0m  [1m[34mSELECT "schools".* FROM "schools" WHERE "schools"."id" = ? LIMIT ?[0m  [["id", 4], ["LIMIT", 1]]
  [1m[36mStudent Create (0.3ms)[0m  [1m[32mINSERT INTO "students" ("name", "school_id", "created_at", "updated_at") VALUES (?, ?, ?, ?)[0m  [["name", "Rep. Mckinley Boyle"], ["school_id", 4], ["created_at", "2022-12-30 16:52:05.182253"], ["updated_at", "2022-12-30 16:52:05.182253"]]
  [1m[36mTRANSACTION (2.1ms)[0m  [1m[36mcommit transaction[0m
  [1m[36mTRANSACTION (0.1ms)[0m  [1m[36mbegin transaction[0m
  [1m[36mSchool Load (0.1ms)[0m  [1m[34mSELECT "schools".* FROM "schools" WHERE "schools"."id" = ? LIMIT ?[0m  [["id", 7], ["LIMIT", 1]]
  [1m[36mStudent Create (0.2ms)[0m  [1m[32mINSERT INTO "students" ("name", "school_id", "created_at", "updated_at") VALUES (?, ?, ?, ?)[0m  [["name", "Floria Walker"], ["school_id", 7], ["created_at", "2022-12-30 16:52:05.191755"], ["updated_at", "2022-12-30 16:52:05.191755"]]
  [1m[36mTRANSACTION (1.9ms)[0m  [1m[36mcommit transaction[0m
  [1m[36mTRANSACTION (0.0ms)[0m  [1m[36mbegin transaction[0m
  [1m[36mSchool Load (0.1ms)[0m  [1m[34mSELECT "schools".* FROM "schools" WHERE "schools"."id" = ? LIMIT ?[0m  [["id", 8], ["LIMIT", 1]]
  [1m[36mStudent Create (0.3ms)[0m  [1m[32mINSERT INTO "students" ("name", "school_id", "created_at", "updated_at") VALUES (?, ?, ?, ?)[0m  [["name", "Cicely Kuhic"], ["school_id", 8], ["created_at", "2022-12-30 16:52:05.200205"], ["updated_at", "2022-12-30 16:52:05.200205"]]
  [1m[36mTRANSACTION (2.1ms)[0m  [1m[36mcommit transaction[0m
  [1m[35m (1.3ms)[0m  [1m[34mSELECT sqlite_version(*)[0m
  [1m[36mStudent Load (0.5ms)[0m  [1m[34mSELECT "students".* FROM "students"[0m
  [1m[36mSchool Load (0.2ms)[0m  [1m[34mSELECT "schools".* FROM "schools" INNER JOIN "students" ON "students"."school_id" = "schools"."id" WHERE "schools"."name" = ?[0m  [["name", "Cicely Kuhic"]]
  [1m[36mSchool Load (0.6ms)[0m  [1m[34mSELECT "schools".* FROM "schools"[0m
  [1m[36mSchool Load (0.3ms)[0m  [1m[34mSELECT "schools".* FROM "schools" INNER JOIN "students" ON "students"."school_id" = "schools"."id" WHERE "schools"."name" = ?[0m  [["name", "Awilda Wunsch DO"]]
  [1m[36mStudent Load (0.6ms)[0m  [1m[34mSELECT "students".* FROM "students"[0m
  [1m[36mStudent Load (0.6ms)[0m  [1m[34mSELECT "students".* FROM "students" WHERE "students"."name" = ?[0m  [["name", "Cicely Kuhic"]]
  [1m[36mSchool Load (0.3ms)[0m  [1m[34mSELECT "schools".* FROM "schools" INNER JOIN "students" ON "students"."school_id" = "schools"."id" WHERE "schools"."name" = ?[0m  [["name", "Cicely Kuhic"]]
  [1m[36mSchool Load (0.5ms)[0m  [1m[34mSELECT "schools".* FROM "schools" INNER JOIN "students" ON "students"."school_id" = "schools"."id" WHERE (students.name='Cicely Kuhic')[0m
  [1m[36mSchool Load (0.5ms)[0m  [1m[34mSELECT "schools".* FROM "schools" INNER JOIN "students" ON "students"."school_id" = "schools"."id" WHERE "students"."name" = ?[0m  [["name", "Cicely Kuhic"]]
  [1m[36mStudent Load (0.4ms)[0m  [1m[34mSELECT "students".* FROM "students"[0m
  [1m[36mTRANSACTION (0.1ms)[0m  [1m[36mbegin transaction[0m
  [1m[36mSchool Load (0.2ms)[0m  [1m[34mSELECT "schools".* FROM "schools" WHERE "schools"."id" = ? LIMIT ?[0m  [["id", 8], ["LIMIT", 1]]
  [1m[36mStudent Create (0.4ms)[0m  [1m[32mINSERT INTO "students" ("name", "school_id", "created_at", "updated_at") VALUES (?, ?, ?, ?)[0m  [["name", "khoa"], ["school_id", 8], ["created_at", "2022-12-30 17:10:16.046686"], ["updated_at", "2022-12-30 17:10:16.046686"]]
  [1m[36mTRANSACTION (6.9ms)[0m  [1m[36mcommit transaction[0m
  [1m[36mTRANSACTION (0.1ms)[0m  [1m[36mbegin transaction[0m
  [1m[36mSchool Load (0.2ms)[0m  [1m[34mSELECT "schools".* FROM "schools" WHERE "schools"."id" = ? LIMIT ?[0m  [["id", 8], ["LIMIT", 1]]
  [1m[36mTeacher Create (0.4ms)[0m  [1m[32mINSERT INTO "teachers" ("name", "school_id", "created_at", "updated_at") VALUES (?, ?, ?, ?)[0m  [["name", "khoa1"], ["school_id", 8], ["created_at", "2022-12-30 17:11:12.161112"], ["updated_at", "2022-12-30 17:11:12.161112"]]
  [1m[36mTRANSACTION (2.6ms)[0m  [1m[36mcommit transaction[0m
  [1m[36mSchool Load (0.9ms)[0m  [1m[34mSELECT "schools".* FROM "schools" INNER JOIN "students" ON "students"."school_id" = "schools"."id"[0m
  [1m[35m (0.7ms)[0m  [1m[34mSELECT sqlite_version(*)[0m
  [1m[36mSchool Load (0.1ms)[0m  [1m[34mSELECT "schools".* FROM "schools" INNER JOIN "teachers" ON "teachers"."school_id" = "schools"."id"[0m
  [1m[36mSchool Load (0.9ms)[0m  [1m[34mSELECT "schools".* FROM "schools" INNER JOIN "students" ON "students"."school_id" = "schools"."id" INNER JOIN "teachers" ON "teachers"."school_id" = "schools"."id" WHERE "students"."name" = ? AND "teachers"."name" = ?[0m  [["name", "khoa"], ["name", "khoa1"]]
  [1m[36mSchool Load (0.7ms)[0m  [1m[34mSELECT "schools".* FROM "schools" WHERE "schools"."name" = ?[0m  [["name", "Msgr. Jules Emmerich"]]
  [1m[36mSchool Load (0.5ms)[0m  [1m[34mSELECT "schools".* FROM "schools" WHERE "schools"."name" = ? /* loading for inspect */ LIMIT ?[0m  [["name", "Msgr. Jules Emmerich"], ["LIMIT", 11]]
  [1m[36mSchool Load (0.3ms)[0m  [1m[34mSELECT "schools".* FROM "schools" WHERE "schools"."name" = ? /* loading for inspect */ LIMIT ?[0m  [["name", "Msgr. Jules Emmerich"], ["LIMIT", 11]]
  [1m[36mSchool Load (0.4ms)[0m  [1m[34mSELECT "schools".* FROM "schools" WHERE "schools"."name" = ? /* loading for inspect */ LIMIT ?[0m  [["name", "Msgr. Jules Emmerich"], ["LIMIT", 11]]
  [1m[36mSchool Load (0.2ms)[0m  [1m[34mSELECT "schools".* FROM "schools" WHERE "schools"."name" = ? /* loading for inspect */ LIMIT ?[0m  [["name", "Msgr. Jules Emmerich"], ["LIMIT", 11]]
  [1m[36mStudent Load (0.7ms)[0m  [1m[34mSELECT "students".* FROM "students" INNER JOIN "schools" "school" ON "school"."id" = "students"."school_id" WHERE "school"."id" = ?[0m  [["id", 8]]
  [1m[36mStudent Load (0.4ms)[0m  [1m[34mSELECT "students".* FROM "students" WHERE "students"."id" = ? LIMIT ?[0m  [["id", 10], ["LIMIT", 1]]
  [1m[36mSchool Load (0.2ms)[0m  [1m[34mSELECT "schools".* FROM "schools" WHERE "schools"."id" = ? LIMIT ?[0m  [["id", 8], ["LIMIT", 1]]
  [1m[36mSchool Load (0.8ms)[0m  [1m[34mSELECT "schools".* FROM "schools" INNER JOIN "teachers" ON "teachers"."school_id" = "schools"."id" INNER JOIN "students" ON "students"."school_id" = "schools"."id"[0m
  [1m[36mSchool Load (0.5ms)[0m  [1m[34mSELECT "schools".* FROM "schools"[0m
  [1m[36mStudent Load (0.3ms)[0m  [1m[34mSELECT "students".* FROM "students" WHERE "students"."school_id" IN (?, ?, ?, ?, ?, ?, ?, ?, ?, ?)[0m  [["school_id", 1], ["school_id", 2], ["school_id", 3], ["school_id", 4], ["school_id", 5], ["school_id", 6], ["school_id", 7], ["school_id", 8], ["school_id", 9], ["school_id", 10]]
  [1m[36mTeacher Load (0.2ms)[0m  [1m[34mSELECT "teachers".* FROM "teachers" WHERE "teachers"."school_id" IN (?, ?, ?, ?, ?, ?, ?, ?, ?, ?)[0m  [["school_id", 1], ["school_id", 2], ["school_id", 3], ["school_id", 4], ["school_id", 5], ["school_id", 6], ["school_id", 7], ["school_id", 8], ["school_id", 9], ["school_id", 10]]
  [1m[36mSchool Load (0.5ms)[0m  [1m[34mSELECT "schools".* FROM "schools"[0m
  [1m[36mStudent Load (1.3ms)[0m  [1m[34mSELECT "students".* FROM "students" WHERE "students"."school_id" IN (?, ?, ?, ?, ?, ?, ?, ?, ?, ?)[0m  [["school_id", 1], ["school_id", 2], ["school_id", 3], ["school_id", 4], ["school_id", 5], ["school_id", 6], ["school_id", 7], ["school_id", 8], ["school_id", 9], ["school_id", 10]]
  [1m[36mStudent Load (0.5ms)[0m  [1m[34mSELECT "students".* FROM "students"[0m
  [1m[36mSchool Load (0.5ms)[0m  [1m[34mSELECT "schools".* FROM "schools" WHERE "schools"."id" IN (?, ?, ?, ?, ?)[0m  [["id", 1], ["id", 4], ["id", 6], ["id", 7], ["id", 8]]
  [1m[36mSchool Load (0.6ms)[0m  [1m[34mSELECT "schools".* FROM "schools" INNER JOIN "students" ON "students"."school_id" = "schools"."id" WHERE "students"."id" = ?[0m  [["id", 10]]
  [1m[36mStudent Load (0.4ms)[0m  [1m[34mSELECT "students".* FROM "students" WHERE "students"."id" = ? LIMIT ?[0m  [["id", 10], ["LIMIT", 1]]
  [1m[36mTeacher Load (0.4ms)[0m  [1m[34mSELECT "teachers".* FROM "teachers" WHERE (school_id=8)[0m
  [1m[35m (0.3ms)[0m  [1m[34mSELECT sqlite_version(*)[0m
  [1m[36mTRANSACTION (0.3ms)[0m  [1m[36mbegin transaction[0m
  [1m[36mSchool Load (0.3ms)[0m  [1m[34mSELECT "schools".* FROM "schools" WHERE "schools"."id" = ? LIMIT ?[0m  [["id", 1], ["LIMIT", 1]]
  [1m[36mTeacher Create (0.9ms)[0m  [1m[32mINSERT INTO "teachers" ("school_id", "created_at", "updated_at") VALUES (?, ?, ?)[0m  [["school_id", 1], ["created_at", "2022-12-30 18:28:34.776313"], ["updated_at", "2022-12-30 18:28:34.776313"]]
  [1m[36mTRANSACTION (7.2ms)[0m  [1m[36mcommit transaction[0m
  [1m[36mTRANSACTION (0.2ms)[0m  [1m[36mbegin transaction[0m
  [1m[36mSchool Load (0.3ms)[0m  [1m[34mSELECT "schools".* FROM "schools" WHERE "schools"."id" = ? LIMIT ?[0m  [["id", 1], ["LIMIT", 1]]
  [1m[36mTeacher Create (0.9ms)[0m  [1m[32mINSERT INTO "teachers" ("school_id", "created_at", "updated_at") VALUES (?, ?, ?)[0m  [["school_id", 1], ["created_at", "2022-12-30 18:29:40.999354"], ["updated_at", "2022-12-30 18:29:40.999354"]]
  [1m[36mTRANSACTION (8.2ms)[0m  [1m[36mcommit transaction[0m
  [1m[36mTRANSACTION (0.2ms)[0m  [1m[36mbegin transaction[0m
  [1m[36mSchool Load (0.3ms)[0m  [1m[34mSELECT "schools".* FROM "schools" WHERE "schools"."id" = ? LIMIT ?[0m  [["id", 1], ["LIMIT", 1]]
  [1m[36mTeacher Create (0.6ms)[0m  [1m[32mINSERT INTO "teachers" ("school_id", "created_at", "updated_at") VALUES (?, ?, ?)[0m  [["school_id", 1], ["created_at", "2022-12-30 18:30:01.705340"], ["updated_at", "2022-12-30 18:30:01.705340"]]
  [1m[36mTRANSACTION (6.9ms)[0m  [1m[36mcommit transaction[0m
  [1m[36mTRANSACTION (0.2ms)[0m  [1m[36mbegin transaction[0m
  [1m[36mSchool Load (0.3ms)[0m  [1m[34mSELECT "schools".* FROM "schools" WHERE "schools"."id" = ? LIMIT ?[0m  [["id", 1], ["LIMIT", 1]]
  [1m[36mTeacher Create (1.6ms)[0m  [1m[32mINSERT INTO "teachers" ("school_id", "created_at", "updated_at") VALUES (?, ?, ?)[0m  [["school_id", 1], ["created_at", "2022-12-30 18:32:16.761375"], ["updated_at", "2022-12-30 18:32:16.761375"]]
  [1m[36mTRANSACTION (9.6ms)[0m  [1m[36mcommit transaction[0m
