  [1m[35m (2.5ms)[0m  [1m[35mCREATE TABLE "schema_migrations" ("version" varchar NOT NULL PRIMARY KEY)[0m
  [1m[35m (2.4ms)[0m  [1m[35mCREATE TABLE "ar_internal_metadata" ("key" varchar NOT NULL PRIMARY KEY, "value" varchar, "created_at" datetime(6) NOT NULL, "updated_at" datetime(6) NOT NULL)[0m
  [1m[36mActiveRecord::SchemaMigration Pluck (0.1ms)[0m  [1m[34mSELECT "schema_migrations"."version" FROM "schema_migrations" ORDER BY "schema_migrations"."version" ASC[0m
Migrating to CreateUsers (20221123142848)
  [1m[36mTRANSACTION (0.1ms)[0m  [1m[36mbegin transaction[0m
  [1m[35m (0.3ms)[0m  [1m[35mCREATE TABLE "users" ("id" integer PRIMARY KEY AUTOINCREMENT NOT NULL, "name" varchar, "bio" text, "age" integer, "created_at" datetime(6) NOT NULL, "updated_at" datetime(6) NOT NULL)[0m
  [1m[36mActiveRecord::SchemaMigration Create (0.3ms)[0m  [1m[32mINSERT INTO "schema_migrations" ("version") VALUES (?)[0m  [["version", "20221123142848"]]
  [1m[36mTRANSACTION (2.8ms)[0m  [1m[36mcommit transaction[0m
  [1m[36mActiveRecord::InternalMetadata Load (0.2ms)[0m  [1m[34mSELECT "ar_internal_metadata".* FROM "ar_internal_metadata" WHERE "ar_internal_metadata"."key" = ? LIMIT ?[0m  [["key", "environment"], ["LIMIT", 1]]
  [1m[36mTRANSACTION (0.1ms)[0m  [1m[36mbegin transaction[0m
  [1m[36mActiveRecord::InternalMetadata Create (0.2ms)[0m  [1m[32mINSERT INTO "ar_internal_metadata" ("key", "value", "created_at", "updated_at") VALUES (?, ?, ?, ?)[0m  [["key", "environment"], ["value", "development"], ["created_at", "2022-11-23 14:30:11.329080"], ["updated_at", "2022-11-23 14:30:11.329080"]]
  [1m[36mTRANSACTION (1.6ms)[0m  [1m[36mcommit transaction[0m
  [1m[36mActiveRecord::SchemaMigration Pluck (0.1ms)[0m  [1m[34mSELECT "schema_migrations"."version" FROM "schema_migrations" ORDER BY "schema_migrations"."version" ASC[0m
  [1m[36mTRANSACTION (0.1ms)[0m  [1m[36mbegin transaction[0m
  [1m[36mUser Create (0.5ms)[0m  [1m[32mINSERT INTO "users" ("name", "bio", "age", "created_at", "updated_at") VALUES (?, ?, ?, ?, ?)[0m  [["name", "tom"], ["bio", "Im tom"], ["age", 29], ["created_at", "2022-11-23 14:31:07.241365"], ["updated_at", "2022-11-23 14:31:07.241365"]]
  [1m[36mTRANSACTION (6.9ms)[0m  [1m[36mcommit transaction[0m
  [1m[36mTRANSACTION (0.1ms)[0m  [1m[36mbegin transaction[0m
  [1m[36mUser Create (0.4ms)[0m  [1m[32mINSERT INTO "users" ("name", "bio", "age", "created_at", "updated_at") VALUES (?, ?, ?, ?, ?)[0m  [["name", "Tom"], ["bio", "Im Tom"], ["age", 28], ["created_at", "2022-11-23 14:31:56.453875"], ["updated_at", "2022-11-23 14:31:56.453875"]]
  [1m[36mTRANSACTION (7.0ms)[0m  [1m[36mcommit transaction[0m
  [1m[36mTRANSACTION (0.3ms)[0m  [1m[36mbegin transaction[0m
  [1m[36mUser Create (1.2ms)[0m  [1m[32mINSERT INTO "users" ("name", "bio", "age", "created_at", "updated_at") VALUES (?, ?, ?, ?, ?)[0m  [["name", "David"], ["bio", "David"], ["age", 25], ["created_at", "2022-11-23 14:33:09.665744"], ["updated_at", "2022-11-23 14:33:09.665744"]]
  [1m[36mTRANSACTION (8.0ms)[0m  [1m[36mcommit transaction[0m
  [1m[36mUser Load (0.3ms)[0m  [1m[34mSELECT "users".* FROM "users" ORDER BY "users"."id" DESC LIMIT ?[0m  [["LIMIT", 1]]
Started GET "/" for 127.0.0.1 at 2022-11-23 21:37:57 +0700
  [1m[36mActiveRecord::SchemaMigration Pluck (0.3ms)[0m  [1m[34mSELECT "schema_migrations"."version" FROM "schema_migrations" ORDER BY "schema_migrations"."version" ASC[0m
Processing by Rails::WelcomeController#index as HTML
  Rendering /home/johnny/.rvm/gems/ruby-2.7.6/gems/railties-7.0.4/lib/rails/templates/rails/welcome/index.html.erb
  Rendered /home/johnny/.rvm/gems/ruby-2.7.6/gems/railties-7.0.4/lib/rails/templates/rails/welcome/index.html.erb (Duration: 2.2ms | Allocations: 665)
Completed 200 OK in 24ms (Views: 9.9ms | ActiveRecord: 0.0ms | Allocations: 6481)


Started GET "/" for 127.0.0.1 at 2022-11-23 21:38:02 +0700
Processing by Rails::WelcomeController#index as HTML
  Rendering /home/johnny/.rvm/gems/ruby-2.7.6/gems/railties-7.0.4/lib/rails/templates/rails/welcome/index.html.erb
  Rendered /home/johnny/.rvm/gems/ruby-2.7.6/gems/railties-7.0.4/lib/rails/templates/rails/welcome/index.html.erb (Duration: 1.8ms | Allocations: 350)
Completed 200 OK in 5ms (Views: 3.4ms | ActiveRecord: 0.0ms | Allocations: 1080)


Started GET "/User" for 127.0.0.1 at 2022-11-23 21:38:06 +0700
  
ActionController::RoutingError (No route matches [GET] "/User"):
  
Started GET "/Users" for 127.0.0.1 at 2022-11-23 21:38:08 +0700
  
ActionController::RoutingError (No route matches [GET] "/Users"):
  
Started GET "/Users" for 127.0.0.1 at 2022-11-23 21:38:37 +0700
  
ActionController::RoutingError (No route matches [GET] "/Users"):
  
Started GET "/users" for 127.0.0.1 at 2022-11-23 21:38:42 +0700
  
ActionController::RoutingError (No route matches [GET] "/users"):
  
Started GET "/" for ::1 at 2022-11-23 21:43:52 +0700
  [1m[36mActiveRecord::SchemaMigration Pluck (0.2ms)[0m  [1m[34mSELECT "schema_migrations"."version" FROM "schema_migrations" ORDER BY "schema_migrations"."version" ASC[0m
Processing by Rails::WelcomeController#index as HTML
  Rendering /home/johnny/.rvm/gems/ruby-2.7.6/gems/railties-7.0.4/lib/rails/templates/rails/welcome/index.html.erb
  Rendered /home/johnny/.rvm/gems/ruby-2.7.6/gems/railties-7.0.4/lib/rails/templates/rails/welcome/index.html.erb (Duration: 1.4ms | Allocations: 559)
Completed 200 OK in 10ms (Views: 3.7ms | ActiveRecord: 0.0ms | Allocations: 5210)


Started GET "/User" for ::1 at 2022-11-23 21:43:57 +0700
  
ActionController::RoutingError (No route matches [GET] "/User"):
  
Started GET "/Users" for ::1 at 2022-11-23 21:43:59 +0700
  
ActionController::RoutingError (No route matches [GET] "/Users"):
  
Started GET "/" for 127.0.0.1 at 2022-11-23 21:44:17 +0700
Processing by Rails::WelcomeController#index as HTML
  Rendering /home/johnny/.rvm/gems/ruby-2.7.6/gems/railties-7.0.4/lib/rails/templates/rails/welcome/index.html.erb
  Rendered /home/johnny/.rvm/gems/ruby-2.7.6/gems/railties-7.0.4/lib/rails/templates/rails/welcome/index.html.erb (Duration: 1.7ms | Allocations: 350)
Completed 200 OK in 6ms (Views: 4.5ms | ActiveRecord: 0.0ms | Allocations: 1067)


Started GET "/Users" for 127.0.0.1 at 2022-11-23 21:44:22 +0700
  
ActionController::RoutingError (No route matches [GET] "/Users"):
  
Started GET "/Users" for 127.0.0.1 at 2022-11-23 21:44:29 +0700
  
ActionController::RoutingError (No route matches [GET] "/Users"):
  
Started GET "/" for 127.0.0.1 at 2022-11-24 07:18:46 +0700
  [1m[36mActiveRecord::SchemaMigration Pluck (0.1ms)[0m  [1m[34mSELECT "schema_migrations"."version" FROM "schema_migrations" ORDER BY "schema_migrations"."version" ASC[0m
Processing by Rails::WelcomeController#index as HTML
  Rendering /home/johnny/.rvm/gems/ruby-2.7.6/gems/railties-7.0.4/lib/rails/templates/rails/welcome/index.html.erb
  Rendered /home/johnny/.rvm/gems/ruby-2.7.6/gems/railties-7.0.4/lib/rails/templates/rails/welcome/index.html.erb (Duration: 2.1ms | Allocations: 559)
Completed 200 OK in 12ms (Views: 5.2ms | ActiveRecord: 0.0ms | Allocations: 5210)


Started GET "/users" for 127.0.0.1 at 2022-11-24 07:18:57 +0700
  
ActionController::RoutingError (No route matches [GET] "/users"):
  
Started GET "/" for 127.0.0.1 at 2022-11-24 07:21:11 +0700
  [1m[36mActiveRecord::SchemaMigration Pluck (0.2ms)[0m  [1m[34mSELECT "schema_migrations"."version" FROM "schema_migrations" ORDER BY "schema_migrations"."version" ASC[0m
Processing by Rails::WelcomeController#index as HTML
  Rendering /home/johnny/.rvm/gems/ruby-2.7.6/gems/railties-7.0.4/lib/rails/templates/rails/welcome/index.html.erb
  Rendered /home/johnny/.rvm/gems/ruby-2.7.6/gems/railties-7.0.4/lib/rails/templates/rails/welcome/index.html.erb (Duration: 2.1ms | Allocations: 559)
Completed 200 OK in 17ms (Views: 6.8ms | ActiveRecord: 0.0ms | Allocations: 5210)


Started GET "/users" for 127.0.0.1 at 2022-11-24 07:21:20 +0700
  
ActionController::RoutingError (No route matches [GET] "/users"):
  
Started GET "/users" for ::1 at 2022-11-24 09:03:12 +0700
  
ActionController::RoutingError (No route matches [GET] "/users"):
  
Started GET "/" for 127.0.0.1 at 2022-11-24 09:05:19 +0700
  [1m[36mActiveRecord::SchemaMigration Pluck (0.2ms)[0m  [1m[34mSELECT "schema_migrations"."version" FROM "schema_migrations" ORDER BY "schema_migrations"."version" ASC[0m
Processing by Rails::WelcomeController#index as HTML
  Rendering /home/johnny/.rvm/gems/ruby-2.7.6/gems/railties-7.0.4/lib/rails/templates/rails/welcome/index.html.erb
  Rendered /home/johnny/.rvm/gems/ruby-2.7.6/gems/railties-7.0.4/lib/rails/templates/rails/welcome/index.html.erb (Duration: 2.1ms | Allocations: 559)
Completed 200 OK in 11ms (Views: 4.7ms | ActiveRecord: 0.0ms | Allocations: 5210)


Started GET "/users" for ::1 at 2022-11-24 09:05:39 +0700
  
ActionController::RoutingError (No route matches [GET] "/users"):
  
Started GET "/jbdjsdbsj" for ::1 at 2022-11-24 09:11:07 +0700
  
ActionController::RoutingError (No route matches [GET] "/jbdjsdbsj"):
  
Started GET "/users" for ::1 at 2022-11-24 09:11:50 +0700
Processing by UsersController#index as HTML
  Rendering layout layouts/application.html.erb
  Rendering users/index.html.erb within layouts/application
  Rendered users/index.html.erb within layouts/application (Duration: 2.2ms | Allocations: 1558)
  Rendered layout layouts/application.html.erb (Duration: 2.5ms | Allocations: 1626)
Completed 500 Internal Server Error in 8ms (Allocations: 2901)


  
ActionView::Template::Error (undefined method `each' for nil:NilClass):
    1: <h1>Users</h1>
    2: 
    3: <ul>
    4:   <% @users.each do |user| %>
    5:     <li>
    6:       <%= user.name %>
    7:     </li>
  
app/views/users/index.html.erb:4
  [1m[36mUser Load (0.4ms)[0m  [1m[34mSELECT "users".* FROM "users" ORDER BY "users"."id" DESC LIMIT ?[0m  [["LIMIT", 1]]
Started GET "/" for 127.0.0.1 at 2022-11-24 09:32:06 +0700
  [1m[36mActiveRecord::SchemaMigration Pluck (0.3ms)[0m  [1m[34mSELECT "schema_migrations"."version" FROM "schema_migrations" ORDER BY "schema_migrations"."version" ASC[0m
Processing by Rails::WelcomeController#index as HTML
  Rendering /home/johnny/.rvm/gems/ruby-2.7.6/gems/railties-7.0.4/lib/rails/templates/rails/welcome/index.html.erb
  Rendered /home/johnny/.rvm/gems/ruby-2.7.6/gems/railties-7.0.4/lib/rails/templates/rails/welcome/index.html.erb (Duration: 1.5ms | Allocations: 559)
Completed 200 OK in 13ms (Views: 5.9ms | ActiveRecord: 0.0ms | Allocations: 5210)


Started GET "/users" for ::1 at 2022-11-24 09:32:15 +0700
Processing by UsersController#index as HTML
  Rendering layout layouts/application.html.erb
  Rendering users/index.html.erb within layouts/application
  Rendered users/index.html.erb within layouts/application (Duration: 8.1ms | Allocations: 2242)
  Rendered layout layouts/application.html.erb (Duration: 8.5ms | Allocations: 2311)
Completed 500 Internal Server Error in 14ms (ActiveRecord: 0.0ms | Allocations: 3637)


  
ActionView::Template::Error (uninitialized constant #<Class:0x00007f84544f26a0>::Users):
    1: <h1>Users</h1>
    2: 
    3: <ul>
    4:   <% Users.all.each do |user| %>
    5:     <li>
    6:       <%= user.name %>
    7:     </li>
  
app/views/users/index.html.erb:4
Started GET "/" for 127.0.0.1 at 2022-11-24 09:36:42 +0700
  [1m[36mActiveRecord::SchemaMigration Pluck (0.2ms)[0m  [1m[34mSELECT "schema_migrations"."version" FROM "schema_migrations" ORDER BY "schema_migrations"."version" ASC[0m
Processing by Rails::WelcomeController#index as HTML
  Rendering /home/johnny/.rvm/gems/ruby-2.7.6/gems/railties-7.0.4/lib/rails/templates/rails/welcome/index.html.erb
  Rendered /home/johnny/.rvm/gems/ruby-2.7.6/gems/railties-7.0.4/lib/rails/templates/rails/welcome/index.html.erb (Duration: 1.5ms | Allocations: 559)
Completed 200 OK in 12ms (Views: 4.2ms | ActiveRecord: 0.0ms | Allocations: 5210)


Started GET "/users" for ::1 at 2022-11-24 09:36:55 +0700
Processing by UsersController#index as HTML
  Rendering layout layouts/application.html.erb
  Rendering users/index.html.erb within layouts/application
  [1m[36mUser Load (0.3ms)[0m  [1m[34mSELECT "users".* FROM "users"[0m
  ↳ app/views/users/index.html.erb:4
  Rendered users/index.html.erb within layouts/application (Duration: 26.6ms | Allocations: 16277)
  Rendered layout layouts/application.html.erb (Duration: 279.5ms | Allocations: 113341)
Completed 200 OK in 284ms (Views: 280.2ms | ActiveRecord: 1.5ms | Allocations: 114687)


  [1m[36mUser Load (0.2ms)[0m  [1m[34mSELECT "users".* FROM "users"[0m
