Started GET "/" for 127.0.0.1 at 2023-01-02 14:31:34 +0700
  [1m[35m (2.3ms)[0m  [1m[34mSELECT sqlite_version(*)[0m
Processing by Rails::WelcomeController#index as HTML
  Rendering /home/johnny/.rvm/gems/ruby-3.1.2/gems/railties-6.1.7/lib/rails/templates/rails/welcome/index.html.erb
  Rendered /home/johnny/.rvm/gems/ruby-3.1.2/gems/railties-6.1.7/lib/rails/templates/rails/welcome/index.html.erb (Duration: 8.1ms | Allocations: 576)
Completed 200 OK in 31ms (Views: 14.7ms | ActiveRecord: 0.0ms | Allocations: 4595)


Started GET "/home/hello" for ::1 at 2023-01-02 14:31:59 +0700
  
AbstractController::ActionNotFound (The action 'show' could not be found for HomeController
Did you mean?  hello):
  
actionpack (6.1.7) lib/abstract_controller/base.rb:160:in `process'
actionview (6.1.7) lib/action_view/rendering.rb:39:in `process'
actionpack (6.1.7) lib/action_controller/metal.rb:190:in `dispatch'
actionpack (6.1.7) lib/action_controller/metal.rb:254:in `dispatch'
actionpack (6.1.7) lib/action_dispatch/routing/route_set.rb:50:in `dispatch'
actionpack (6.1.7) lib/action_dispatch/routing/route_set.rb:33:in `serve'
actionpack (6.1.7) lib/action_dispatch/journey/router.rb:50:in `block in serve'
actionpack (6.1.7) lib/action_dispatch/journey/router.rb:32:in `each'
actionpack (6.1.7) lib/action_dispatch/journey/router.rb:32:in `serve'
actionpack (6.1.7) lib/action_dispatch/routing/route_set.rb:842:in `call'
rack (2.2.5) lib/rack/tempfile_reaper.rb:15:in `call'
rack (2.2.5) lib/rack/etag.rb:27:in `call'
rack (2.2.5) lib/rack/conditional_get.rb:27:in `call'
rack (2.2.5) lib/rack/head.rb:12:in `call'
actionpack (6.1.7) lib/action_dispatch/http/permissions_policy.rb:22:in `call'
actionpack (6.1.7) lib/action_dispatch/http/content_security_policy.rb:19:in `call'
rack (2.2.5) lib/rack/session/abstract/id.rb:266:in `context'
rack (2.2.5) lib/rack/session/abstract/id.rb:260:in `call'
actionpack (6.1.7) lib/action_dispatch/middleware/cookies.rb:689:in `call'
activerecord (6.1.7) lib/active_record/migration.rb:601:in `call'
actionpack (6.1.7) lib/action_dispatch/middleware/callbacks.rb:27:in `block in call'
activesupport (6.1.7) lib/active_support/callbacks.rb:98:in `run_callbacks'
actionpack (6.1.7) lib/action_dispatch/middleware/callbacks.rb:26:in `call'
actionpack (6.1.7) lib/action_dispatch/middleware/executor.rb:14:in `call'
actionpack (6.1.7) lib/action_dispatch/middleware/actionable_exceptions.rb:18:in `call'
actionpack (6.1.7) lib/action_dispatch/middleware/debug_exceptions.rb:29:in `call'
web-console (4.2.0) lib/web_console/middleware.rb:132:in `call_app'
web-console (4.2.0) lib/web_console/middleware.rb:28:in `block in call'
web-console (4.2.0) lib/web_console/middleware.rb:17:in `catch'
web-console (4.2.0) lib/web_console/middleware.rb:17:in `call'
actionpack (6.1.7) lib/action_dispatch/middleware/show_exceptions.rb:33:in `call'
railties (6.1.7) lib/rails/rack/logger.rb:37:in `call_app'
railties (6.1.7) lib/rails/rack/logger.rb:26:in `block in call'
activesupport (6.1.7) lib/active_support/tagged_logging.rb:99:in `block in tagged'
activesupport (6.1.7) lib/active_support/tagged_logging.rb:37:in `tagged'
activesupport (6.1.7) lib/active_support/tagged_logging.rb:99:in `tagged'
railties (6.1.7) lib/rails/rack/logger.rb:26:in `call'
sprockets-rails (3.4.2) lib/sprockets/rails/quiet_assets.rb:13:in `call'
actionpack (6.1.7) lib/action_dispatch/middleware/remote_ip.rb:81:in `call'
actionpack (6.1.7) lib/action_dispatch/middleware/request_id.rb:26:in `call'
rack (2.2.5) lib/rack/method_override.rb:24:in `call'
rack (2.2.5) lib/rack/runtime.rb:22:in `call'
activesupport (6.1.7) lib/active_support/cache/strategy/local_cache_middleware.rb:29:in `call'
actionpack (6.1.7) lib/action_dispatch/middleware/executor.rb:14:in `call'
actionpack (6.1.7) lib/action_dispatch/middleware/static.rb:24:in `call'
rack (2.2.5) lib/rack/sendfile.rb:110:in `call'
actionpack (6.1.7) lib/action_dispatch/middleware/host_authorization.rb:148:in `call'
rack-mini-profiler (2.3.4) lib/mini_profiler/profiler.rb:393:in `call'
webpacker (5.4.3) lib/webpacker/dev_server_proxy.rb:25:in `perform_request'
rack-proxy (0.7.4) lib/rack/proxy.rb:78:in `call'
railties (6.1.7) lib/rails/engine.rb:539:in `call'
puma (5.6.5) lib/puma/configuration.rb:252:in `call'
puma (5.6.5) lib/puma/request.rb:77:in `block in handle_request'
puma (5.6.5) lib/puma/thread_pool.rb:340:in `with_force_shutdown'
puma (5.6.5) lib/puma/request.rb:76:in `handle_request'
puma (5.6.5) lib/puma/server.rb:443:in `process_client'
puma (5.6.5) lib/puma/thread_pool.rb:147:in `block in spawn_thread'
Started GET "/home/hello" for ::1 at 2023-01-02 14:32:43 +0700
Processing by HomeController#show as HTML
  Parameters: {"id"=>"hello"}
  Rendering layout layouts/application.html.erb
  Rendering home/show.erb within layouts/application
  Rendered home/show.erb within layouts/application (Duration: 0.5ms | Allocations: 143)
[Webpacker] Compiling...
Started GET "/home/hello" for ::1 at 2023-01-02 14:32:45 +0700
Processing by HomeController#show as HTML
  Parameters: {"id"=>"hello"}
  Rendering layout layouts/application.html.erb
  Rendering home/show.erb within layouts/application
  Rendered home/show.erb within layouts/application (Duration: 0.1ms | Allocations: 38)
[Webpacker] Compiling...
[Webpacker] Compiled all packs in /home/johnny/Documents/Rails/newdemoapp/public/packs
[Webpacker] Hash: 804a8059a304061a3e74
Version: webpack 4.46.0
Time: 1538ms
Built at: 01/02/2023 2:32:46 PM
                                     Asset       Size       Chunks                         Chunk Names
    js/application-271cf8931bb708d2d8bb.js    121 KiB  application  [emitted] [immutable]  application
js/application-271cf8931bb708d2d8bb.js.map    133 KiB  application  [emitted] [dev]        application
                             manifest.json  364 bytes               [emitted]              
Entrypoint application = js/application-271cf8931bb708d2d8bb.js js/application-271cf8931bb708d2d8bb.js.map
[./app/javascript/channels sync recursive _channel\.js$] ./app/javascript/channels sync _channel\.js$ 160 bytes {application} [built]
[./app/javascript/channels/index.js] 211 bytes {application} [built]
[./app/javascript/packs/application.js] 493 bytes {application} [built]
    + 3 hidden modules

  Rendered layout layouts/application.html.erb (Duration: 3189.4ms | Allocations: 19741)
Completed 200 OK in 3192ms (Views: 3191.3ms | Allocations: 21005)


[Webpacker] Compiled all packs in /home/johnny/Documents/Rails/newdemoapp/public/packs
[Webpacker] Hash: 804a8059a304061a3e74
Version: webpack 4.46.0
Time: 884ms
Built at: 01/02/2023 2:32:48 PM
                                     Asset       Size       Chunks                         Chunk Names
    js/application-271cf8931bb708d2d8bb.js    121 KiB  application  [emitted] [immutable]  application
js/application-271cf8931bb708d2d8bb.js.map    133 KiB  application  [emitted] [dev]        application
                             manifest.json  364 bytes               [emitted]              
Entrypoint application = js/application-271cf8931bb708d2d8bb.js js/application-271cf8931bb708d2d8bb.js.map
[./app/javascript/channels sync recursive _channel\.js$] ./app/javascript/channels sync _channel\.js$ 160 bytes {application} [built]
[./app/javascript/channels/index.js] 211 bytes {application} [built]
[./app/javascript/packs/application.js] 493 bytes {application} [built]
    + 3 hidden modules

  Rendered layout layouts/application.html.erb (Duration: 2515.8ms | Allocations: 5787)
Completed 200 OK in 2517ms (Views: 2516.5ms | Allocations: 6159)


Started GET "/home" for ::1 at 2023-01-02 14:35:48 +0700
  
AbstractController::ActionNotFound (The action 'index' could not be found for HomeController
Did you mean?  hello):
  
actionpack (6.1.7) lib/abstract_controller/base.rb:160:in `process'
actionview (6.1.7) lib/action_view/rendering.rb:39:in `process'
actionpack (6.1.7) lib/action_controller/metal.rb:190:in `dispatch'
actionpack (6.1.7) lib/action_controller/metal.rb:254:in `dispatch'
actionpack (6.1.7) lib/action_dispatch/routing/route_set.rb:50:in `dispatch'
actionpack (6.1.7) lib/action_dispatch/routing/route_set.rb:33:in `serve'
actionpack (6.1.7) lib/action_dispatch/journey/router.rb:50:in `block in serve'
actionpack (6.1.7) lib/action_dispatch/journey/router.rb:32:in `each'
actionpack (6.1.7) lib/action_dispatch/journey/router.rb:32:in `serve'
actionpack (6.1.7) lib/action_dispatch/routing/route_set.rb:842:in `call'
rack (2.2.5) lib/rack/tempfile_reaper.rb:15:in `call'
rack (2.2.5) lib/rack/etag.rb:27:in `call'
rack (2.2.5) lib/rack/conditional_get.rb:27:in `call'
rack (2.2.5) lib/rack/head.rb:12:in `call'
actionpack (6.1.7) lib/action_dispatch/http/permissions_policy.rb:22:in `call'
actionpack (6.1.7) lib/action_dispatch/http/content_security_policy.rb:19:in `call'
rack (2.2.5) lib/rack/session/abstract/id.rb:266:in `context'
rack (2.2.5) lib/rack/session/abstract/id.rb:260:in `call'
actionpack (6.1.7) lib/action_dispatch/middleware/cookies.rb:689:in `call'
activerecord (6.1.7) lib/active_record/migration.rb:601:in `call'
actionpack (6.1.7) lib/action_dispatch/middleware/callbacks.rb:27:in `block in call'
activesupport (6.1.7) lib/active_support/callbacks.rb:98:in `run_callbacks'
actionpack (6.1.7) lib/action_dispatch/middleware/callbacks.rb:26:in `call'
actionpack (6.1.7) lib/action_dispatch/middleware/executor.rb:14:in `call'
actionpack (6.1.7) lib/action_dispatch/middleware/actionable_exceptions.rb:18:in `call'
actionpack (6.1.7) lib/action_dispatch/middleware/debug_exceptions.rb:29:in `call'
web-console (4.2.0) lib/web_console/middleware.rb:132:in `call_app'
web-console (4.2.0) lib/web_console/middleware.rb:28:in `block in call'
web-console (4.2.0) lib/web_console/middleware.rb:17:in `catch'
web-console (4.2.0) lib/web_console/middleware.rb:17:in `call'
actionpack (6.1.7) lib/action_dispatch/middleware/show_exceptions.rb:33:in `call'
railties (6.1.7) lib/rails/rack/logger.rb:37:in `call_app'
railties (6.1.7) lib/rails/rack/logger.rb:26:in `block in call'
activesupport (6.1.7) lib/active_support/tagged_logging.rb:99:in `block in tagged'
activesupport (6.1.7) lib/active_support/tagged_logging.rb:37:in `tagged'
activesupport (6.1.7) lib/active_support/tagged_logging.rb:99:in `tagged'
railties (6.1.7) lib/rails/rack/logger.rb:26:in `call'
sprockets-rails (3.4.2) lib/sprockets/rails/quiet_assets.rb:13:in `call'
actionpack (6.1.7) lib/action_dispatch/middleware/remote_ip.rb:81:in `call'
actionpack (6.1.7) lib/action_dispatch/middleware/request_id.rb:26:in `call'
rack (2.2.5) lib/rack/method_override.rb:24:in `call'
rack (2.2.5) lib/rack/runtime.rb:22:in `call'
activesupport (6.1.7) lib/active_support/cache/strategy/local_cache_middleware.rb:29:in `call'
actionpack (6.1.7) lib/action_dispatch/middleware/executor.rb:14:in `call'
actionpack (6.1.7) lib/action_dispatch/middleware/static.rb:24:in `call'
rack (2.2.5) lib/rack/sendfile.rb:110:in `call'
actionpack (6.1.7) lib/action_dispatch/middleware/host_authorization.rb:148:in `call'
rack-mini-profiler (2.3.4) lib/mini_profiler/profiler.rb:393:in `call'
webpacker (5.4.3) lib/webpacker/dev_server_proxy.rb:25:in `perform_request'
rack-proxy (0.7.4) lib/rack/proxy.rb:78:in `call'
railties (6.1.7) lib/rails/engine.rb:539:in `call'
puma (5.6.5) lib/puma/configuration.rb:252:in `call'
puma (5.6.5) lib/puma/request.rb:77:in `block in handle_request'
puma (5.6.5) lib/puma/thread_pool.rb:340:in `with_force_shutdown'
puma (5.6.5) lib/puma/request.rb:76:in `handle_request'
puma (5.6.5) lib/puma/server.rb:443:in `process_client'
puma (5.6.5) lib/puma/thread_pool.rb:147:in `block in spawn_thread'
Started GET "/home" for ::1 at 2023-01-02 14:36:09 +0700
Processing by HomeController#index as HTML
Completed 406 Not Acceptable in 3ms (Allocations: 1979)


  
ActionController::MissingExactTemplate (HomeController#index is missing a template for request formats: text/html):
  
actionpack (6.1.7) lib/action_controller/metal/implicit_render.rb:45:in `default_render'
actionpack (6.1.7) lib/action_controller/metal/basic_implicit_render.rb:6:in `block in send_action'
<internal:kernel>:90:in `tap'
actionpack (6.1.7) lib/action_controller/metal/basic_implicit_render.rb:6:in `send_action'
actionpack (6.1.7) lib/abstract_controller/base.rb:228:in `process_action'
actionpack (6.1.7) lib/action_controller/metal/rendering.rb:30:in `process_action'
actionpack (6.1.7) lib/abstract_controller/callbacks.rb:42:in `block in process_action'
activesupport (6.1.7) lib/active_support/callbacks.rb:117:in `block in run_callbacks'
actiontext (6.1.7) lib/action_text/rendering.rb:20:in `with_renderer'
actiontext (6.1.7) lib/action_text/engine.rb:59:in `block (4 levels) in <class:Engine>'
activesupport (6.1.7) lib/active_support/callbacks.rb:126:in `instance_exec'
activesupport (6.1.7) lib/active_support/callbacks.rb:126:in `block in run_callbacks'
activesupport (6.1.7) lib/active_support/callbacks.rb:137:in `run_callbacks'
actionpack (6.1.7) lib/abstract_controller/callbacks.rb:41:in `process_action'
actionpack (6.1.7) lib/action_controller/metal/rescue.rb:22:in `process_action'
actionpack (6.1.7) lib/action_controller/metal/instrumentation.rb:34:in `block in process_action'
activesupport (6.1.7) lib/active_support/notifications.rb:203:in `block in instrument'
activesupport (6.1.7) lib/active_support/notifications/instrumenter.rb:24:in `instrument'
activesupport (6.1.7) lib/active_support/notifications.rb:203:in `instrument'
actionpack (6.1.7) lib/action_controller/metal/instrumentation.rb:33:in `process_action'
actionpack (6.1.7) lib/action_controller/metal/params_wrapper.rb:249:in `process_action'
activerecord (6.1.7) lib/active_record/railties/controller_runtime.rb:27:in `process_action'
actionpack (6.1.7) lib/abstract_controller/base.rb:165:in `process'
actionview (6.1.7) lib/action_view/rendering.rb:39:in `process'
actionpack (6.1.7) lib/action_controller/metal.rb:190:in `dispatch'
actionpack (6.1.7) lib/action_controller/metal.rb:254:in `dispatch'
actionpack (6.1.7) lib/action_dispatch/routing/route_set.rb:50:in `dispatch'
actionpack (6.1.7) lib/action_dispatch/routing/route_set.rb:33:in `serve'
actionpack (6.1.7) lib/action_dispatch/journey/router.rb:50:in `block in serve'
actionpack (6.1.7) lib/action_dispatch/journey/router.rb:32:in `each'
actionpack (6.1.7) lib/action_dispatch/journey/router.rb:32:in `serve'
actionpack (6.1.7) lib/action_dispatch/routing/route_set.rb:842:in `call'
rack (2.2.5) lib/rack/tempfile_reaper.rb:15:in `call'
rack (2.2.5) lib/rack/etag.rb:27:in `call'
rack (2.2.5) lib/rack/conditional_get.rb:27:in `call'
rack (2.2.5) lib/rack/head.rb:12:in `call'
actionpack (6.1.7) lib/action_dispatch/http/permissions_policy.rb:22:in `call'
actionpack (6.1.7) lib/action_dispatch/http/content_security_policy.rb:19:in `call'
rack (2.2.5) lib/rack/session/abstract/id.rb:266:in `context'
rack (2.2.5) lib/rack/session/abstract/id.rb:260:in `call'
actionpack (6.1.7) lib/action_dispatch/middleware/cookies.rb:689:in `call'
activerecord (6.1.7) lib/active_record/migration.rb:601:in `call'
actionpack (6.1.7) lib/action_dispatch/middleware/callbacks.rb:27:in `block in call'
activesupport (6.1.7) lib/active_support/callbacks.rb:98:in `run_callbacks'
actionpack (6.1.7) lib/action_dispatch/middleware/callbacks.rb:26:in `call'
actionpack (6.1.7) lib/action_dispatch/middleware/executor.rb:14:in `call'
actionpack (6.1.7) lib/action_dispatch/middleware/actionable_exceptions.rb:18:in `call'
actionpack (6.1.7) lib/action_dispatch/middleware/debug_exceptions.rb:29:in `call'
web-console (4.2.0) lib/web_console/middleware.rb:132:in `call_app'
web-console (4.2.0) lib/web_console/middleware.rb:28:in `block in call'
web-console (4.2.0) lib/web_console/middleware.rb:17:in `catch'
web-console (4.2.0) lib/web_console/middleware.rb:17:in `call'
actionpack (6.1.7) lib/action_dispatch/middleware/show_exceptions.rb:33:in `call'
railties (6.1.7) lib/rails/rack/logger.rb:37:in `call_app'
railties (6.1.7) lib/rails/rack/logger.rb:26:in `block in call'
activesupport (6.1.7) lib/active_support/tagged_logging.rb:99:in `block in tagged'
activesupport (6.1.7) lib/active_support/tagged_logging.rb:37:in `tagged'
activesupport (6.1.7) lib/active_support/tagged_logging.rb:99:in `tagged'
railties (6.1.7) lib/rails/rack/logger.rb:26:in `call'
sprockets-rails (3.4.2) lib/sprockets/rails/quiet_assets.rb:13:in `call'
actionpack (6.1.7) lib/action_dispatch/middleware/remote_ip.rb:81:in `call'
actionpack (6.1.7) lib/action_dispatch/middleware/request_id.rb:26:in `call'
rack (2.2.5) lib/rack/method_override.rb:24:in `call'
rack (2.2.5) lib/rack/runtime.rb:22:in `call'
activesupport (6.1.7) lib/active_support/cache/strategy/local_cache_middleware.rb:29:in `call'
actionpack (6.1.7) lib/action_dispatch/middleware/executor.rb:14:in `call'
actionpack (6.1.7) lib/action_dispatch/middleware/static.rb:24:in `call'
rack (2.2.5) lib/rack/sendfile.rb:110:in `call'
actionpack (6.1.7) lib/action_dispatch/middleware/host_authorization.rb:148:in `call'
rack-mini-profiler (2.3.4) lib/mini_profiler/profiler.rb:393:in `call'
webpacker (5.4.3) lib/webpacker/dev_server_proxy.rb:25:in `perform_request'
rack-proxy (0.7.4) lib/rack/proxy.rb:78:in `call'
railties (6.1.7) lib/rails/engine.rb:539:in `call'
puma (5.6.5) lib/puma/configuration.rb:252:in `call'
puma (5.6.5) lib/puma/request.rb:77:in `block in handle_request'
puma (5.6.5) lib/puma/thread_pool.rb:340:in `with_force_shutdown'
puma (5.6.5) lib/puma/request.rb:76:in `handle_request'
puma (5.6.5) lib/puma/server.rb:443:in `process_client'
puma (5.6.5) lib/puma/thread_pool.rb:147:in `block in spawn_thread'
Started GET "/home" for ::1 at 2023-01-02 14:36:52 +0700
Processing by HomeController#index as HTML
  Rendering layout layouts/application.html.erb
  Rendering home/index.erb within layouts/application
  Rendered home/index.erb within layouts/application (Duration: 0.4ms | Allocations: 143)
[Webpacker] Everything's up-to-date. Nothing to do
  Rendered layout layouts/application.html.erb (Duration: 7.3ms | Allocations: 3513)
Completed 200 OK in 10ms (Views: 9.1ms | Allocations: 4802)


Started GET "/home" for ::1 at 2023-01-02 14:37:10 +0700
Processing by HomeController#index as HTML
  Rendering layout layouts/application.html.erb
  Rendering home/index.erb within layouts/application
  Rendered home/index.erb within layouts/application (Duration: 0.5ms | Allocations: 142)
[Webpacker] Everything's up-to-date. Nothing to do
  Rendered layout layouts/application.html.erb (Duration: 5.9ms | Allocations: 3494)
Completed 200 OK in 9ms (Views: 7.5ms | Allocations: 4768)


Started GET "/home" for ::1 at 2023-01-02 14:37:20 +0700
Processing by HomeController#index as HTML
Completed 406 Not Acceptable in 4ms (Allocations: 1863)


  
ActionController::MissingExactTemplate (HomeController#index is missing a template for request formats: text/html):
  
actionpack (6.1.7) lib/action_controller/metal/implicit_render.rb:45:in `default_render'
actionpack (6.1.7) lib/action_controller/metal/basic_implicit_render.rb:6:in `block in send_action'
<internal:kernel>:90:in `tap'
actionpack (6.1.7) lib/action_controller/metal/basic_implicit_render.rb:6:in `send_action'
actionpack (6.1.7) lib/abstract_controller/base.rb:228:in `process_action'
actionpack (6.1.7) lib/action_controller/metal/rendering.rb:30:in `process_action'
actionpack (6.1.7) lib/abstract_controller/callbacks.rb:42:in `block in process_action'
activesupport (6.1.7) lib/active_support/callbacks.rb:117:in `block in run_callbacks'
actiontext (6.1.7) lib/action_text/rendering.rb:20:in `with_renderer'
actiontext (6.1.7) lib/action_text/engine.rb:59:in `block (4 levels) in <class:Engine>'
activesupport (6.1.7) lib/active_support/callbacks.rb:126:in `instance_exec'
activesupport (6.1.7) lib/active_support/callbacks.rb:126:in `block in run_callbacks'
activesupport (6.1.7) lib/active_support/callbacks.rb:137:in `run_callbacks'
actionpack (6.1.7) lib/abstract_controller/callbacks.rb:41:in `process_action'
actionpack (6.1.7) lib/action_controller/metal/rescue.rb:22:in `process_action'
actionpack (6.1.7) lib/action_controller/metal/instrumentation.rb:34:in `block in process_action'
activesupport (6.1.7) lib/active_support/notifications.rb:203:in `block in instrument'
activesupport (6.1.7) lib/active_support/notifications/instrumenter.rb:24:in `instrument'
activesupport (6.1.7) lib/active_support/notifications.rb:203:in `instrument'
actionpack (6.1.7) lib/action_controller/metal/instrumentation.rb:33:in `process_action'
actionpack (6.1.7) lib/action_controller/metal/params_wrapper.rb:249:in `process_action'
activerecord (6.1.7) lib/active_record/railties/controller_runtime.rb:27:in `process_action'
actionpack (6.1.7) lib/abstract_controller/base.rb:165:in `process'
actionview (6.1.7) lib/action_view/rendering.rb:39:in `process'
actionpack (6.1.7) lib/action_controller/metal.rb:190:in `dispatch'
actionpack (6.1.7) lib/action_controller/metal.rb:254:in `dispatch'
actionpack (6.1.7) lib/action_dispatch/routing/route_set.rb:50:in `dispatch'
actionpack (6.1.7) lib/action_dispatch/routing/route_set.rb:33:in `serve'
actionpack (6.1.7) lib/action_dispatch/journey/router.rb:50:in `block in serve'
actionpack (6.1.7) lib/action_dispatch/journey/router.rb:32:in `each'
actionpack (6.1.7) lib/action_dispatch/journey/router.rb:32:in `serve'
actionpack (6.1.7) lib/action_dispatch/routing/route_set.rb:842:in `call'
rack (2.2.5) lib/rack/tempfile_reaper.rb:15:in `call'
rack (2.2.5) lib/rack/etag.rb:27:in `call'
rack (2.2.5) lib/rack/conditional_get.rb:27:in `call'
rack (2.2.5) lib/rack/head.rb:12:in `call'
actionpack (6.1.7) lib/action_dispatch/http/permissions_policy.rb:22:in `call'
actionpack (6.1.7) lib/action_dispatch/http/content_security_policy.rb:19:in `call'
rack (2.2.5) lib/rack/session/abstract/id.rb:266:in `context'
rack (2.2.5) lib/rack/session/abstract/id.rb:260:in `call'
actionpack (6.1.7) lib/action_dispatch/middleware/cookies.rb:689:in `call'
activerecord (6.1.7) lib/active_record/migration.rb:601:in `call'
actionpack (6.1.7) lib/action_dispatch/middleware/callbacks.rb:27:in `block in call'
activesupport (6.1.7) lib/active_support/callbacks.rb:98:in `run_callbacks'
actionpack (6.1.7) lib/action_dispatch/middleware/callbacks.rb:26:in `call'
actionpack (6.1.7) lib/action_dispatch/middleware/executor.rb:14:in `call'
actionpack (6.1.7) lib/action_dispatch/middleware/actionable_exceptions.rb:18:in `call'
actionpack (6.1.7) lib/action_dispatch/middleware/debug_exceptions.rb:29:in `call'
web-console (4.2.0) lib/web_console/middleware.rb:132:in `call_app'
web-console (4.2.0) lib/web_console/middleware.rb:28:in `block in call'
web-console (4.2.0) lib/web_console/middleware.rb:17:in `catch'
web-console (4.2.0) lib/web_console/middleware.rb:17:in `call'
actionpack (6.1.7) lib/action_dispatch/middleware/show_exceptions.rb:33:in `call'
railties (6.1.7) lib/rails/rack/logger.rb:37:in `call_app'
railties (6.1.7) lib/rails/rack/logger.rb:26:in `block in call'
activesupport (6.1.7) lib/active_support/tagged_logging.rb:99:in `block in tagged'
activesupport (6.1.7) lib/active_support/tagged_logging.rb:37:in `tagged'
activesupport (6.1.7) lib/active_support/tagged_logging.rb:99:in `tagged'
railties (6.1.7) lib/rails/rack/logger.rb:26:in `call'
sprockets-rails (3.4.2) lib/sprockets/rails/quiet_assets.rb:13:in `call'
actionpack (6.1.7) lib/action_dispatch/middleware/remote_ip.rb:81:in `call'
actionpack (6.1.7) lib/action_dispatch/middleware/request_id.rb:26:in `call'
rack (2.2.5) lib/rack/method_override.rb:24:in `call'
rack (2.2.5) lib/rack/runtime.rb:22:in `call'
activesupport (6.1.7) lib/active_support/cache/strategy/local_cache_middleware.rb:29:in `call'
actionpack (6.1.7) lib/action_dispatch/middleware/executor.rb:14:in `call'
actionpack (6.1.7) lib/action_dispatch/middleware/static.rb:24:in `call'
rack (2.2.5) lib/rack/sendfile.rb:110:in `call'
actionpack (6.1.7) lib/action_dispatch/middleware/host_authorization.rb:148:in `call'
rack-mini-profiler (2.3.4) lib/mini_profiler/profiler.rb:393:in `call'
webpacker (5.4.3) lib/webpacker/dev_server_proxy.rb:25:in `perform_request'
rack-proxy (0.7.4) lib/rack/proxy.rb:78:in `call'
railties (6.1.7) lib/rails/engine.rb:539:in `call'
puma (5.6.5) lib/puma/configuration.rb:252:in `call'
puma (5.6.5) lib/puma/request.rb:77:in `block in handle_request'
puma (5.6.5) lib/puma/thread_pool.rb:340:in `with_force_shutdown'
puma (5.6.5) lib/puma/request.rb:76:in `handle_request'
puma (5.6.5) lib/puma/server.rb:443:in `process_client'
puma (5.6.5) lib/puma/thread_pool.rb:147:in `block in spawn_thread'
Started GET "/home" for ::1 at 2023-01-02 14:38:25 +0700
Processing by HomeController#index as HTML
Completed 406 Not Acceptable in 4ms (Allocations: 1819)


  
ActionController::MissingExactTemplate (HomeController#index is missing a template for request formats: text/html):
  
actionpack (6.1.7) lib/action_controller/metal/implicit_render.rb:45:in `default_render'
actionpack (6.1.7) lib/action_controller/metal/basic_implicit_render.rb:6:in `block in send_action'
<internal:kernel>:90:in `tap'
actionpack (6.1.7) lib/action_controller/metal/basic_implicit_render.rb:6:in `send_action'
actionpack (6.1.7) lib/abstract_controller/base.rb:228:in `process_action'
actionpack (6.1.7) lib/action_controller/metal/rendering.rb:30:in `process_action'
actionpack (6.1.7) lib/abstract_controller/callbacks.rb:42:in `block in process_action'
activesupport (6.1.7) lib/active_support/callbacks.rb:117:in `block in run_callbacks'
actiontext (6.1.7) lib/action_text/rendering.rb:20:in `with_renderer'
actiontext (6.1.7) lib/action_text/engine.rb:59:in `block (4 levels) in <class:Engine>'
activesupport (6.1.7) lib/active_support/callbacks.rb:126:in `instance_exec'
activesupport (6.1.7) lib/active_support/callbacks.rb:126:in `block in run_callbacks'
activesupport (6.1.7) lib/active_support/callbacks.rb:137:in `run_callbacks'
actionpack (6.1.7) lib/abstract_controller/callbacks.rb:41:in `process_action'
actionpack (6.1.7) lib/action_controller/metal/rescue.rb:22:in `process_action'
actionpack (6.1.7) lib/action_controller/metal/instrumentation.rb:34:in `block in process_action'
activesupport (6.1.7) lib/active_support/notifications.rb:203:in `block in instrument'
activesupport (6.1.7) lib/active_support/notifications/instrumenter.rb:24:in `instrument'
activesupport (6.1.7) lib/active_support/notifications.rb:203:in `instrument'
actionpack (6.1.7) lib/action_controller/metal/instrumentation.rb:33:in `process_action'
actionpack (6.1.7) lib/action_controller/metal/params_wrapper.rb:249:in `process_action'
activerecord (6.1.7) lib/active_record/railties/controller_runtime.rb:27:in `process_action'
actionpack (6.1.7) lib/abstract_controller/base.rb:165:in `process'
actionview (6.1.7) lib/action_view/rendering.rb:39:in `process'
actionpack (6.1.7) lib/action_controller/metal.rb:190:in `dispatch'
actionpack (6.1.7) lib/action_controller/metal.rb:254:in `dispatch'
actionpack (6.1.7) lib/action_dispatch/routing/route_set.rb:50:in `dispatch'
actionpack (6.1.7) lib/action_dispatch/routing/route_set.rb:33:in `serve'
actionpack (6.1.7) lib/action_dispatch/journey/router.rb:50:in `block in serve'
actionpack (6.1.7) lib/action_dispatch/journey/router.rb:32:in `each'
actionpack (6.1.7) lib/action_dispatch/journey/router.rb:32:in `serve'
actionpack (6.1.7) lib/action_dispatch/routing/route_set.rb:842:in `call'
rack (2.2.5) lib/rack/tempfile_reaper.rb:15:in `call'
rack (2.2.5) lib/rack/etag.rb:27:in `call'
rack (2.2.5) lib/rack/conditional_get.rb:27:in `call'
rack (2.2.5) lib/rack/head.rb:12:in `call'
actionpack (6.1.7) lib/action_dispatch/http/permissions_policy.rb:22:in `call'
actionpack (6.1.7) lib/action_dispatch/http/content_security_policy.rb:19:in `call'
rack (2.2.5) lib/rack/session/abstract/id.rb:266:in `context'
rack (2.2.5) lib/rack/session/abstract/id.rb:260:in `call'
actionpack (6.1.7) lib/action_dispatch/middleware/cookies.rb:689:in `call'
activerecord (6.1.7) lib/active_record/migration.rb:601:in `call'
actionpack (6.1.7) lib/action_dispatch/middleware/callbacks.rb:27:in `block in call'
activesupport (6.1.7) lib/active_support/callbacks.rb:98:in `run_callbacks'
actionpack (6.1.7) lib/action_dispatch/middleware/callbacks.rb:26:in `call'
actionpack (6.1.7) lib/action_dispatch/middleware/executor.rb:14:in `call'
actionpack (6.1.7) lib/action_dispatch/middleware/actionable_exceptions.rb:18:in `call'
actionpack (6.1.7) lib/action_dispatch/middleware/debug_exceptions.rb:29:in `call'
web-console (4.2.0) lib/web_console/middleware.rb:132:in `call_app'
web-console (4.2.0) lib/web_console/middleware.rb:28:in `block in call'
web-console (4.2.0) lib/web_console/middleware.rb:17:in `catch'
web-console (4.2.0) lib/web_console/middleware.rb:17:in `call'
actionpack (6.1.7) lib/action_dispatch/middleware/show_exceptions.rb:33:in `call'
railties (6.1.7) lib/rails/rack/logger.rb:37:in `call_app'
railties (6.1.7) lib/rails/rack/logger.rb:26:in `block in call'
activesupport (6.1.7) lib/active_support/tagged_logging.rb:99:in `block in tagged'
activesupport (6.1.7) lib/active_support/tagged_logging.rb:37:in `tagged'
activesupport (6.1.7) lib/active_support/tagged_logging.rb:99:in `tagged'
railties (6.1.7) lib/rails/rack/logger.rb:26:in `call'
sprockets-rails (3.4.2) lib/sprockets/rails/quiet_assets.rb:13:in `call'
actionpack (6.1.7) lib/action_dispatch/middleware/remote_ip.rb:81:in `call'
actionpack (6.1.7) lib/action_dispatch/middleware/request_id.rb:26:in `call'
rack (2.2.5) lib/rack/method_override.rb:24:in `call'
rack (2.2.5) lib/rack/runtime.rb:22:in `call'
activesupport (6.1.7) lib/active_support/cache/strategy/local_cache_middleware.rb:29:in `call'
actionpack (6.1.7) lib/action_dispatch/middleware/executor.rb:14:in `call'
actionpack (6.1.7) lib/action_dispatch/middleware/static.rb:24:in `call'
rack (2.2.5) lib/rack/sendfile.rb:110:in `call'
actionpack (6.1.7) lib/action_dispatch/middleware/host_authorization.rb:148:in `call'
rack-mini-profiler (2.3.4) lib/mini_profiler/profiler.rb:393:in `call'
webpacker (5.4.3) lib/webpacker/dev_server_proxy.rb:25:in `perform_request'
rack-proxy (0.7.4) lib/rack/proxy.rb:78:in `call'
railties (6.1.7) lib/rails/engine.rb:539:in `call'
puma (5.6.5) lib/puma/configuration.rb:252:in `call'
puma (5.6.5) lib/puma/request.rb:77:in `block in handle_request'
puma (5.6.5) lib/puma/thread_pool.rb:340:in `with_force_shutdown'
puma (5.6.5) lib/puma/request.rb:76:in `handle_request'
puma (5.6.5) lib/puma/server.rb:443:in `process_client'
puma (5.6.5) lib/puma/thread_pool.rb:147:in `block in spawn_thread'
Started GET "/home" for ::1 at 2023-01-02 14:38:27 +0700
Processing by HomeController#index as HTML
Completed 406 Not Acceptable in 1ms (Allocations: 633)


  
ActionController::MissingExactTemplate (HomeController#index is missing a template for request formats: text/html):
  
actionpack (6.1.7) lib/action_controller/metal/implicit_render.rb:45:in `default_render'
actionpack (6.1.7) lib/action_controller/metal/basic_implicit_render.rb:6:in `block in send_action'
<internal:kernel>:90:in `tap'
actionpack (6.1.7) lib/action_controller/metal/basic_implicit_render.rb:6:in `send_action'
actionpack (6.1.7) lib/abstract_controller/base.rb:228:in `process_action'
actionpack (6.1.7) lib/action_controller/metal/rendering.rb:30:in `process_action'
actionpack (6.1.7) lib/abstract_controller/callbacks.rb:42:in `block in process_action'
activesupport (6.1.7) lib/active_support/callbacks.rb:117:in `block in run_callbacks'
actiontext (6.1.7) lib/action_text/rendering.rb:20:in `with_renderer'
actiontext (6.1.7) lib/action_text/engine.rb:59:in `block (4 levels) in <class:Engine>'
activesupport (6.1.7) lib/active_support/callbacks.rb:126:in `instance_exec'
activesupport (6.1.7) lib/active_support/callbacks.rb:126:in `block in run_callbacks'
activesupport (6.1.7) lib/active_support/callbacks.rb:137:in `run_callbacks'
actionpack (6.1.7) lib/abstract_controller/callbacks.rb:41:in `process_action'
actionpack (6.1.7) lib/action_controller/metal/rescue.rb:22:in `process_action'
actionpack (6.1.7) lib/action_controller/metal/instrumentation.rb:34:in `block in process_action'
activesupport (6.1.7) lib/active_support/notifications.rb:203:in `block in instrument'
activesupport (6.1.7) lib/active_support/notifications/instrumenter.rb:24:in `instrument'
activesupport (6.1.7) lib/active_support/notifications.rb:203:in `instrument'
actionpack (6.1.7) lib/action_controller/metal/instrumentation.rb:33:in `process_action'
actionpack (6.1.7) lib/action_controller/metal/params_wrapper.rb:249:in `process_action'
activerecord (6.1.7) lib/active_record/railties/controller_runtime.rb:27:in `process_action'
actionpack (6.1.7) lib/abstract_controller/base.rb:165:in `process'
actionview (6.1.7) lib/action_view/rendering.rb:39:in `process'
actionpack (6.1.7) lib/action_controller/metal.rb:190:in `dispatch'
actionpack (6.1.7) lib/action_controller/metal.rb:254:in `dispatch'
actionpack (6.1.7) lib/action_dispatch/routing/route_set.rb:50:in `dispatch'
actionpack (6.1.7) lib/action_dispatch/routing/route_set.rb:33:in `serve'
actionpack (6.1.7) lib/action_dispatch/journey/router.rb:50:in `block in serve'
actionpack (6.1.7) lib/action_dispatch/journey/router.rb:32:in `each'
actionpack (6.1.7) lib/action_dispatch/journey/router.rb:32:in `serve'
actionpack (6.1.7) lib/action_dispatch/routing/route_set.rb:842:in `call'
rack (2.2.5) lib/rack/tempfile_reaper.rb:15:in `call'
rack (2.2.5) lib/rack/etag.rb:27:in `call'
rack (2.2.5) lib/rack/conditional_get.rb:27:in `call'
rack (2.2.5) lib/rack/head.rb:12:in `call'
actionpack (6.1.7) lib/action_dispatch/http/permissions_policy.rb:22:in `call'
actionpack (6.1.7) lib/action_dispatch/http/content_security_policy.rb:19:in `call'
rack (2.2.5) lib/rack/session/abstract/id.rb:266:in `context'
rack (2.2.5) lib/rack/session/abstract/id.rb:260:in `call'
actionpack (6.1.7) lib/action_dispatch/middleware/cookies.rb:689:in `call'
activerecord (6.1.7) lib/active_record/migration.rb:601:in `call'
actionpack (6.1.7) lib/action_dispatch/middleware/callbacks.rb:27:in `block in call'
activesupport (6.1.7) lib/active_support/callbacks.rb:98:in `run_callbacks'
actionpack (6.1.7) lib/action_dispatch/middleware/callbacks.rb:26:in `call'
actionpack (6.1.7) lib/action_dispatch/middleware/executor.rb:14:in `call'
actionpack (6.1.7) lib/action_dispatch/middleware/actionable_exceptions.rb:18:in `call'
actionpack (6.1.7) lib/action_dispatch/middleware/debug_exceptions.rb:29:in `call'
web-console (4.2.0) lib/web_console/middleware.rb:132:in `call_app'
web-console (4.2.0) lib/web_console/middleware.rb:28:in `block in call'
web-console (4.2.0) lib/web_console/middleware.rb:17:in `catch'
web-console (4.2.0) lib/web_console/middleware.rb:17:in `call'
actionpack (6.1.7) lib/action_dispatch/middleware/show_exceptions.rb:33:in `call'
railties (6.1.7) lib/rails/rack/logger.rb:37:in `call_app'
railties (6.1.7) lib/rails/rack/logger.rb:26:in `block in call'
activesupport (6.1.7) lib/active_support/tagged_logging.rb:99:in `block in tagged'
activesupport (6.1.7) lib/active_support/tagged_logging.rb:37:in `tagged'
activesupport (6.1.7) lib/active_support/tagged_logging.rb:99:in `tagged'
railties (6.1.7) lib/rails/rack/logger.rb:26:in `call'
sprockets-rails (3.4.2) lib/sprockets/rails/quiet_assets.rb:13:in `call'
actionpack (6.1.7) lib/action_dispatch/middleware/remote_ip.rb:81:in `call'
actionpack (6.1.7) lib/action_dispatch/middleware/request_id.rb:26:in `call'
rack (2.2.5) lib/rack/method_override.rb:24:in `call'
rack (2.2.5) lib/rack/runtime.rb:22:in `call'
activesupport (6.1.7) lib/active_support/cache/strategy/local_cache_middleware.rb:29:in `call'
actionpack (6.1.7) lib/action_dispatch/middleware/executor.rb:14:in `call'
actionpack (6.1.7) lib/action_dispatch/middleware/static.rb:24:in `call'
rack (2.2.5) lib/rack/sendfile.rb:110:in `call'
actionpack (6.1.7) lib/action_dispatch/middleware/host_authorization.rb:148:in `call'
rack-mini-profiler (2.3.4) lib/mini_profiler/profiler.rb:393:in `call'
webpacker (5.4.3) lib/webpacker/dev_server_proxy.rb:25:in `perform_request'
rack-proxy (0.7.4) lib/rack/proxy.rb:78:in `call'
railties (6.1.7) lib/rails/engine.rb:539:in `call'
puma (5.6.5) lib/puma/configuration.rb:252:in `call'
puma (5.6.5) lib/puma/request.rb:77:in `block in handle_request'
puma (5.6.5) lib/puma/thread_pool.rb:340:in `with_force_shutdown'
puma (5.6.5) lib/puma/request.rb:76:in `handle_request'
puma (5.6.5) lib/puma/server.rb:443:in `process_client'
puma (5.6.5) lib/puma/thread_pool.rb:147:in `block in spawn_thread'
Started GET "/" for ::1 at 2023-01-02 14:52:40 +0700
  [1m[35m (0.7ms)[0m  [1m[34mSELECT sqlite_version(*)[0m
Processing by Rails::WelcomeController#index as HTML
  Rendering /home/johnny/.rvm/gems/ruby-3.1.2/gems/railties-6.1.7/lib/rails/templates/rails/welcome/index.html.erb
  Rendered /home/johnny/.rvm/gems/ruby-3.1.2/gems/railties-6.1.7/lib/rails/templates/rails/welcome/index.html.erb (Duration: 8.5ms | Allocations: 470)
Completed 200 OK in 25ms (Views: 11.8ms | ActiveRecord: 0.0ms | Allocations: 3343)


Started GET "/home" for ::1 at 2023-01-02 14:52:45 +0700
Processing by HomeController#index as HTML
Completed 406 Not Acceptable in 5ms (ActiveRecord: 0.0ms | Allocations: 2052)


  
ActionController::MissingExactTemplate (HomeController#index is missing a template for request formats: text/html):
  
actionpack (6.1.7) lib/action_controller/metal/implicit_render.rb:45:in `default_render'
actionpack (6.1.7) lib/action_controller/metal/basic_implicit_render.rb:6:in `block in send_action'
<internal:kernel>:90:in `tap'
actionpack (6.1.7) lib/action_controller/metal/basic_implicit_render.rb:6:in `send_action'
actionpack (6.1.7) lib/abstract_controller/base.rb:228:in `process_action'
actionpack (6.1.7) lib/action_controller/metal/rendering.rb:30:in `process_action'
actionpack (6.1.7) lib/abstract_controller/callbacks.rb:42:in `block in process_action'
activesupport (6.1.7) lib/active_support/callbacks.rb:117:in `block in run_callbacks'
actiontext (6.1.7) lib/action_text/rendering.rb:20:in `with_renderer'
actiontext (6.1.7) lib/action_text/engine.rb:59:in `block (4 levels) in <class:Engine>'
activesupport (6.1.7) lib/active_support/callbacks.rb:126:in `instance_exec'
activesupport (6.1.7) lib/active_support/callbacks.rb:126:in `block in run_callbacks'
activesupport (6.1.7) lib/active_support/callbacks.rb:137:in `run_callbacks'
actionpack (6.1.7) lib/abstract_controller/callbacks.rb:41:in `process_action'
actionpack (6.1.7) lib/action_controller/metal/rescue.rb:22:in `process_action'
actionpack (6.1.7) lib/action_controller/metal/instrumentation.rb:34:in `block in process_action'
activesupport (6.1.7) lib/active_support/notifications.rb:203:in `block in instrument'
activesupport (6.1.7) lib/active_support/notifications/instrumenter.rb:24:in `instrument'
activesupport (6.1.7) lib/active_support/notifications.rb:203:in `instrument'
actionpack (6.1.7) lib/action_controller/metal/instrumentation.rb:33:in `process_action'
actionpack (6.1.7) lib/action_controller/metal/params_wrapper.rb:249:in `process_action'
activerecord (6.1.7) lib/active_record/railties/controller_runtime.rb:27:in `process_action'
actionpack (6.1.7) lib/abstract_controller/base.rb:165:in `process'
actionview (6.1.7) lib/action_view/rendering.rb:39:in `process'
actionpack (6.1.7) lib/action_controller/metal.rb:190:in `dispatch'
actionpack (6.1.7) lib/action_controller/metal.rb:254:in `dispatch'
actionpack (6.1.7) lib/action_dispatch/routing/route_set.rb:50:in `dispatch'
actionpack (6.1.7) lib/action_dispatch/routing/route_set.rb:33:in `serve'
actionpack (6.1.7) lib/action_dispatch/journey/router.rb:50:in `block in serve'
actionpack (6.1.7) lib/action_dispatch/journey/router.rb:32:in `each'
actionpack (6.1.7) lib/action_dispatch/journey/router.rb:32:in `serve'
actionpack (6.1.7) lib/action_dispatch/routing/route_set.rb:842:in `call'
rack (2.2.5) lib/rack/tempfile_reaper.rb:15:in `call'
rack (2.2.5) lib/rack/etag.rb:27:in `call'
rack (2.2.5) lib/rack/conditional_get.rb:27:in `call'
rack (2.2.5) lib/rack/head.rb:12:in `call'
actionpack (6.1.7) lib/action_dispatch/http/permissions_policy.rb:22:in `call'
actionpack (6.1.7) lib/action_dispatch/http/content_security_policy.rb:19:in `call'
rack (2.2.5) lib/rack/session/abstract/id.rb:266:in `context'
rack (2.2.5) lib/rack/session/abstract/id.rb:260:in `call'
actionpack (6.1.7) lib/action_dispatch/middleware/cookies.rb:689:in `call'
activerecord (6.1.7) lib/active_record/migration.rb:601:in `call'
actionpack (6.1.7) lib/action_dispatch/middleware/callbacks.rb:27:in `block in call'
activesupport (6.1.7) lib/active_support/callbacks.rb:98:in `run_callbacks'
actionpack (6.1.7) lib/action_dispatch/middleware/callbacks.rb:26:in `call'
actionpack (6.1.7) lib/action_dispatch/middleware/executor.rb:14:in `call'
actionpack (6.1.7) lib/action_dispatch/middleware/actionable_exceptions.rb:18:in `call'
actionpack (6.1.7) lib/action_dispatch/middleware/debug_exceptions.rb:29:in `call'
web-console (4.2.0) lib/web_console/middleware.rb:132:in `call_app'
web-console (4.2.0) lib/web_console/middleware.rb:28:in `block in call'
web-console (4.2.0) lib/web_console/middleware.rb:17:in `catch'
web-console (4.2.0) lib/web_console/middleware.rb:17:in `call'
actionpack (6.1.7) lib/action_dispatch/middleware/show_exceptions.rb:33:in `call'
railties (6.1.7) lib/rails/rack/logger.rb:37:in `call_app'
railties (6.1.7) lib/rails/rack/logger.rb:26:in `block in call'
activesupport (6.1.7) lib/active_support/tagged_logging.rb:99:in `block in tagged'
activesupport (6.1.7) lib/active_support/tagged_logging.rb:37:in `tagged'
activesupport (6.1.7) lib/active_support/tagged_logging.rb:99:in `tagged'
railties (6.1.7) lib/rails/rack/logger.rb:26:in `call'
sprockets-rails (3.4.2) lib/sprockets/rails/quiet_assets.rb:13:in `call'
actionpack (6.1.7) lib/action_dispatch/middleware/remote_ip.rb:81:in `call'
actionpack (6.1.7) lib/action_dispatch/middleware/request_id.rb:26:in `call'
rack (2.2.5) lib/rack/method_override.rb:24:in `call'
rack (2.2.5) lib/rack/runtime.rb:22:in `call'
activesupport (6.1.7) lib/active_support/cache/strategy/local_cache_middleware.rb:29:in `call'
actionpack (6.1.7) lib/action_dispatch/middleware/executor.rb:14:in `call'
actionpack (6.1.7) lib/action_dispatch/middleware/static.rb:24:in `call'
rack (2.2.5) lib/rack/sendfile.rb:110:in `call'
actionpack (6.1.7) lib/action_dispatch/middleware/host_authorization.rb:148:in `call'
rack-mini-profiler (2.3.4) lib/mini_profiler/profiler.rb:393:in `call'
webpacker (5.4.3) lib/webpacker/dev_server_proxy.rb:25:in `perform_request'
rack-proxy (0.7.4) lib/rack/proxy.rb:78:in `call'
railties (6.1.7) lib/rails/engine.rb:539:in `call'
puma (5.6.5) lib/puma/configuration.rb:252:in `call'
puma (5.6.5) lib/puma/request.rb:77:in `block in handle_request'
puma (5.6.5) lib/puma/thread_pool.rb:340:in `with_force_shutdown'
puma (5.6.5) lib/puma/request.rb:76:in `handle_request'
puma (5.6.5) lib/puma/server.rb:443:in `process_client'
puma (5.6.5) lib/puma/thread_pool.rb:147:in `block in spawn_thread'
Started GET "/home" for ::1 at 2023-01-02 14:56:42 +0700
  [1m[35m (0.5ms)[0m  [1m[34mSELECT sqlite_version(*)[0m
Processing by HomeController#index as HTML
Completed 406 Not Acceptable in 31ms (ActiveRecord: 0.0ms | Allocations: 3151)


  
ActionController::MissingExactTemplate (HomeController#index is missing a template for request formats: text/html):
  
actionpack (6.1.7) lib/action_controller/metal/implicit_render.rb:45:in `default_render'
actionpack (6.1.7) lib/action_controller/metal/basic_implicit_render.rb:6:in `block in send_action'
<internal:kernel>:90:in `tap'
actionpack (6.1.7) lib/action_controller/metal/basic_implicit_render.rb:6:in `send_action'
actionpack (6.1.7) lib/abstract_controller/base.rb:228:in `process_action'
actionpack (6.1.7) lib/action_controller/metal/rendering.rb:30:in `process_action'
actionpack (6.1.7) lib/abstract_controller/callbacks.rb:42:in `block in process_action'
activesupport (6.1.7) lib/active_support/callbacks.rb:117:in `block in run_callbacks'
actiontext (6.1.7) lib/action_text/rendering.rb:20:in `with_renderer'
actiontext (6.1.7) lib/action_text/engine.rb:59:in `block (4 levels) in <class:Engine>'
activesupport (6.1.7) lib/active_support/callbacks.rb:126:in `instance_exec'
activesupport (6.1.7) lib/active_support/callbacks.rb:126:in `block in run_callbacks'
activesupport (6.1.7) lib/active_support/callbacks.rb:137:in `run_callbacks'
actionpack (6.1.7) lib/abstract_controller/callbacks.rb:41:in `process_action'
actionpack (6.1.7) lib/action_controller/metal/rescue.rb:22:in `process_action'
actionpack (6.1.7) lib/action_controller/metal/instrumentation.rb:34:in `block in process_action'
activesupport (6.1.7) lib/active_support/notifications.rb:203:in `block in instrument'
activesupport (6.1.7) lib/active_support/notifications/instrumenter.rb:24:in `instrument'
activesupport (6.1.7) lib/active_support/notifications.rb:203:in `instrument'
actionpack (6.1.7) lib/action_controller/metal/instrumentation.rb:33:in `process_action'
actionpack (6.1.7) lib/action_controller/metal/params_wrapper.rb:249:in `process_action'
activerecord (6.1.7) lib/active_record/railties/controller_runtime.rb:27:in `process_action'
actionpack (6.1.7) lib/abstract_controller/base.rb:165:in `process'
actionview (6.1.7) lib/action_view/rendering.rb:39:in `process'
actionpack (6.1.7) lib/action_controller/metal.rb:190:in `dispatch'
actionpack (6.1.7) lib/action_controller/metal.rb:254:in `dispatch'
actionpack (6.1.7) lib/action_dispatch/routing/route_set.rb:50:in `dispatch'
actionpack (6.1.7) lib/action_dispatch/routing/route_set.rb:33:in `serve'
actionpack (6.1.7) lib/action_dispatch/journey/router.rb:50:in `block in serve'
actionpack (6.1.7) lib/action_dispatch/journey/router.rb:32:in `each'
actionpack (6.1.7) lib/action_dispatch/journey/router.rb:32:in `serve'
actionpack (6.1.7) lib/action_dispatch/routing/route_set.rb:842:in `call'
rack (2.2.5) lib/rack/tempfile_reaper.rb:15:in `call'
rack (2.2.5) lib/rack/etag.rb:27:in `call'
rack (2.2.5) lib/rack/conditional_get.rb:27:in `call'
rack (2.2.5) lib/rack/head.rb:12:in `call'
actionpack (6.1.7) lib/action_dispatch/http/permissions_policy.rb:22:in `call'
actionpack (6.1.7) lib/action_dispatch/http/content_security_policy.rb:19:in `call'
rack (2.2.5) lib/rack/session/abstract/id.rb:266:in `context'
rack (2.2.5) lib/rack/session/abstract/id.rb:260:in `call'
actionpack (6.1.7) lib/action_dispatch/middleware/cookies.rb:689:in `call'
activerecord (6.1.7) lib/active_record/migration.rb:601:in `call'
actionpack (6.1.7) lib/action_dispatch/middleware/callbacks.rb:27:in `block in call'
activesupport (6.1.7) lib/active_support/callbacks.rb:98:in `run_callbacks'
actionpack (6.1.7) lib/action_dispatch/middleware/callbacks.rb:26:in `call'
actionpack (6.1.7) lib/action_dispatch/middleware/executor.rb:14:in `call'
actionpack (6.1.7) lib/action_dispatch/middleware/actionable_exceptions.rb:18:in `call'
actionpack (6.1.7) lib/action_dispatch/middleware/debug_exceptions.rb:29:in `call'
web-console (4.2.0) lib/web_console/middleware.rb:132:in `call_app'
web-console (4.2.0) lib/web_console/middleware.rb:28:in `block in call'
web-console (4.2.0) lib/web_console/middleware.rb:17:in `catch'
web-console (4.2.0) lib/web_console/middleware.rb:17:in `call'
actionpack (6.1.7) lib/action_dispatch/middleware/show_exceptions.rb:33:in `call'
railties (6.1.7) lib/rails/rack/logger.rb:37:in `call_app'
railties (6.1.7) lib/rails/rack/logger.rb:26:in `block in call'
activesupport (6.1.7) lib/active_support/tagged_logging.rb:99:in `block in tagged'
activesupport (6.1.7) lib/active_support/tagged_logging.rb:37:in `tagged'
activesupport (6.1.7) lib/active_support/tagged_logging.rb:99:in `tagged'
railties (6.1.7) lib/rails/rack/logger.rb:26:in `call'
sprockets-rails (3.4.2) lib/sprockets/rails/quiet_assets.rb:13:in `call'
actionpack (6.1.7) lib/action_dispatch/middleware/remote_ip.rb:81:in `call'
actionpack (6.1.7) lib/action_dispatch/middleware/request_id.rb:26:in `call'
rack (2.2.5) lib/rack/method_override.rb:24:in `call'
rack (2.2.5) lib/rack/runtime.rb:22:in `call'
activesupport (6.1.7) lib/active_support/cache/strategy/local_cache_middleware.rb:29:in `call'
actionpack (6.1.7) lib/action_dispatch/middleware/executor.rb:14:in `call'
actionpack (6.1.7) lib/action_dispatch/middleware/static.rb:24:in `call'
rack (2.2.5) lib/rack/sendfile.rb:110:in `call'
actionpack (6.1.7) lib/action_dispatch/middleware/host_authorization.rb:148:in `call'
rack-mini-profiler (2.3.4) lib/mini_profiler/profiler.rb:393:in `call'
webpacker (5.4.3) lib/webpacker/dev_server_proxy.rb:25:in `perform_request'
rack-proxy (0.7.4) lib/rack/proxy.rb:78:in `call'
railties (6.1.7) lib/rails/engine.rb:539:in `call'
puma (5.6.5) lib/puma/configuration.rb:252:in `call'
puma (5.6.5) lib/puma/request.rb:77:in `block in handle_request'
puma (5.6.5) lib/puma/thread_pool.rb:340:in `with_force_shutdown'
puma (5.6.5) lib/puma/request.rb:76:in `handle_request'
puma (5.6.5) lib/puma/server.rb:443:in `process_client'
puma (5.6.5) lib/puma/thread_pool.rb:147:in `block in spawn_thread'
Started GET "/home" for ::1 at 2023-01-02 14:56:43 +0700
Processing by HomeController#index as HTML
Completed 406 Not Acceptable in 1ms (ActiveRecord: 0.0ms | Allocations: 708)


  
ActionController::MissingExactTemplate (HomeController#index is missing a template for request formats: text/html):
  
actionpack (6.1.7) lib/action_controller/metal/implicit_render.rb:45:in `default_render'
actionpack (6.1.7) lib/action_controller/metal/basic_implicit_render.rb:6:in `block in send_action'
<internal:kernel>:90:in `tap'
actionpack (6.1.7) lib/action_controller/metal/basic_implicit_render.rb:6:in `send_action'
actionpack (6.1.7) lib/abstract_controller/base.rb:228:in `process_action'
actionpack (6.1.7) lib/action_controller/metal/rendering.rb:30:in `process_action'
actionpack (6.1.7) lib/abstract_controller/callbacks.rb:42:in `block in process_action'
activesupport (6.1.7) lib/active_support/callbacks.rb:117:in `block in run_callbacks'
actiontext (6.1.7) lib/action_text/rendering.rb:20:in `with_renderer'
actiontext (6.1.7) lib/action_text/engine.rb:59:in `block (4 levels) in <class:Engine>'
activesupport (6.1.7) lib/active_support/callbacks.rb:126:in `instance_exec'
activesupport (6.1.7) lib/active_support/callbacks.rb:126:in `block in run_callbacks'
activesupport (6.1.7) lib/active_support/callbacks.rb:137:in `run_callbacks'
actionpack (6.1.7) lib/abstract_controller/callbacks.rb:41:in `process_action'
actionpack (6.1.7) lib/action_controller/metal/rescue.rb:22:in `process_action'
actionpack (6.1.7) lib/action_controller/metal/instrumentation.rb:34:in `block in process_action'
activesupport (6.1.7) lib/active_support/notifications.rb:203:in `block in instrument'
activesupport (6.1.7) lib/active_support/notifications/instrumenter.rb:24:in `instrument'
activesupport (6.1.7) lib/active_support/notifications.rb:203:in `instrument'
actionpack (6.1.7) lib/action_controller/metal/instrumentation.rb:33:in `process_action'
actionpack (6.1.7) lib/action_controller/metal/params_wrapper.rb:249:in `process_action'
activerecord (6.1.7) lib/active_record/railties/controller_runtime.rb:27:in `process_action'
actionpack (6.1.7) lib/abstract_controller/base.rb:165:in `process'
actionview (6.1.7) lib/action_view/rendering.rb:39:in `process'
actionpack (6.1.7) lib/action_controller/metal.rb:190:in `dispatch'
actionpack (6.1.7) lib/action_controller/metal.rb:254:in `dispatch'
actionpack (6.1.7) lib/action_dispatch/routing/route_set.rb:50:in `dispatch'
actionpack (6.1.7) lib/action_dispatch/routing/route_set.rb:33:in `serve'
actionpack (6.1.7) lib/action_dispatch/journey/router.rb:50:in `block in serve'
actionpack (6.1.7) lib/action_dispatch/journey/router.rb:32:in `each'
actionpack (6.1.7) lib/action_dispatch/journey/router.rb:32:in `serve'
actionpack (6.1.7) lib/action_dispatch/routing/route_set.rb:842:in `call'
rack (2.2.5) lib/rack/tempfile_reaper.rb:15:in `call'
rack (2.2.5) lib/rack/etag.rb:27:in `call'
rack (2.2.5) lib/rack/conditional_get.rb:27:in `call'
rack (2.2.5) lib/rack/head.rb:12:in `call'
actionpack (6.1.7) lib/action_dispatch/http/permissions_policy.rb:22:in `call'
actionpack (6.1.7) lib/action_dispatch/http/content_security_policy.rb:19:in `call'
rack (2.2.5) lib/rack/session/abstract/id.rb:266:in `context'
rack (2.2.5) lib/rack/session/abstract/id.rb:260:in `call'
actionpack (6.1.7) lib/action_dispatch/middleware/cookies.rb:689:in `call'
activerecord (6.1.7) lib/active_record/migration.rb:601:in `call'
actionpack (6.1.7) lib/action_dispatch/middleware/callbacks.rb:27:in `block in call'
activesupport (6.1.7) lib/active_support/callbacks.rb:98:in `run_callbacks'
actionpack (6.1.7) lib/action_dispatch/middleware/callbacks.rb:26:in `call'
actionpack (6.1.7) lib/action_dispatch/middleware/executor.rb:14:in `call'
actionpack (6.1.7) lib/action_dispatch/middleware/actionable_exceptions.rb:18:in `call'
actionpack (6.1.7) lib/action_dispatch/middleware/debug_exceptions.rb:29:in `call'
web-console (4.2.0) lib/web_console/middleware.rb:132:in `call_app'
web-console (4.2.0) lib/web_console/middleware.rb:28:in `block in call'
web-console (4.2.0) lib/web_console/middleware.rb:17:in `catch'
web-console (4.2.0) lib/web_console/middleware.rb:17:in `call'
actionpack (6.1.7) lib/action_dispatch/middleware/show_exceptions.rb:33:in `call'
railties (6.1.7) lib/rails/rack/logger.rb:37:in `call_app'
railties (6.1.7) lib/rails/rack/logger.rb:26:in `block in call'
activesupport (6.1.7) lib/active_support/tagged_logging.rb:99:in `block in tagged'
activesupport (6.1.7) lib/active_support/tagged_logging.rb:37:in `tagged'
activesupport (6.1.7) lib/active_support/tagged_logging.rb:99:in `tagged'
railties (6.1.7) lib/rails/rack/logger.rb:26:in `call'
sprockets-rails (3.4.2) lib/sprockets/rails/quiet_assets.rb:13:in `call'
actionpack (6.1.7) lib/action_dispatch/middleware/remote_ip.rb:81:in `call'
actionpack (6.1.7) lib/action_dispatch/middleware/request_id.rb:26:in `call'
rack (2.2.5) lib/rack/method_override.rb:24:in `call'
rack (2.2.5) lib/rack/runtime.rb:22:in `call'
activesupport (6.1.7) lib/active_support/cache/strategy/local_cache_middleware.rb:29:in `call'
actionpack (6.1.7) lib/action_dispatch/middleware/executor.rb:14:in `call'
actionpack (6.1.7) lib/action_dispatch/middleware/static.rb:24:in `call'
rack (2.2.5) lib/rack/sendfile.rb:110:in `call'
actionpack (6.1.7) lib/action_dispatch/middleware/host_authorization.rb:148:in `call'
rack-mini-profiler (2.3.4) lib/mini_profiler/profiler.rb:393:in `call'
webpacker (5.4.3) lib/webpacker/dev_server_proxy.rb:25:in `perform_request'
rack-proxy (0.7.4) lib/rack/proxy.rb:78:in `call'
railties (6.1.7) lib/rails/engine.rb:539:in `call'
puma (5.6.5) lib/puma/configuration.rb:252:in `call'
puma (5.6.5) lib/puma/request.rb:77:in `block in handle_request'
puma (5.6.5) lib/puma/thread_pool.rb:340:in `with_force_shutdown'
puma (5.6.5) lib/puma/request.rb:76:in `handle_request'
puma (5.6.5) lib/puma/server.rb:443:in `process_client'
puma (5.6.5) lib/puma/thread_pool.rb:147:in `block in spawn_thread'
Started GET "/home/index" for ::1 at 2023-01-02 15:02:03 +0700
Processing by HomeController#show as HTML
  Parameters: {"id"=>"index"}
  Rendering layout layouts/application.html.erb
  Rendering home/show.erb within layouts/application
  Rendered home/show.erb within layouts/application (Duration: 1.7ms | Allocations: 143)
  Rendered layout layouts/application.html.erb (Duration: 42.3ms | Allocations: 4654)
Completed 200 OK in 56ms (Views: 51.7ms | ActiveRecord: 0.0ms | Allocations: 5949)


Started GET "/homes" for ::1 at 2023-01-02 15:02:26 +0700
  
ActionController::RoutingError (uninitialized constant HomesController

        Object.const_get(camel_cased_word)
              ^^^^^^^^^^
Did you mean?  HomeController

            raise MissingController.new(error.message, error.name)
            ^^^^^):
  
Started GET "/home" for ::1 at 2023-01-02 15:02:58 +0700
  
NameError (undefined local variable or method `homes_path' for #<ActionDispatch::Routing::Mapper:0x00007fcb200a6070 @set=#<ActionDispatch::Routing::RouteSet:0x00007fcb228b1e48>, @draw_paths=[#<Pathname:/home/johnny/Documents/Rails/newdemoapp/config/routes>], @scope=#<ActionDispatch::Routing::Mapper::Scope:0x00007fcb200a6020 @hash={:path_names=>{:new=>"new", :edit=>"edit"}}, @parent=#<ActionDispatch::Routing::Mapper::Scope:0x00007fcb221c91d0 @hash=nil, @parent=nil, @scope_level=nil>, @scope_level=nil>, @concerns={}>

  root homes_path
       ^^^^^^^^^^):
  
config/routes.rb:2:in `block in <main>'
config/routes.rb:1:in `<main>'
Started GET "/home" for ::1 at 2023-01-02 15:03:25 +0700
Processing by HomeController#index as HTML
Completed 406 Not Acceptable in 1ms (Allocations: 718)


  
ActionController::MissingExactTemplate (HomeController#index is missing a template for request formats: text/html):
  
actionpack (6.1.7) lib/action_controller/metal/implicit_render.rb:45:in `default_render'
actionpack (6.1.7) lib/action_controller/metal/basic_implicit_render.rb:6:in `block in send_action'
<internal:kernel>:90:in `tap'
actionpack (6.1.7) lib/action_controller/metal/basic_implicit_render.rb:6:in `send_action'
actionpack (6.1.7) lib/abstract_controller/base.rb:228:in `process_action'
actionpack (6.1.7) lib/action_controller/metal/rendering.rb:30:in `process_action'
actionpack (6.1.7) lib/abstract_controller/callbacks.rb:42:in `block in process_action'
activesupport (6.1.7) lib/active_support/callbacks.rb:117:in `block in run_callbacks'
actiontext (6.1.7) lib/action_text/rendering.rb:20:in `with_renderer'
actiontext (6.1.7) lib/action_text/engine.rb:59:in `block (4 levels) in <class:Engine>'
activesupport (6.1.7) lib/active_support/callbacks.rb:126:in `instance_exec'
activesupport (6.1.7) lib/active_support/callbacks.rb:126:in `block in run_callbacks'
activesupport (6.1.7) lib/active_support/callbacks.rb:137:in `run_callbacks'
actionpack (6.1.7) lib/abstract_controller/callbacks.rb:41:in `process_action'
actionpack (6.1.7) lib/action_controller/metal/rescue.rb:22:in `process_action'
actionpack (6.1.7) lib/action_controller/metal/instrumentation.rb:34:in `block in process_action'
activesupport (6.1.7) lib/active_support/notifications.rb:203:in `block in instrument'
activesupport (6.1.7) lib/active_support/notifications/instrumenter.rb:24:in `instrument'
activesupport (6.1.7) lib/active_support/notifications.rb:203:in `instrument'
actionpack (6.1.7) lib/action_controller/metal/instrumentation.rb:33:in `process_action'
actionpack (6.1.7) lib/action_controller/metal/params_wrapper.rb:249:in `process_action'
activerecord (6.1.7) lib/active_record/railties/controller_runtime.rb:27:in `process_action'
actionpack (6.1.7) lib/abstract_controller/base.rb:165:in `process'
actionview (6.1.7) lib/action_view/rendering.rb:39:in `process'
actionpack (6.1.7) lib/action_controller/metal.rb:190:in `dispatch'
actionpack (6.1.7) lib/action_controller/metal.rb:254:in `dispatch'
actionpack (6.1.7) lib/action_dispatch/routing/route_set.rb:50:in `dispatch'
actionpack (6.1.7) lib/action_dispatch/routing/route_set.rb:33:in `serve'
actionpack (6.1.7) lib/action_dispatch/journey/router.rb:50:in `block in serve'
actionpack (6.1.7) lib/action_dispatch/journey/router.rb:32:in `each'
actionpack (6.1.7) lib/action_dispatch/journey/router.rb:32:in `serve'
actionpack (6.1.7) lib/action_dispatch/routing/route_set.rb:842:in `call'
rack (2.2.5) lib/rack/tempfile_reaper.rb:15:in `call'
rack (2.2.5) lib/rack/etag.rb:27:in `call'
rack (2.2.5) lib/rack/conditional_get.rb:27:in `call'
rack (2.2.5) lib/rack/head.rb:12:in `call'
actionpack (6.1.7) lib/action_dispatch/http/permissions_policy.rb:22:in `call'
actionpack (6.1.7) lib/action_dispatch/http/content_security_policy.rb:19:in `call'
rack (2.2.5) lib/rack/session/abstract/id.rb:266:in `context'
rack (2.2.5) lib/rack/session/abstract/id.rb:260:in `call'
actionpack (6.1.7) lib/action_dispatch/middleware/cookies.rb:689:in `call'
activerecord (6.1.7) lib/active_record/migration.rb:601:in `call'
actionpack (6.1.7) lib/action_dispatch/middleware/callbacks.rb:27:in `block in call'
activesupport (6.1.7) lib/active_support/callbacks.rb:98:in `run_callbacks'
actionpack (6.1.7) lib/action_dispatch/middleware/callbacks.rb:26:in `call'
actionpack (6.1.7) lib/action_dispatch/middleware/executor.rb:14:in `call'
actionpack (6.1.7) lib/action_dispatch/middleware/actionable_exceptions.rb:18:in `call'
actionpack (6.1.7) lib/action_dispatch/middleware/debug_exceptions.rb:29:in `call'
web-console (4.2.0) lib/web_console/middleware.rb:132:in `call_app'
web-console (4.2.0) lib/web_console/middleware.rb:28:in `block in call'
web-console (4.2.0) lib/web_console/middleware.rb:17:in `catch'
web-console (4.2.0) lib/web_console/middleware.rb:17:in `call'
actionpack (6.1.7) lib/action_dispatch/middleware/show_exceptions.rb:33:in `call'
railties (6.1.7) lib/rails/rack/logger.rb:37:in `call_app'
railties (6.1.7) lib/rails/rack/logger.rb:26:in `block in call'
activesupport (6.1.7) lib/active_support/tagged_logging.rb:99:in `block in tagged'
activesupport (6.1.7) lib/active_support/tagged_logging.rb:37:in `tagged'
activesupport (6.1.7) lib/active_support/tagged_logging.rb:99:in `tagged'
railties (6.1.7) lib/rails/rack/logger.rb:26:in `call'
sprockets-rails (3.4.2) lib/sprockets/rails/quiet_assets.rb:13:in `call'
actionpack (6.1.7) lib/action_dispatch/middleware/remote_ip.rb:81:in `call'
actionpack (6.1.7) lib/action_dispatch/middleware/request_id.rb:26:in `call'
rack (2.2.5) lib/rack/method_override.rb:24:in `call'
rack (2.2.5) lib/rack/runtime.rb:22:in `call'
activesupport (6.1.7) lib/active_support/cache/strategy/local_cache_middleware.rb:29:in `call'
actionpack (6.1.7) lib/action_dispatch/middleware/executor.rb:14:in `call'
actionpack (6.1.7) lib/action_dispatch/middleware/static.rb:24:in `call'
rack (2.2.5) lib/rack/sendfile.rb:110:in `call'
actionpack (6.1.7) lib/action_dispatch/middleware/host_authorization.rb:148:in `call'
rack-mini-profiler (2.3.4) lib/mini_profiler/profiler.rb:393:in `call'
webpacker (5.4.3) lib/webpacker/dev_server_proxy.rb:25:in `perform_request'
rack-proxy (0.7.4) lib/rack/proxy.rb:78:in `call'
railties (6.1.7) lib/rails/engine.rb:539:in `call'
puma (5.6.5) lib/puma/configuration.rb:252:in `call'
puma (5.6.5) lib/puma/request.rb:77:in `block in handle_request'
puma (5.6.5) lib/puma/thread_pool.rb:340:in `with_force_shutdown'
puma (5.6.5) lib/puma/request.rb:76:in `handle_request'
puma (5.6.5) lib/puma/server.rb:443:in `process_client'
puma (5.6.5) lib/puma/thread_pool.rb:147:in `block in spawn_thread'
Started GET "/home" for ::1 at 2023-01-02 15:05:38 +0700
Processing by HomeController#index as HTML
Completed 406 Not Acceptable in 1ms (Allocations: 715)


  
ActionController::MissingExactTemplate (HomeController#index is missing a template for request formats: text/html):
  
actionpack (6.1.7) lib/action_controller/metal/implicit_render.rb:45:in `default_render'
actionpack (6.1.7) lib/action_controller/metal/basic_implicit_render.rb:6:in `block in send_action'
<internal:kernel>:90:in `tap'
actionpack (6.1.7) lib/action_controller/metal/basic_implicit_render.rb:6:in `send_action'
actionpack (6.1.7) lib/abstract_controller/base.rb:228:in `process_action'
actionpack (6.1.7) lib/action_controller/metal/rendering.rb:30:in `process_action'
actionpack (6.1.7) lib/abstract_controller/callbacks.rb:42:in `block in process_action'
activesupport (6.1.7) lib/active_support/callbacks.rb:117:in `block in run_callbacks'
actiontext (6.1.7) lib/action_text/rendering.rb:20:in `with_renderer'
actiontext (6.1.7) lib/action_text/engine.rb:59:in `block (4 levels) in <class:Engine>'
activesupport (6.1.7) lib/active_support/callbacks.rb:126:in `instance_exec'
activesupport (6.1.7) lib/active_support/callbacks.rb:126:in `block in run_callbacks'
activesupport (6.1.7) lib/active_support/callbacks.rb:137:in `run_callbacks'
actionpack (6.1.7) lib/abstract_controller/callbacks.rb:41:in `process_action'
actionpack (6.1.7) lib/action_controller/metal/rescue.rb:22:in `process_action'
actionpack (6.1.7) lib/action_controller/metal/instrumentation.rb:34:in `block in process_action'
activesupport (6.1.7) lib/active_support/notifications.rb:203:in `block in instrument'
activesupport (6.1.7) lib/active_support/notifications/instrumenter.rb:24:in `instrument'
activesupport (6.1.7) lib/active_support/notifications.rb:203:in `instrument'
actionpack (6.1.7) lib/action_controller/metal/instrumentation.rb:33:in `process_action'
actionpack (6.1.7) lib/action_controller/metal/params_wrapper.rb:249:in `process_action'
activerecord (6.1.7) lib/active_record/railties/controller_runtime.rb:27:in `process_action'
actionpack (6.1.7) lib/abstract_controller/base.rb:165:in `process'
actionview (6.1.7) lib/action_view/rendering.rb:39:in `process'
actionpack (6.1.7) lib/action_controller/metal.rb:190:in `dispatch'
actionpack (6.1.7) lib/action_controller/metal.rb:254:in `dispatch'
actionpack (6.1.7) lib/action_dispatch/routing/route_set.rb:50:in `dispatch'
actionpack (6.1.7) lib/action_dispatch/routing/route_set.rb:33:in `serve'
actionpack (6.1.7) lib/action_dispatch/journey/router.rb:50:in `block in serve'
actionpack (6.1.7) lib/action_dispatch/journey/router.rb:32:in `each'
actionpack (6.1.7) lib/action_dispatch/journey/router.rb:32:in `serve'
actionpack (6.1.7) lib/action_dispatch/routing/route_set.rb:842:in `call'
rack (2.2.5) lib/rack/tempfile_reaper.rb:15:in `call'
rack (2.2.5) lib/rack/etag.rb:27:in `call'
rack (2.2.5) lib/rack/conditional_get.rb:27:in `call'
rack (2.2.5) lib/rack/head.rb:12:in `call'
actionpack (6.1.7) lib/action_dispatch/http/permissions_policy.rb:22:in `call'
actionpack (6.1.7) lib/action_dispatch/http/content_security_policy.rb:19:in `call'
rack (2.2.5) lib/rack/session/abstract/id.rb:266:in `context'
rack (2.2.5) lib/rack/session/abstract/id.rb:260:in `call'
actionpack (6.1.7) lib/action_dispatch/middleware/cookies.rb:689:in `call'
activerecord (6.1.7) lib/active_record/migration.rb:601:in `call'
actionpack (6.1.7) lib/action_dispatch/middleware/callbacks.rb:27:in `block in call'
activesupport (6.1.7) lib/active_support/callbacks.rb:98:in `run_callbacks'
actionpack (6.1.7) lib/action_dispatch/middleware/callbacks.rb:26:in `call'
actionpack (6.1.7) lib/action_dispatch/middleware/executor.rb:14:in `call'
actionpack (6.1.7) lib/action_dispatch/middleware/actionable_exceptions.rb:18:in `call'
actionpack (6.1.7) lib/action_dispatch/middleware/debug_exceptions.rb:29:in `call'
web-console (4.2.0) lib/web_console/middleware.rb:132:in `call_app'
web-console (4.2.0) lib/web_console/middleware.rb:28:in `block in call'
web-console (4.2.0) lib/web_console/middleware.rb:17:in `catch'
web-console (4.2.0) lib/web_console/middleware.rb:17:in `call'
actionpack (6.1.7) lib/action_dispatch/middleware/show_exceptions.rb:33:in `call'
railties (6.1.7) lib/rails/rack/logger.rb:37:in `call_app'
railties (6.1.7) lib/rails/rack/logger.rb:26:in `block in call'
activesupport (6.1.7) lib/active_support/tagged_logging.rb:99:in `block in tagged'
activesupport (6.1.7) lib/active_support/tagged_logging.rb:37:in `tagged'
activesupport (6.1.7) lib/active_support/tagged_logging.rb:99:in `tagged'
railties (6.1.7) lib/rails/rack/logger.rb:26:in `call'
sprockets-rails (3.4.2) lib/sprockets/rails/quiet_assets.rb:13:in `call'
actionpack (6.1.7) lib/action_dispatch/middleware/remote_ip.rb:81:in `call'
actionpack (6.1.7) lib/action_dispatch/middleware/request_id.rb:26:in `call'
rack (2.2.5) lib/rack/method_override.rb:24:in `call'
rack (2.2.5) lib/rack/runtime.rb:22:in `call'
activesupport (6.1.7) lib/active_support/cache/strategy/local_cache_middleware.rb:29:in `call'
actionpack (6.1.7) lib/action_dispatch/middleware/executor.rb:14:in `call'
actionpack (6.1.7) lib/action_dispatch/middleware/static.rb:24:in `call'
rack (2.2.5) lib/rack/sendfile.rb:110:in `call'
actionpack (6.1.7) lib/action_dispatch/middleware/host_authorization.rb:148:in `call'
rack-mini-profiler (2.3.4) lib/mini_profiler/profiler.rb:393:in `call'
webpacker (5.4.3) lib/webpacker/dev_server_proxy.rb:25:in `perform_request'
rack-proxy (0.7.4) lib/rack/proxy.rb:78:in `call'
railties (6.1.7) lib/rails/engine.rb:539:in `call'
puma (5.6.5) lib/puma/configuration.rb:252:in `call'
puma (5.6.5) lib/puma/request.rb:77:in `block in handle_request'
puma (5.6.5) lib/puma/thread_pool.rb:340:in `with_force_shutdown'
puma (5.6.5) lib/puma/request.rb:76:in `handle_request'
puma (5.6.5) lib/puma/server.rb:443:in `process_client'
puma (5.6.5) lib/puma/thread_pool.rb:147:in `block in spawn_thread'
Started GET "/home/jdsi" for ::1 at 2023-01-02 15:05:42 +0700
Processing by HomeController#show as HTML
  Parameters: {"id"=>"jdsi"}
  Rendering layout layouts/application.html.erb
  Rendering home/show.erb within layouts/application
  Rendered home/show.erb within layouts/application (Duration: 0.1ms | Allocations: 57)
  Rendered layout layouts/application.html.erb (Duration: 3.9ms | Allocations: 2053)
Completed 200 OK in 6ms (Views: 5.5ms | Allocations: 2710)


Started GET "/" for ::1 at 2023-01-02 15:06:17 +0700
Processing by HomeController#index as HTML
Completed 406 Not Acceptable in 2ms (Allocations: 715)


  
ActionController::MissingExactTemplate (HomeController#index is missing a template for request formats: text/html):
  
actionpack (6.1.7) lib/action_controller/metal/implicit_render.rb:45:in `default_render'
actionpack (6.1.7) lib/action_controller/metal/basic_implicit_render.rb:6:in `block in send_action'
<internal:kernel>:90:in `tap'
actionpack (6.1.7) lib/action_controller/metal/basic_implicit_render.rb:6:in `send_action'
actionpack (6.1.7) lib/abstract_controller/base.rb:228:in `process_action'
actionpack (6.1.7) lib/action_controller/metal/rendering.rb:30:in `process_action'
actionpack (6.1.7) lib/abstract_controller/callbacks.rb:42:in `block in process_action'
activesupport (6.1.7) lib/active_support/callbacks.rb:117:in `block in run_callbacks'
actiontext (6.1.7) lib/action_text/rendering.rb:20:in `with_renderer'
actiontext (6.1.7) lib/action_text/engine.rb:59:in `block (4 levels) in <class:Engine>'
activesupport (6.1.7) lib/active_support/callbacks.rb:126:in `instance_exec'
activesupport (6.1.7) lib/active_support/callbacks.rb:126:in `block in run_callbacks'
activesupport (6.1.7) lib/active_support/callbacks.rb:137:in `run_callbacks'
actionpack (6.1.7) lib/abstract_controller/callbacks.rb:41:in `process_action'
actionpack (6.1.7) lib/action_controller/metal/rescue.rb:22:in `process_action'
actionpack (6.1.7) lib/action_controller/metal/instrumentation.rb:34:in `block in process_action'
activesupport (6.1.7) lib/active_support/notifications.rb:203:in `block in instrument'
activesupport (6.1.7) lib/active_support/notifications/instrumenter.rb:24:in `instrument'
activesupport (6.1.7) lib/active_support/notifications.rb:203:in `instrument'
actionpack (6.1.7) lib/action_controller/metal/instrumentation.rb:33:in `process_action'
actionpack (6.1.7) lib/action_controller/metal/params_wrapper.rb:249:in `process_action'
activerecord (6.1.7) lib/active_record/railties/controller_runtime.rb:27:in `process_action'
actionpack (6.1.7) lib/abstract_controller/base.rb:165:in `process'
actionview (6.1.7) lib/action_view/rendering.rb:39:in `process'
actionpack (6.1.7) lib/action_controller/metal.rb:190:in `dispatch'
actionpack (6.1.7) lib/action_controller/metal.rb:254:in `dispatch'
actionpack (6.1.7) lib/action_dispatch/routing/route_set.rb:50:in `dispatch'
actionpack (6.1.7) lib/action_dispatch/routing/route_set.rb:33:in `serve'
actionpack (6.1.7) lib/action_dispatch/journey/router.rb:50:in `block in serve'
actionpack (6.1.7) lib/action_dispatch/journey/router.rb:32:in `each'
actionpack (6.1.7) lib/action_dispatch/journey/router.rb:32:in `serve'
actionpack (6.1.7) lib/action_dispatch/routing/route_set.rb:842:in `call'
rack (2.2.5) lib/rack/tempfile_reaper.rb:15:in `call'
rack (2.2.5) lib/rack/etag.rb:27:in `call'
rack (2.2.5) lib/rack/conditional_get.rb:27:in `call'
rack (2.2.5) lib/rack/head.rb:12:in `call'
actionpack (6.1.7) lib/action_dispatch/http/permissions_policy.rb:22:in `call'
actionpack (6.1.7) lib/action_dispatch/http/content_security_policy.rb:19:in `call'
rack (2.2.5) lib/rack/session/abstract/id.rb:266:in `context'
rack (2.2.5) lib/rack/session/abstract/id.rb:260:in `call'
actionpack (6.1.7) lib/action_dispatch/middleware/cookies.rb:689:in `call'
activerecord (6.1.7) lib/active_record/migration.rb:601:in `call'
actionpack (6.1.7) lib/action_dispatch/middleware/callbacks.rb:27:in `block in call'
activesupport (6.1.7) lib/active_support/callbacks.rb:98:in `run_callbacks'
actionpack (6.1.7) lib/action_dispatch/middleware/callbacks.rb:26:in `call'
actionpack (6.1.7) lib/action_dispatch/middleware/executor.rb:14:in `call'
actionpack (6.1.7) lib/action_dispatch/middleware/actionable_exceptions.rb:18:in `call'
actionpack (6.1.7) lib/action_dispatch/middleware/debug_exceptions.rb:29:in `call'
web-console (4.2.0) lib/web_console/middleware.rb:132:in `call_app'
web-console (4.2.0) lib/web_console/middleware.rb:28:in `block in call'
web-console (4.2.0) lib/web_console/middleware.rb:17:in `catch'
web-console (4.2.0) lib/web_console/middleware.rb:17:in `call'
actionpack (6.1.7) lib/action_dispatch/middleware/show_exceptions.rb:33:in `call'
railties (6.1.7) lib/rails/rack/logger.rb:37:in `call_app'
railties (6.1.7) lib/rails/rack/logger.rb:26:in `block in call'
activesupport (6.1.7) lib/active_support/tagged_logging.rb:99:in `block in tagged'
activesupport (6.1.7) lib/active_support/tagged_logging.rb:37:in `tagged'
activesupport (6.1.7) lib/active_support/tagged_logging.rb:99:in `tagged'
railties (6.1.7) lib/rails/rack/logger.rb:26:in `call'
sprockets-rails (3.4.2) lib/sprockets/rails/quiet_assets.rb:13:in `call'
actionpack (6.1.7) lib/action_dispatch/middleware/remote_ip.rb:81:in `call'
actionpack (6.1.7) lib/action_dispatch/middleware/request_id.rb:26:in `call'
rack (2.2.5) lib/rack/method_override.rb:24:in `call'
rack (2.2.5) lib/rack/runtime.rb:22:in `call'
activesupport (6.1.7) lib/active_support/cache/strategy/local_cache_middleware.rb:29:in `call'
actionpack (6.1.7) lib/action_dispatch/middleware/executor.rb:14:in `call'
actionpack (6.1.7) lib/action_dispatch/middleware/static.rb:24:in `call'
rack (2.2.5) lib/rack/sendfile.rb:110:in `call'
actionpack (6.1.7) lib/action_dispatch/middleware/host_authorization.rb:148:in `call'
rack-mini-profiler (2.3.4) lib/mini_profiler/profiler.rb:393:in `call'
webpacker (5.4.3) lib/webpacker/dev_server_proxy.rb:25:in `perform_request'
rack-proxy (0.7.4) lib/rack/proxy.rb:78:in `call'
railties (6.1.7) lib/rails/engine.rb:539:in `call'
puma (5.6.5) lib/puma/configuration.rb:252:in `call'
puma (5.6.5) lib/puma/request.rb:77:in `block in handle_request'
puma (5.6.5) lib/puma/thread_pool.rb:340:in `with_force_shutdown'
puma (5.6.5) lib/puma/request.rb:76:in `handle_request'
puma (5.6.5) lib/puma/server.rb:443:in `process_client'
puma (5.6.5) lib/puma/thread_pool.rb:147:in `block in spawn_thread'
Started GET "/home" for ::1 at 2023-01-02 15:10:02 +0700
Processing by HomeController#index as HTML
Completed 406 Not Acceptable in 1ms (Allocations: 633)


  
ActionController::MissingExactTemplate (HomeController#index is missing a template for request formats: text/html):
  
actionpack (6.1.7) lib/action_controller/metal/implicit_render.rb:45:in `default_render'
actionpack (6.1.7) lib/action_controller/metal/basic_implicit_render.rb:6:in `block in send_action'
<internal:kernel>:90:in `tap'
actionpack (6.1.7) lib/action_controller/metal/basic_implicit_render.rb:6:in `send_action'
actionpack (6.1.7) lib/abstract_controller/base.rb:228:in `process_action'
actionpack (6.1.7) lib/action_controller/metal/rendering.rb:30:in `process_action'
actionpack (6.1.7) lib/abstract_controller/callbacks.rb:42:in `block in process_action'
activesupport (6.1.7) lib/active_support/callbacks.rb:117:in `block in run_callbacks'
actiontext (6.1.7) lib/action_text/rendering.rb:20:in `with_renderer'
actiontext (6.1.7) lib/action_text/engine.rb:59:in `block (4 levels) in <class:Engine>'
activesupport (6.1.7) lib/active_support/callbacks.rb:126:in `instance_exec'
activesupport (6.1.7) lib/active_support/callbacks.rb:126:in `block in run_callbacks'
activesupport (6.1.7) lib/active_support/callbacks.rb:137:in `run_callbacks'
actionpack (6.1.7) lib/abstract_controller/callbacks.rb:41:in `process_action'
actionpack (6.1.7) lib/action_controller/metal/rescue.rb:22:in `process_action'
actionpack (6.1.7) lib/action_controller/metal/instrumentation.rb:34:in `block in process_action'
activesupport (6.1.7) lib/active_support/notifications.rb:203:in `block in instrument'
activesupport (6.1.7) lib/active_support/notifications/instrumenter.rb:24:in `instrument'
activesupport (6.1.7) lib/active_support/notifications.rb:203:in `instrument'
actionpack (6.1.7) lib/action_controller/metal/instrumentation.rb:33:in `process_action'
actionpack (6.1.7) lib/action_controller/metal/params_wrapper.rb:249:in `process_action'
activerecord (6.1.7) lib/active_record/railties/controller_runtime.rb:27:in `process_action'
actionpack (6.1.7) lib/abstract_controller/base.rb:165:in `process'
actionview (6.1.7) lib/action_view/rendering.rb:39:in `process'
actionpack (6.1.7) lib/action_controller/metal.rb:190:in `dispatch'
actionpack (6.1.7) lib/action_controller/metal.rb:254:in `dispatch'
actionpack (6.1.7) lib/action_dispatch/routing/route_set.rb:50:in `dispatch'
actionpack (6.1.7) lib/action_dispatch/routing/route_set.rb:33:in `serve'
actionpack (6.1.7) lib/action_dispatch/journey/router.rb:50:in `block in serve'
actionpack (6.1.7) lib/action_dispatch/journey/router.rb:32:in `each'
actionpack (6.1.7) lib/action_dispatch/journey/router.rb:32:in `serve'
actionpack (6.1.7) lib/action_dispatch/routing/route_set.rb:842:in `call'
rack (2.2.5) lib/rack/tempfile_reaper.rb:15:in `call'
rack (2.2.5) lib/rack/etag.rb:27:in `call'
rack (2.2.5) lib/rack/conditional_get.rb:27:in `call'
rack (2.2.5) lib/rack/head.rb:12:in `call'
actionpack (6.1.7) lib/action_dispatch/http/permissions_policy.rb:22:in `call'
actionpack (6.1.7) lib/action_dispatch/http/content_security_policy.rb:19:in `call'
rack (2.2.5) lib/rack/session/abstract/id.rb:266:in `context'
rack (2.2.5) lib/rack/session/abstract/id.rb:260:in `call'
actionpack (6.1.7) lib/action_dispatch/middleware/cookies.rb:689:in `call'
activerecord (6.1.7) lib/active_record/migration.rb:601:in `call'
actionpack (6.1.7) lib/action_dispatch/middleware/callbacks.rb:27:in `block in call'
activesupport (6.1.7) lib/active_support/callbacks.rb:98:in `run_callbacks'
actionpack (6.1.7) lib/action_dispatch/middleware/callbacks.rb:26:in `call'
actionpack (6.1.7) lib/action_dispatch/middleware/executor.rb:14:in `call'
actionpack (6.1.7) lib/action_dispatch/middleware/actionable_exceptions.rb:18:in `call'
actionpack (6.1.7) lib/action_dispatch/middleware/debug_exceptions.rb:29:in `call'
web-console (4.2.0) lib/web_console/middleware.rb:132:in `call_app'
web-console (4.2.0) lib/web_console/middleware.rb:28:in `block in call'
web-console (4.2.0) lib/web_console/middleware.rb:17:in `catch'
web-console (4.2.0) lib/web_console/middleware.rb:17:in `call'
actionpack (6.1.7) lib/action_dispatch/middleware/show_exceptions.rb:33:in `call'
railties (6.1.7) lib/rails/rack/logger.rb:37:in `call_app'
railties (6.1.7) lib/rails/rack/logger.rb:26:in `block in call'
activesupport (6.1.7) lib/active_support/tagged_logging.rb:99:in `block in tagged'
activesupport (6.1.7) lib/active_support/tagged_logging.rb:37:in `tagged'
activesupport (6.1.7) lib/active_support/tagged_logging.rb:99:in `tagged'
railties (6.1.7) lib/rails/rack/logger.rb:26:in `call'
sprockets-rails (3.4.2) lib/sprockets/rails/quiet_assets.rb:13:in `call'
actionpack (6.1.7) lib/action_dispatch/middleware/remote_ip.rb:81:in `call'
actionpack (6.1.7) lib/action_dispatch/middleware/request_id.rb:26:in `call'
rack (2.2.5) lib/rack/method_override.rb:24:in `call'
rack (2.2.5) lib/rack/runtime.rb:22:in `call'
activesupport (6.1.7) lib/active_support/cache/strategy/local_cache_middleware.rb:29:in `call'
actionpack (6.1.7) lib/action_dispatch/middleware/executor.rb:14:in `call'
actionpack (6.1.7) lib/action_dispatch/middleware/static.rb:24:in `call'
rack (2.2.5) lib/rack/sendfile.rb:110:in `call'
actionpack (6.1.7) lib/action_dispatch/middleware/host_authorization.rb:148:in `call'
rack-mini-profiler (2.3.4) lib/mini_profiler/profiler.rb:393:in `call'
webpacker (5.4.3) lib/webpacker/dev_server_proxy.rb:25:in `perform_request'
rack-proxy (0.7.4) lib/rack/proxy.rb:78:in `call'
railties (6.1.7) lib/rails/engine.rb:539:in `call'
puma (5.6.5) lib/puma/configuration.rb:252:in `call'
puma (5.6.5) lib/puma/request.rb:77:in `block in handle_request'
puma (5.6.5) lib/puma/thread_pool.rb:340:in `with_force_shutdown'
puma (5.6.5) lib/puma/request.rb:76:in `handle_request'
puma (5.6.5) lib/puma/server.rb:443:in `process_client'
puma (5.6.5) lib/puma/thread_pool.rb:147:in `block in spawn_thread'
Started GET "/home" for ::1 at 2023-01-02 15:10:04 +0700
Processing by HomeController#index as HTML
Completed 406 Not Acceptable in 1ms (Allocations: 633)


  
ActionController::MissingExactTemplate (HomeController#index is missing a template for request formats: text/html):
  
actionpack (6.1.7) lib/action_controller/metal/implicit_render.rb:45:in `default_render'
actionpack (6.1.7) lib/action_controller/metal/basic_implicit_render.rb:6:in `block in send_action'
<internal:kernel>:90:in `tap'
actionpack (6.1.7) lib/action_controller/metal/basic_implicit_render.rb:6:in `send_action'
actionpack (6.1.7) lib/abstract_controller/base.rb:228:in `process_action'
actionpack (6.1.7) lib/action_controller/metal/rendering.rb:30:in `process_action'
actionpack (6.1.7) lib/abstract_controller/callbacks.rb:42:in `block in process_action'
activesupport (6.1.7) lib/active_support/callbacks.rb:117:in `block in run_callbacks'
actiontext (6.1.7) lib/action_text/rendering.rb:20:in `with_renderer'
actiontext (6.1.7) lib/action_text/engine.rb:59:in `block (4 levels) in <class:Engine>'
activesupport (6.1.7) lib/active_support/callbacks.rb:126:in `instance_exec'
activesupport (6.1.7) lib/active_support/callbacks.rb:126:in `block in run_callbacks'
activesupport (6.1.7) lib/active_support/callbacks.rb:137:in `run_callbacks'
actionpack (6.1.7) lib/abstract_controller/callbacks.rb:41:in `process_action'
actionpack (6.1.7) lib/action_controller/metal/rescue.rb:22:in `process_action'
actionpack (6.1.7) lib/action_controller/metal/instrumentation.rb:34:in `block in process_action'
activesupport (6.1.7) lib/active_support/notifications.rb:203:in `block in instrument'
activesupport (6.1.7) lib/active_support/notifications/instrumenter.rb:24:in `instrument'
activesupport (6.1.7) lib/active_support/notifications.rb:203:in `instrument'
actionpack (6.1.7) lib/action_controller/metal/instrumentation.rb:33:in `process_action'
actionpack (6.1.7) lib/action_controller/metal/params_wrapper.rb:249:in `process_action'
activerecord (6.1.7) lib/active_record/railties/controller_runtime.rb:27:in `process_action'
actionpack (6.1.7) lib/abstract_controller/base.rb:165:in `process'
actionview (6.1.7) lib/action_view/rendering.rb:39:in `process'
actionpack (6.1.7) lib/action_controller/metal.rb:190:in `dispatch'
actionpack (6.1.7) lib/action_controller/metal.rb:254:in `dispatch'
actionpack (6.1.7) lib/action_dispatch/routing/route_set.rb:50:in `dispatch'
actionpack (6.1.7) lib/action_dispatch/routing/route_set.rb:33:in `serve'
actionpack (6.1.7) lib/action_dispatch/journey/router.rb:50:in `block in serve'
actionpack (6.1.7) lib/action_dispatch/journey/router.rb:32:in `each'
actionpack (6.1.7) lib/action_dispatch/journey/router.rb:32:in `serve'
actionpack (6.1.7) lib/action_dispatch/routing/route_set.rb:842:in `call'
rack (2.2.5) lib/rack/tempfile_reaper.rb:15:in `call'
rack (2.2.5) lib/rack/etag.rb:27:in `call'
rack (2.2.5) lib/rack/conditional_get.rb:27:in `call'
rack (2.2.5) lib/rack/head.rb:12:in `call'
actionpack (6.1.7) lib/action_dispatch/http/permissions_policy.rb:22:in `call'
actionpack (6.1.7) lib/action_dispatch/http/content_security_policy.rb:19:in `call'
rack (2.2.5) lib/rack/session/abstract/id.rb:266:in `context'
rack (2.2.5) lib/rack/session/abstract/id.rb:260:in `call'
actionpack (6.1.7) lib/action_dispatch/middleware/cookies.rb:689:in `call'
activerecord (6.1.7) lib/active_record/migration.rb:601:in `call'
actionpack (6.1.7) lib/action_dispatch/middleware/callbacks.rb:27:in `block in call'
activesupport (6.1.7) lib/active_support/callbacks.rb:98:in `run_callbacks'
actionpack (6.1.7) lib/action_dispatch/middleware/callbacks.rb:26:in `call'
actionpack (6.1.7) lib/action_dispatch/middleware/executor.rb:14:in `call'
actionpack (6.1.7) lib/action_dispatch/middleware/actionable_exceptions.rb:18:in `call'
actionpack (6.1.7) lib/action_dispatch/middleware/debug_exceptions.rb:29:in `call'
web-console (4.2.0) lib/web_console/middleware.rb:132:in `call_app'
web-console (4.2.0) lib/web_console/middleware.rb:28:in `block in call'
web-console (4.2.0) lib/web_console/middleware.rb:17:in `catch'
web-console (4.2.0) lib/web_console/middleware.rb:17:in `call'
actionpack (6.1.7) lib/action_dispatch/middleware/show_exceptions.rb:33:in `call'
railties (6.1.7) lib/rails/rack/logger.rb:37:in `call_app'
railties (6.1.7) lib/rails/rack/logger.rb:26:in `block in call'
activesupport (6.1.7) lib/active_support/tagged_logging.rb:99:in `block in tagged'
activesupport (6.1.7) lib/active_support/tagged_logging.rb:37:in `tagged'
activesupport (6.1.7) lib/active_support/tagged_logging.rb:99:in `tagged'
railties (6.1.7) lib/rails/rack/logger.rb:26:in `call'
sprockets-rails (3.4.2) lib/sprockets/rails/quiet_assets.rb:13:in `call'
actionpack (6.1.7) lib/action_dispatch/middleware/remote_ip.rb:81:in `call'
actionpack (6.1.7) lib/action_dispatch/middleware/request_id.rb:26:in `call'
rack (2.2.5) lib/rack/method_override.rb:24:in `call'
rack (2.2.5) lib/rack/runtime.rb:22:in `call'
activesupport (6.1.7) lib/active_support/cache/strategy/local_cache_middleware.rb:29:in `call'
actionpack (6.1.7) lib/action_dispatch/middleware/executor.rb:14:in `call'
actionpack (6.1.7) lib/action_dispatch/middleware/static.rb:24:in `call'
rack (2.2.5) lib/rack/sendfile.rb:110:in `call'
actionpack (6.1.7) lib/action_dispatch/middleware/host_authorization.rb:148:in `call'
rack-mini-profiler (2.3.4) lib/mini_profiler/profiler.rb:393:in `call'
webpacker (5.4.3) lib/webpacker/dev_server_proxy.rb:25:in `perform_request'
rack-proxy (0.7.4) lib/rack/proxy.rb:78:in `call'
railties (6.1.7) lib/rails/engine.rb:539:in `call'
puma (5.6.5) lib/puma/configuration.rb:252:in `call'
puma (5.6.5) lib/puma/request.rb:77:in `block in handle_request'
puma (5.6.5) lib/puma/thread_pool.rb:340:in `with_force_shutdown'
puma (5.6.5) lib/puma/request.rb:76:in `handle_request'
puma (5.6.5) lib/puma/server.rb:443:in `process_client'
puma (5.6.5) lib/puma/thread_pool.rb:147:in `block in spawn_thread'
Started GET "/home" for ::1 at 2023-01-02 15:10:14 +0700
  [1m[35m (1.1ms)[0m  [1m[34mSELECT sqlite_version(*)[0m
Processing by HomeController#index as HTML
  Rendering layout layouts/application.html.erb
  Rendering home/index.html.slim within layouts/application
  Rendered home/index.html.slim within layouts/application (Duration: 13.7ms | Allocations: 9727)
  Rendered layout layouts/application.html.erb (Duration: 25.5ms | Allocations: 14335)
Completed 200 OK in 42ms (Views: 29.2ms | ActiveRecord: 0.0ms | Allocations: 17610)


Started GET "/home" for ::1 at 2023-01-02 15:13:33 +0700
Processing by HomeController#index as HTML
  Rendering layout layouts/application.html.erb
  Rendering home/index.html.slim within layouts/application
  Rendered home/index.html.slim within layouts/application (Duration: 5.2ms | Allocations: 3303)
  Rendered layout layouts/application.html.erb (Duration: 10.4ms | Allocations: 5477)
Completed 200 OK in 14ms (Views: 12.7ms | ActiveRecord: 0.0ms | Allocations: 6840)


Started GET "/home" for ::1 at 2023-01-02 15:16:53 +0700
Processing by HomeController#index as HTML
  Rendering layout layouts/application.html.erb
  Rendering home/index.html.slim within layouts/application
  Rendered home/index.html.slim within layouts/application (Duration: 5.2ms | Allocations: 4124)
  Rendered layout layouts/application.html.erb (Duration: 8.6ms | Allocations: 6295)
Completed 200 OK in 12ms (Views: 10.6ms | Allocations: 7593)


Started GET "/home" for ::1 at 2023-01-02 15:17:05 +0700
Processing by HomeController#index as HTML
  Rendering layout layouts/application.html.erb
  Rendering home/index.html.slim within layouts/application
  Rendered home/index.html.slim within layouts/application (Duration: 5.3ms | Allocations: 5715)
  Rendered layout layouts/application.html.erb (Duration: 8.1ms | Allocations: 7877)
Completed 200 OK in 11ms (Views: 9.7ms | Allocations: 9170)


Started GET "/home" for ::1 at 2023-01-02 15:18:22 +0700
Processing by HomeController#index as HTML
  Rendering layout layouts/application.html.erb
  Rendering home/index.html.slim within layouts/application
  Rendered home/index.html.slim within layouts/application (Duration: 5.1ms | Allocations: 7053)
  Rendered layout layouts/application.html.erb (Duration: 8.0ms | Allocations: 9214)
Completed 200 OK in 11ms (Views: 10.0ms | Allocations: 10497)


Started GET "/home" for ::1 at 2023-01-02 15:23:35 +0700
  [1m[35m (0.4ms)[0m  [1m[34mSELECT sqlite_version(*)[0m
Processing by HomeController#index as HTML
Started GET "/home" for ::1 at 2023-01-02 15:23:35 +0700
  Rendering layout layouts/application.html.erb
  Rendering home/index.html.slim within layouts/application
Processing by HomeController#index as HTML
  Rendering layout layouts/application.html.erb
  Rendering home/index.html.slim within layouts/application
  Rendered home/index.html.slim within layouts/application (Duration: 14.2ms | Allocations: 16962)
  Rendered home/index.html.slim within layouts/application (Duration: 12.8ms | Allocations: 16443)
  Rendered layout layouts/application.html.erb (Duration: 81.1ms | Allocations: 24242)
  Rendered layout layouts/application.html.erb (Duration: 83.6ms | Allocations: 25374)
Completed 200 OK in 83ms (Views: 82.0ms | ActiveRecord: 0.0ms | Allocations: 24984)


Completed 200 OK in 98ms (Views: 87.2ms | ActiveRecord: 0.0ms | Allocations: 29775)


Started GET "/home" for ::1 at 2023-01-02 15:24:50 +0700
Processing by HomeController#index as HTML
  Rendering layout layouts/application.html.erb
  Rendering home/index.html.slim within layouts/application
  Rendered home/index.html.slim within layouts/application (Duration: 0.2ms | Allocations: 43)
  Rendered layout layouts/application.html.erb (Duration: 4.4ms | Allocations: 1933)
Completed 200 OK in 6ms (Views: 5.2ms | ActiveRecord: 0.0ms | Allocations: 2420)


Started GET "/home" for ::1 at 2023-01-02 15:24:51 +0700
Processing by HomeController#index as HTML
  Rendering layout layouts/application.html.erb
  Rendering home/index.html.slim within layouts/application
  Rendered home/index.html.slim within layouts/application (Duration: 0.1ms | Allocations: 38)
  Rendered layout layouts/application.html.erb (Duration: 2.7ms | Allocations: 1777)
Completed 200 OK in 4ms (Views: 3.3ms | ActiveRecord: 0.0ms | Allocations: 2161)


Started GET "/home" for ::1 at 2023-01-02 15:25:31 +0700
Processing by HomeController#index as HTML
  Rendering layout layouts/application.html.erb
  Rendering home/index.html.slim within layouts/application
  Rendered home/index.html.slim within layouts/application (Duration: 0.2ms | Allocations: 38)
  Rendered layout layouts/application.html.erb (Duration: 3.6ms | Allocations: 1781)
Completed 200 OK in 5ms (Views: 4.4ms | ActiveRecord: 0.0ms | Allocations: 2171)


Started GET "/home" for ::1 at 2023-01-02 15:30:10 +0700
Processing by HomeController#index as HTML
  Rendering layout layouts/application.html.erb
  Rendering home/index.html.slim within layouts/application
  Rendered home/index.html.slim within layouts/application (Duration: 0.1ms | Allocations: 38)
  Rendered layout layouts/application.html.erb (Duration: 2.5ms | Allocations: 1780)
Completed 200 OK in 4ms (Views: 3.0ms | Allocations: 2166)


Started GET "/home" for ::1 at 2023-01-02 15:30:30 +0700
Processing by HomeController#index as HTML
  Rendering layout layouts/application.html.erb
  Rendering home/index.html.slim within layouts/application
  Rendered home/index.html.slim within layouts/application (Duration: 7.8ms | Allocations: 8255)
  Rendered layout layouts/application.html.erb (Duration: 12.6ms | Allocations: 10420)
Completed 200 OK in 18ms (Views: 16.7ms | Allocations: 11693)


Started GET "/home" for ::1 at 2023-01-02 15:30:40 +0700
Processing by HomeController#index as HTML
  Rendering layout layouts/application.html.erb
  Rendering home/index.html.slim within layouts/application
  Rendered home/index.html.slim within layouts/application (Duration: 5.4ms | Allocations: 8489)
  Rendered layout layouts/application.html.erb (Duration: 8.1ms | Allocations: 10650)
Completed 200 OK in 11ms (Views: 9.9ms | Allocations: 11934)


Started GET "/home" for ::1 at 2023-01-02 15:30:41 +0700
Processing by HomeController#index as HTML
  Rendering layout layouts/application.html.erb
  Rendering home/index.html.slim within layouts/application
  Rendered home/index.html.slim within layouts/application (Duration: 0.2ms | Allocations: 38)
  Rendered layout layouts/application.html.erb (Duration: 3.7ms | Allocations: 1780)
Completed 200 OK in 5ms (Views: 4.5ms | Allocations: 2214)


Started GET "/home" for ::1 at 2023-01-02 15:31:15 +0700
Processing by HomeController#index as HTML
  Rendering layout layouts/application.html.erb
  Rendering home/index.html.slim within layouts/application
  Rendered home/index.html.slim within layouts/application (Duration: 12.9ms | Allocations: 24667)
  Rendered layout layouts/application.html.erb (Duration: 16.2ms | Allocations: 26828)
Completed 200 OK in 20ms (Views: 18.7ms | Allocations: 28063)


Started GET "/home" for ::1 at 2023-01-02 15:31:34 +0700
Processing by HomeController#index as HTML
  Rendering layout layouts/application.html.erb
  Rendering home/index.html.slim within layouts/application
  Rendered home/index.html.slim within layouts/application (Duration: 0.2ms | Allocations: 38)
  Rendered layout layouts/application.html.erb (Duration: 4.3ms | Allocations: 1786)
Completed 200 OK in 6ms (Views: 5.6ms | Allocations: 2216)


Started GET "/home" for ::1 at 2023-01-02 15:31:39 +0700
Processing by HomeController#index as HTML
  Rendering layout layouts/application.html.erb
  Rendering home/index.html.slim within layouts/application
  Rendered home/index.html.slim within layouts/application (Duration: 0.1ms | Allocations: 38)
  Rendered layout layouts/application.html.erb (Duration: 4.3ms | Allocations: 1777)
Completed 200 OK in 5ms (Views: 4.9ms | Allocations: 2159)


Started GET "/home" for ::1 at 2023-01-02 15:31:41 +0700
Processing by HomeController#index as HTML
  Rendering layout layouts/application.html.erb
  Rendering home/index.html.slim within layouts/application
  Rendered home/index.html.slim within layouts/application (Duration: 0.1ms | Allocations: 38)
  Rendered layout layouts/application.html.erb (Duration: 3.7ms | Allocations: 1778)
Completed 200 OK in 5ms (Views: 4.1ms | Allocations: 2158)


