  [1m[35m (2.9ms)[0m  [1m[35mCREATE TABLE "schema_migrations" ("version" varchar NOT NULL PRIMARY KEY)[0m
  [1m[35m (2.3ms)[0m  [1m[35mCREATE TABLE "ar_internal_metadata" ("key" varchar NOT NULL PRIMARY KEY, "value" varchar, "created_at" datetime(6) NOT NULL, "updated_at" datetime(6) NOT NULL)[0m
  [1m[36mActiveRecord::SchemaMigration Pluck (0.1ms)[0m  [1m[34mSELECT "schema_migrations"."version" FROM "schema_migrations" ORDER BY "schema_migrations"."version" ASC[0m
Migrating to CreateUsers (20221212144153)
  [1m[36mTRANSACTION (0.1ms)[0m  [1m[36mbegin transaction[0m
  [1m[35m (0.3ms)[0m  [1m[35mCREATE TABLE "users" ("id" integer PRIMARY KEY AUTOINCREMENT NOT NULL, "name" varchar, "email" varchar, "login" varchar, "created_at" datetime(6) NOT NULL, "updated_at" datetime(6) NOT NULL)[0m
  [1m[36mActiveRecord::SchemaMigration Create (0.2ms)[0m  [1m[32mINSERT INTO "schema_migrations" ("version") VALUES (?)[0m  [["version", "20221212144153"]]
  [1m[36mTRANSACTION (3.2ms)[0m  [1m[36mcommit transaction[0m
  [1m[36mActiveRecord::InternalMetadata Load (0.2ms)[0m  [1m[34mSELECT "ar_internal_metadata".* FROM "ar_internal_metadata" WHERE "ar_internal_metadata"."key" = ? LIMIT ?[0m  [["key", "environment"], ["LIMIT", 1]]
  [1m[36mTRANSACTION (0.1ms)[0m  [1m[36mbegin transaction[0m
  [1m[36mActiveRecord::InternalMetadata Create (0.3ms)[0m  [1m[32mINSERT INTO "ar_internal_metadata" ("key", "value", "created_at", "updated_at") VALUES (?, ?, ?, ?)[0m  [["key", "environment"], ["value", "development"], ["created_at", "2022-12-12 14:42:01.189686"], ["updated_at", "2022-12-12 14:42:01.189686"]]
  [1m[36mTRANSACTION (2.1ms)[0m  [1m[36mcommit transaction[0m
  [1m[36mActiveRecord::SchemaMigration Pluck (0.1ms)[0m  [1m[34mSELECT "schema_migrations"."version" FROM "schema_migrations" ORDER BY "schema_migrations"."version" ASC[0m
Started GET "/" for 127.0.0.1 at 2022-12-12 21:45:34 +0700
  [1m[36mActiveRecord::SchemaMigration Pluck (0.3ms)[0m  [1m[34mSELECT "schema_migrations"."version" FROM "schema_migrations" ORDER BY "schema_migrations"."version" ASC[0m
Processing by Rails::WelcomeController#index as HTML
  Rendering /home/johnny/.rvm/gems/ruby-3.1.2/gems/railties-7.0.4/lib/rails/templates/rails/welcome/index.html.erb
  Rendered /home/johnny/.rvm/gems/ruby-3.1.2/gems/railties-7.0.4/lib/rails/templates/rails/welcome/index.html.erb (Duration: 2.7ms | Allocations: 585)
Completed 200 OK in 21ms (Views: 9.5ms | ActiveRecord: 0.0ms | Allocations: 4664)


Started GET "/users" for ::1 at 2022-12-12 21:45:41 +0700
Processing by UsersController#index as HTML
  Rendering layout layouts/application.html.erb
  Rendering users/index.html.erb within layouts/application
  Rendered users/index.html.erb within layouts/application (Duration: 12.7ms | Allocations: 3127)
  Rendered layout layouts/application.html.erb (Duration: 13.1ms | Allocations: 3227)
Completed 500 Internal Server Error in 16ms (ActiveRecord: 0.0ms | Allocations: 4073)


  
ActionView::Template::Error (undefined method `each' for nil:NilClass

'.freeze;   @users.each do |user| 
                  ^^^^^):
    3: <h1>Users</h1>
    4: 
    5: <div id="users">
    6:   <% @users.each do |user| %>
    7:     <%= render user %>
    8:     <p>
    9:       <%= link_to "Show this user", user %>
  
app/views/users/index.html.erb:6
Started GET "/jdsids" for ::1 at 2022-12-12 21:45:51 +0700
  
ActionController::RoutingError (No route matches [GET] "/jdsids"):
  
Started GET "/users/new" for ::1 at 2022-12-12 21:46:06 +0700
Processing by UsersController#new as HTML
  Rendering layout layouts/application.html.erb
  Rendering users/new.html.erb within layouts/application
  Rendered users/_form.html.erb (Duration: 5.2ms | Allocations: 2325)
  Rendered users/new.html.erb within layouts/application (Duration: 6.8ms | Allocations: 2568)
  Rendered layout layouts/application.html.erb (Duration: 7.1ms | Allocations: 2647)
Completed 500 Internal Server Error in 9ms (ActiveRecord: 0.0ms | Allocations: 2913)


  
ActionView::Template::Error (undefined method `errors' for nil:NilClass

'.freeze;   if user.errors.any? 
                   ^^^^^^^):
    1: <%= form_with(model: user) do |form| %>
    2:   <% if user.errors.any? %>
    3:     <div style="color: red">
    4:       <h2><%= pluralize(user.errors.count, "error") %> prohibited this user from being saved:</h2>
    5: 
  
app/views/users/_form.html.erb:2
app/views/users/_form.html.erb:1
app/views/users/new.html.erb:3
Started GET "/jdisjds" for ::1 at 2022-12-12 21:46:17 +0700
  
ActionController::RoutingError (No route matches [GET] "/jdisjds"):
  
Started GET "/users/new" for ::1 at 2022-12-12 21:46:40 +0700
Processing by UsersController#new as HTML
  Rendering layout layouts/application.html.erb
  Rendering users/new.html.erb within layouts/application
  Rendered users/_form.html.erb (Duration: 3.4ms | Allocations: 1927)
  Rendered users/new.html.erb within layouts/application (Duration: 3.7ms | Allocations: 1989)
  Rendered layout layouts/application.html.erb (Duration: 4.0ms | Allocations: 2068)
Completed 500 Internal Server Error in 5ms (ActiveRecord: 0.0ms | Allocations: 2300)


  
ActionView::Template::Error (undefined method `errors' for nil:NilClass

'.freeze;   if user.errors.any? 
                   ^^^^^^^):
    1: <%= form_with(model: user) do |form| %>
    2:   <% if user.errors.any? %>
    3:     <div style="color: red">
    4:       <h2><%= pluralize(user.errors.count, "error") %> prohibited this user from being saved:</h2>
    5: 
  
app/views/users/_form.html.erb:2
app/views/users/_form.html.erb:1
app/views/users/new.html.erb:3
Started GET "/users/new" for ::1 at 2022-12-12 21:47:31 +0700
Processing by UsersController#new as HTML
  Rendering layout layouts/application.html.erb
  Rendering users/new.html.erb within layouts/application
  Rendered users/_form.html.erb (Duration: 51.4ms | Allocations: 11038)
  Rendered users/new.html.erb within layouts/application (Duration: 54.7ms | Allocations: 11373)
  Rendered layout layouts/application.html.erb (Duration: 342.4ms | Allocations: 100423)
Completed 200 OK in 350ms (Views: 347.2ms | ActiveRecord: 0.0ms | Allocations: 101117)


Started POST "/users/new" for ::1 at 2022-12-12 21:47:46 +0700
  
ActionController::RoutingError (No route matches [POST] "/users/new"):
  
Started GET "/users/new" for ::1 at 2022-12-12 21:47:46 +0700
Processing by UsersController#new as HTML
  Rendering layout layouts/application.html.erb
  Rendering users/new.html.erb within layouts/application
  Rendered users/_form.html.erb (Duration: 4.7ms | Allocations: 3838)
  Rendered users/new.html.erb within layouts/application (Duration: 5.1ms | Allocations: 3928)
  Rendered layout layouts/application.html.erb (Duration: 9.0ms | Allocations: 6224)
Completed 200 OK in 11ms (Views: 9.9ms | ActiveRecord: 0.0ms | Allocations: 6523)


Started GET "/users" for ::1 at 2022-12-12 21:48:09 +0700
Processing by UsersController#index as HTML
  Rendering layout layouts/application.html.erb
  Rendering users/index.html.erb within layouts/application
  Rendered users/index.html.erb within layouts/application (Duration: 4.6ms | Allocations: 2127)
  Rendered layout layouts/application.html.erb (Duration: 5.1ms | Allocations: 2206)
Completed 500 Internal Server Error in 7ms (ActiveRecord: 0.0ms | Allocations: 2443)


  
ActionView::Template::Error (undefined method `each' for nil:NilClass

'.freeze;   @users.each do |user| 
                  ^^^^^):
    3: <h1>Users</h1>
    4: 
    5: <div id="users">
    6:   <% @users.each do |user| %>
    7:     <%= render user %>
    8:     <p>
    9:       <%= link_to "Show this user", user %>
  
app/views/users/index.html.erb:6
Started GET "/users/new" for ::1 at 2022-12-12 21:48:14 +0700
Processing by UsersController#new as HTML
  Rendering layout layouts/application.html.erb
  Rendering users/new.html.erb within layouts/application
  Rendered users/_form.html.erb (Duration: 6.2ms | Allocations: 3768)
  Rendered users/new.html.erb within layouts/application (Duration: 6.8ms | Allocations: 3855)
  Rendered layout layouts/application.html.erb (Duration: 13.3ms | Allocations: 6050)
Completed 200 OK in 15ms (Views: 14.4ms | ActiveRecord: 0.0ms | Allocations: 6307)


  [1m[36mUser Load (0.4ms)[0m  [1m[34mSELECT "users".* FROM "users"[0m
Started POST "/users/new" for ::1 at 2022-12-12 21:48:39 +0700
  
ActionController::RoutingError (No route matches [POST] "/users/new"):
  
Started GET "/users/new" for ::1 at 2022-12-12 21:48:39 +0700
Processing by UsersController#new as HTML
  Rendering layout layouts/application.html.erb
  Rendering users/new.html.erb within layouts/application
  Rendered users/_form.html.erb (Duration: 4.0ms | Allocations: 3751)
  Rendered users/new.html.erb within layouts/application (Duration: 4.5ms | Allocations: 3838)
  Rendered layout layouts/application.html.erb (Duration: 10.4ms | Allocations: 6033)
Completed 200 OK in 12ms (Views: 11.3ms | ActiveRecord: 0.0ms | Allocations: 6290)


  [1m[36mUser Load (0.3ms)[0m  [1m[34mSELECT "users".* FROM "users"[0m
Started GET "/users/new" for ::1 at 2022-12-12 21:49:21 +0700
Processing by UsersController#new as HTML
  Rendering layout layouts/application.html.erb
  Rendering users/new.html.erb within layouts/application
  Rendered users/_form.html.erb (Duration: 4.9ms | Allocations: 4211)
  Rendered users/new.html.erb within layouts/application (Duration: 6.3ms | Allocations: 4524)
  Rendered layout layouts/application.html.erb (Duration: 12.3ms | Allocations: 7059)
Completed 200 OK in 15ms (Views: 14.6ms | ActiveRecord: 0.0ms | Allocations: 7735)


Started POST "/users/new" for ::1 at 2022-12-12 21:49:29 +0700
  
ActionController::RoutingError (No route matches [POST] "/users/new"):
  
Started GET "/users/new" for ::1 at 2022-12-12 21:49:29 +0700
Processing by UsersController#new as HTML
  Rendering layout layouts/application.html.erb
  Rendering users/new.html.erb within layouts/application
  Rendered users/_form.html.erb (Duration: 3.6ms | Allocations: 3769)
  Rendered users/new.html.erb within layouts/application (Duration: 4.1ms | Allocations: 3856)
  Rendered layout layouts/application.html.erb (Duration: 9.9ms | Allocations: 6051)
Completed 200 OK in 11ms (Views: 10.6ms | ActiveRecord: 0.0ms | Allocations: 6328)


  [1m[36mUser Load (0.2ms)[0m  [1m[34mSELECT "users".* FROM "users"[0m
